16:02:14 INFO  : Registering command handlers for SDK TCF services
16:02:16 INFO  : Launching XSCT server: xsct.bat -interactive D:\IIIT-D\Channel_Estimation\design_impl\LSDNN_4__WLO\LSDNN_4__WLO.sdk\temp_xsdb_launch_script.tcl
16:02:31 INFO  : XSCT server has started successfully.
16:02:31 INFO  : Successfully done setting XSCT server connection channel  
16:02:35 INFO  : Successfully done setting SDK workspace  
16:02:35 INFO  : Processing command line option -hwspec D:/IIIT-D/Channel_Estimation/design_impl/LSDNN_4__WLO/LSDNN_4__WLO.sdk/design_LSDNN_wrapper.hdf.
18:47:33 INFO  : Registering command handlers for SDK TCF services
18:47:35 INFO  : Launching XSCT server: xsct.bat -interactive D:\IIIT-D\Channel_Estimation\design_impl\LSDNN_4__WLO\LSDNN_4__WLO.sdk\temp_xsdb_launch_script.tcl
18:47:53 INFO  : XSCT server has started successfully.
18:47:53 INFO  : Successfully done setting XSCT server connection channel  
18:47:58 INFO  : Successfully done setting SDK workspace  
18:47:58 INFO  : Processing command line option -hwspec D:/IIIT-D/Channel_Estimation/design_impl/LSDNN_4__WLO/LSDNN_4__WLO.sdk/design_LSDNN_wrapper.hdf.
18:47:58 INFO  : Checking for hwspec changes in the project design_LSDNN_wrapper_hw_platform_0.
17:26:39 INFO  : Registering command handlers for SDK TCF services
17:26:41 INFO  : Launching XSCT server: xsct.bat -interactive D:\IIIT-D\Channel_Estimation\design_impl\LSDNN_4__WLO\LSDNN_4__WLO.sdk\temp_xsdb_launch_script.tcl
17:26:56 INFO  : XSCT server has started successfully.
17:26:56 INFO  : Successfully done setting XSCT server connection channel  
17:27:07 INFO  : Successfully done setting SDK workspace  
17:27:07 INFO  : Processing command line option -hwspec D:/IIIT-D/Channel_Estimation/design_impl/LSDNN_4__WLO/LSDNN_4__WLO.sdk/design_LSDNN_wrapper.hdf.
17:27:07 INFO  : Checking for hwspec changes in the project design_LSDNN_wrapper_hw_platform_0.
12:23:31 INFO  : Registering command handlers for SDK TCF services
12:23:33 INFO  : Launching XSCT server: xsct.bat -interactive D:\IIIT-D\Channel_Estimation\design_impl\LSDNN_4__WLO\LSDNN_4__WLO.sdk\temp_xsdb_launch_script.tcl
12:23:46 INFO  : XSCT server has started successfully.
12:23:46 INFO  : Successfully done setting XSCT server connection channel  
12:23:56 INFO  : Successfully done setting SDK workspace  
12:23:56 INFO  : Processing command line option -hwspec D:/IIIT-D/Channel_Estimation/design_impl/LSDNN_4__WLO/LSDNN_4__WLO.sdk/design_LSDNN_wrapper.hdf.
12:23:56 INFO  : Checking for hwspec changes in the project design_LSDNN_wrapper_hw_platform_0.
12:25:40 INFO  : Connected to target on host '192.168.33.155' and port '54321'.
15:02:41 INFO  : Registering command handlers for SDK TCF services
15:02:43 INFO  : Launching XSCT server: xsct.bat -interactive D:\IIIT-D\Channel_Estimation\design_impl\LSDNN_4__WLO\LSDNN_4__WLO.sdk\temp_xsdb_launch_script.tcl
15:02:55 INFO  : XSCT server has started successfully.
15:02:55 INFO  : Successfully done setting XSCT server connection channel  
15:03:05 INFO  : Successfully done setting SDK workspace  
15:03:05 INFO  : Processing command line option -hwspec D:/IIIT-D/Channel_Estimation/design_impl/LSDNN_4__WLO/LSDNN_4__WLO.sdk/design_LSDNN_wrapper.hdf.
15:03:05 INFO  : Checking for hwspec changes in the project design_LSDNN_wrapper_hw_platform_0.
15:06:34 INFO  : Registering command handlers for SDK TCF services
15:06:37 INFO  : Launching XSCT server: xsct.bat -interactive D:\IIIT-D\Channel_Estimation\design_impl\LSDNN_4__WLO\LSDNN_4__WLO.sdk\temp_xsdb_launch_script.tcl
15:06:59 INFO  : XSCT server has started successfully.
15:07:05 INFO  : Successfully done setting XSCT server connection channel  
15:07:05 INFO  : Successfully done setting SDK workspace  
15:07:05 INFO  : Processing command line option -hwspec D:/IIIT-D/Channel_Estimation/design_impl/LSDNN_4__WLO/LSDNN_4__WLO.sdk/design_LSDNN_wrapper.hdf.
15:07:06 INFO  : Checking for hwspec changes in the project design_LSDNN_wrapper_hw_platform_0.
15:13:07 INFO  : Connected through redirection to target on host '192.168.33.153' and port '3121'.
15:13:09 INFO  : Jtag cable 'Digilent Zed 210248A39C95' is selected.
15:13:09 INFO  : 'jtag frequency' command is executed.
15:13:09 INFO  : Sourcing of 'D:/IIIT-D/Channel_Estimation/design_impl/LSDNN_4__WLO/LSDNN_4__WLO.sdk/design_LSDNN_wrapper_hw_platform_0/ps7_init.tcl' is done.
15:13:09 INFO  : Context for 'APU' is selected.
15:13:09 INFO  : System reset is completed.
15:13:12 INFO  : 'after 3000' command is executed.
15:13:12 INFO  : 'targets -set -filter {jtag_cable_name =~ "Digilent Zed 210248A39C95" && level==0} -index 1' command is executed.
15:13:15 INFO  : FPGA configured successfully with bitstream "D:/IIIT-D/Channel_Estimation/design_impl/LSDNN_4__WLO/LSDNN_4__WLO.sdk/design_LSDNN_wrapper_hw_platform_0/design_LSDNN_wrapper.bit"
15:13:16 INFO  : Context for 'APU' is selected.
15:13:16 INFO  : Hardware design information is loaded from 'D:/IIIT-D/Channel_Estimation/design_impl/LSDNN_4__WLO/LSDNN_4__WLO.sdk/design_LSDNN_wrapper_hw_platform_0/system.hdf'.
15:13:16 INFO  : 'configparams force-mem-access 1' command is executed.
15:13:16 INFO  : Context for 'APU' is selected.
15:13:20 INFO  : 'ps7_init' command is executed.
15:13:20 INFO  : 'ps7_post_config' command is executed.
15:13:20 INFO  : Context for processor 'ps7_cortexa9_0' is selected.
15:13:23 INFO  : The application 'D:/IIIT-D/Channel_Estimation/design_impl/LSDNN_4__WLO/LSDNN_4__WLO.sdk/LSDNN_SDK/Debug/LSDNN_SDK.elf' is downloaded to processor 'ps7_cortexa9_0'.
15:13:23 INFO  : 'configparams force-mem-access 0' command is executed.
15:13:23 INFO  : ----------------XSDB Script----------------
connect -path [list tcp::1534 tcp:192.168.33.153:3121]
source D:/IIIT-D/Channel_Estimation/design_impl/LSDNN_4__WLO/LSDNN_4__WLO.sdk/design_LSDNN_wrapper_hw_platform_0/ps7_init.tcl
targets -set -nocase -filter {name =~"APU*" && jtag_cable_name =~ "Digilent Zed 210248A39C95"} -index 0
rst -system
after 3000
targets -set -filter {jtag_cable_name =~ "Digilent Zed 210248A39C95" && level==0} -index 1
fpga -file D:/IIIT-D/Channel_Estimation/design_impl/LSDNN_4__WLO/LSDNN_4__WLO.sdk/design_LSDNN_wrapper_hw_platform_0/design_LSDNN_wrapper.bit
targets -set -nocase -filter {name =~"APU*" && jtag_cable_name =~ "Digilent Zed 210248A39C95"} -index 0
loadhw -hw D:/IIIT-D/Channel_Estimation/design_impl/LSDNN_4__WLO/LSDNN_4__WLO.sdk/design_LSDNN_wrapper_hw_platform_0/system.hdf -mem-ranges [list {0x40000000 0xbfffffff}]
configparams force-mem-access 1
targets -set -nocase -filter {name =~"APU*" && jtag_cable_name =~ "Digilent Zed 210248A39C95"} -index 0
ps7_init
ps7_post_config
targets -set -nocase -filter {name =~ "ARM*#0" && jtag_cable_name =~ "Digilent Zed 210248A39C95"} -index 0
dow D:/IIIT-D/Channel_Estimation/design_impl/LSDNN_4__WLO/LSDNN_4__WLO.sdk/LSDNN_SDK/Debug/LSDNN_SDK.elf
configparams force-mem-access 0
----------------End of Script----------------

15:13:23 INFO  : Memory regions updated for context APU
15:13:23 INFO  : Context for processor 'ps7_cortexa9_0' is selected.
15:13:24 INFO  : 'con' command is executed.
15:13:24 INFO  : ----------------XSDB Script (After Launch)----------------
targets -set -nocase -filter {name =~ "ARM*#0" && jtag_cable_name =~ "Digilent Zed 210248A39C95"} -index 0
con
----------------End of Script----------------

15:13:24 INFO  : Launch script is exported to file 'D:\IIIT-D\Channel_Estimation\design_impl\LSDNN_4__WLO\LSDNN_4__WLO.sdk\.sdk\launch_scripts\xilinx_c-c++_application_(system_debugger)\system_debugger_using_debug_lsdnn_sdk.elf_on_zedboard.tcl'
15:13:48 INFO  : Disconnected from the channel tcfchan#1.
15:14:47 INFO  : Refreshed build settings on project LSDNN_SDK
15:16:23 INFO  : Connected through redirection to target on host '192.168.33.153' and port '3121'.
15:16:24 INFO  : Jtag cable 'Digilent Zed 210248A39C95' is selected.
15:16:24 INFO  : 'jtag frequency' command is executed.
15:16:24 INFO  : Sourcing of 'D:/IIIT-D/Channel_Estimation/design_impl/LSDNN_4__WLO/LSDNN_4__WLO.sdk/design_LSDNN_wrapper_hw_platform_0/ps7_init.tcl' is done.
15:16:24 INFO  : Context for 'APU' is selected.
15:16:24 INFO  : System reset is completed.
15:16:27 INFO  : 'after 3000' command is executed.
15:16:28 INFO  : 'targets -set -filter {jtag_cable_name =~ "Digilent Zed 210248A39C95" && level==0} -index 1' command is executed.
15:16:31 INFO  : FPGA configured successfully with bitstream "D:/IIIT-D/Channel_Estimation/design_impl/LSDNN_4__WLO/LSDNN_4__WLO.sdk/design_LSDNN_wrapper_hw_platform_0/design_LSDNN_wrapper.bit"
15:16:31 INFO  : Context for 'APU' is selected.
15:16:31 INFO  : Hardware design information is loaded from 'D:/IIIT-D/Channel_Estimation/design_impl/LSDNN_4__WLO/LSDNN_4__WLO.sdk/design_LSDNN_wrapper_hw_platform_0/system.hdf'.
15:16:31 INFO  : 'configparams force-mem-access 1' command is executed.
15:16:31 INFO  : Context for 'APU' is selected.
15:16:36 INFO  : 'ps7_init' command is executed.
15:16:36 INFO  : 'ps7_post_config' command is executed.
15:16:37 INFO  : Context for processor 'ps7_cortexa9_0' is selected.
15:16:39 INFO  : The application 'D:/IIIT-D/Channel_Estimation/design_impl/LSDNN_4__WLO/LSDNN_4__WLO.sdk/LSDNN_SDK/Debug/LSDNN_SDK.elf' is downloaded to processor 'ps7_cortexa9_0'.
15:16:39 INFO  : 'configparams force-mem-access 0' command is executed.
15:16:39 INFO  : ----------------XSDB Script----------------
connect -path [list tcp::1534 tcp:192.168.33.153:3121]
source D:/IIIT-D/Channel_Estimation/design_impl/LSDNN_4__WLO/LSDNN_4__WLO.sdk/design_LSDNN_wrapper_hw_platform_0/ps7_init.tcl
targets -set -nocase -filter {name =~"APU*" && jtag_cable_name =~ "Digilent Zed 210248A39C95"} -index 0
rst -system
after 3000
targets -set -filter {jtag_cable_name =~ "Digilent Zed 210248A39C95" && level==0} -index 1
fpga -file D:/IIIT-D/Channel_Estimation/design_impl/LSDNN_4__WLO/LSDNN_4__WLO.sdk/design_LSDNN_wrapper_hw_platform_0/design_LSDNN_wrapper.bit
targets -set -nocase -filter {name =~"APU*" && jtag_cable_name =~ "Digilent Zed 210248A39C95"} -index 0
loadhw -hw D:/IIIT-D/Channel_Estimation/design_impl/LSDNN_4__WLO/LSDNN_4__WLO.sdk/design_LSDNN_wrapper_hw_platform_0/system.hdf -mem-ranges [list {0x40000000 0xbfffffff}]
configparams force-mem-access 1
targets -set -nocase -filter {name =~"APU*" && jtag_cable_name =~ "Digilent Zed 210248A39C95"} -index 0
ps7_init
ps7_post_config
targets -set -nocase -filter {name =~ "ARM*#0" && jtag_cable_name =~ "Digilent Zed 210248A39C95"} -index 0
dow D:/IIIT-D/Channel_Estimation/design_impl/LSDNN_4__WLO/LSDNN_4__WLO.sdk/LSDNN_SDK/Debug/LSDNN_SDK.elf
configparams force-mem-access 0
----------------End of Script----------------

15:16:39 INFO  : Memory regions updated for context APU
15:16:39 INFO  : Context for processor 'ps7_cortexa9_0' is selected.
15:16:40 INFO  : 'con' command is executed.
15:16:40 INFO  : ----------------XSDB Script (After Launch)----------------
targets -set -nocase -filter {name =~ "ARM*#0" && jtag_cable_name =~ "Digilent Zed 210248A39C95"} -index 0
con
----------------End of Script----------------

15:16:40 INFO  : Launch script is exported to file 'D:\IIIT-D\Channel_Estimation\design_impl\LSDNN_4__WLO\LSDNN_4__WLO.sdk\.sdk\launch_scripts\xilinx_c-c++_application_(system_debugger)\system_debugger_using_debug_lsdnn_sdk.elf_on_zedboard.tcl'
15:33:59 INFO  : Disconnected from the channel tcfchan#2.
17:31:04 INFO  : Launching XSCT server: xsct.bat -interactive D:\IIIT-D\Channel_Estimation\design_impl\LSDNN_4__WLO\LSDNN_4__WLO.sdk\temp_xsdb_launch_script.tcl
17:31:19 INFO  : XSCT server has started successfully.
17:31:22 INFO  : Successfully done setting XSCT server connection channel  
17:31:22 INFO  : Successfully done setting SDK workspace  
17:31:43 INFO  : Registering command handlers for SDK TCF services
17:31:43 INFO  : Processing command line option -hwspec D:/IIIT-D/Channel_Estimation/design_impl/LSDNN_4__WLO/LSDNN_4__WLO.sdk/design_LSDNN_wrapper.hdf.
17:31:44 INFO  : Checking for hwspec changes in the project design_LSDNN_wrapper_hw_platform_0.
17:33:56 INFO  : Connected through redirection to target on host '192.168.33.153' and port '3121'.
17:33:57 INFO  : Jtag cable 'Digilent Zed 210248A39C95' is selected.
17:33:57 INFO  : 'jtag frequency' command is executed.
17:33:57 INFO  : Sourcing of 'D:/IIIT-D/Channel_Estimation/design_impl/LSDNN_4__WLO/LSDNN_4__WLO.sdk/design_LSDNN_wrapper_hw_platform_0/ps7_init.tcl' is done.
17:33:58 INFO  : Context for 'APU' is selected.
17:33:58 INFO  : System reset is completed.
17:34:01 INFO  : 'after 3000' command is executed.
17:34:01 INFO  : 'targets -set -filter {jtag_cable_name =~ "Digilent Zed 210248A39C95" && level==0} -index 1' command is executed.
17:34:11 INFO  : FPGA configured successfully with bitstream "D:/IIIT-D/Channel_Estimation/design_impl/LSDNN_4__WLO/LSDNN_4__WLO.sdk/design_LSDNN_wrapper_hw_platform_0/design_LSDNN_wrapper.bit"
17:34:11 INFO  : Context for 'APU' is selected.
17:34:11 INFO  : Hardware design information is loaded from 'D:/IIIT-D/Channel_Estimation/design_impl/LSDNN_4__WLO/LSDNN_4__WLO.sdk/design_LSDNN_wrapper_hw_platform_0/system.hdf'.
17:34:11 INFO  : 'configparams force-mem-access 1' command is executed.
17:34:11 INFO  : Context for 'APU' is selected.
17:34:16 INFO  : 'ps7_init' command is executed.
17:34:16 INFO  : 'ps7_post_config' command is executed.
17:34:16 INFO  : Context for processor 'ps7_cortexa9_0' is selected.
17:34:19 INFO  : The application 'D:/IIIT-D/Channel_Estimation/design_impl/LSDNN_4__WLO/LSDNN_4__WLO.sdk/LSDNN_SDK/Debug/LSDNN_SDK.elf' is downloaded to processor 'ps7_cortexa9_0'.
17:34:19 INFO  : 'configparams force-mem-access 0' command is executed.
17:34:19 INFO  : ----------------XSDB Script----------------
connect -path [list tcp::1534 tcp:192.168.33.153:3121]
source D:/IIIT-D/Channel_Estimation/design_impl/LSDNN_4__WLO/LSDNN_4__WLO.sdk/design_LSDNN_wrapper_hw_platform_0/ps7_init.tcl
targets -set -nocase -filter {name =~"APU*" && jtag_cable_name =~ "Digilent Zed 210248A39C95"} -index 0
rst -system
after 3000
targets -set -filter {jtag_cable_name =~ "Digilent Zed 210248A39C95" && level==0} -index 1
fpga -file D:/IIIT-D/Channel_Estimation/design_impl/LSDNN_4__WLO/LSDNN_4__WLO.sdk/design_LSDNN_wrapper_hw_platform_0/design_LSDNN_wrapper.bit
targets -set -nocase -filter {name =~"APU*" && jtag_cable_name =~ "Digilent Zed 210248A39C95"} -index 0
loadhw -hw D:/IIIT-D/Channel_Estimation/design_impl/LSDNN_4__WLO/LSDNN_4__WLO.sdk/design_LSDNN_wrapper_hw_platform_0/system.hdf -mem-ranges [list {0x40000000 0xbfffffff}]
configparams force-mem-access 1
targets -set -nocase -filter {name =~"APU*" && jtag_cable_name =~ "Digilent Zed 210248A39C95"} -index 0
ps7_init
ps7_post_config
targets -set -nocase -filter {name =~ "ARM*#0" && jtag_cable_name =~ "Digilent Zed 210248A39C95"} -index 0
dow D:/IIIT-D/Channel_Estimation/design_impl/LSDNN_4__WLO/LSDNN_4__WLO.sdk/LSDNN_SDK/Debug/LSDNN_SDK.elf
configparams force-mem-access 0
----------------End of Script----------------

17:34:20 INFO  : Memory regions updated for context APU
17:34:20 INFO  : Context for processor 'ps7_cortexa9_0' is selected.
17:34:20 INFO  : 'con' command is executed.
17:34:20 INFO  : ----------------XSDB Script (After Launch)----------------
targets -set -nocase -filter {name =~ "ARM*#0" && jtag_cable_name =~ "Digilent Zed 210248A39C95"} -index 0
con
----------------End of Script----------------

17:34:20 INFO  : Launch script is exported to file 'D:\IIIT-D\Channel_Estimation\design_impl\LSDNN_4__WLO\LSDNN_4__WLO.sdk\.sdk\launch_scripts\xilinx_c-c++_application_(system_debugger)\system_debugger_using_debug_lsdnn_sdk.elf_on_zedboard.tcl'
20:12:27 INFO  : Disconnected from the channel tcfchan#1.
14:48:42 INFO  : Registering command handlers for SDK TCF services
14:48:46 INFO  : Launching XSCT server: xsct.bat -interactive D:\IIIT-D\Channel_Estimation\design_impl\LSDNN_4__WLO\LSDNN_4__WLO.sdk\temp_xsdb_launch_script.tcl
14:49:08 INFO  : XSCT server has started successfully.
14:49:08 INFO  : Successfully done setting XSCT server connection channel  
14:49:13 INFO  : Successfully done setting SDK workspace  
14:49:13 INFO  : Processing command line option -hwspec D:/IIIT-D/Channel_Estimation/design_impl/LSDNN_4__WLO/LSDNN_4__WLO.sdk/design_LSDNN_wrapper.hdf.
14:49:14 INFO  : Checking for hwspec changes in the project design_LSDNN_wrapper_hw_platform_0.
14:49:38 INFO  : SDK has detected change in the last modified timestamps for source hardware specification file Source:1660641058626,  Project:1659262954251
14:49:38 INFO  : The hardware specification for project 'design_LSDNN_wrapper_hw_platform_0' is different from D:/IIIT-D/Channel_Estimation/design_impl/LSDNN_4__WLO/LSDNN_4__WLO.sdk/design_LSDNN_wrapper.hdf.
14:49:40 INFO  : Copied contents of D:/IIIT-D/Channel_Estimation/design_impl/LSDNN_4__WLO/LSDNN_4__WLO.sdk/design_LSDNN_wrapper.hdf into \design_LSDNN_wrapper_hw_platform_0\system.hdf.
14:49:48 INFO  : Synchronizing projects in the workspace with the hardware platform specification changes.
14:50:12 INFO  : 
14:50:13 INFO  : Updating hardware inferred compiler options for LSDNN_SDK.
14:50:13 INFO  : Clearing existing target manager status.
14:55:29 INFO  : Connected through redirection to target on host '192.168.33.153' and port '3121'.
14:55:34 INFO  : Jtag cable 'Digilent Zed 210248A39C95' is selected.
14:55:35 INFO  : 'jtag frequency' command is executed.
14:55:35 INFO  : Sourcing of 'D:/IIIT-D/Channel_Estimation/design_impl/LSDNN_4__WLO/LSDNN_4__WLO.sdk/design_LSDNN_wrapper_hw_platform_0/ps7_init.tcl' is done.
14:55:35 INFO  : Context for 'APU' is selected.
14:55:36 INFO  : System reset is completed.
14:55:39 INFO  : 'after 3000' command is executed.
14:55:44 INFO  : 'targets -set -filter {jtag_cable_name =~ "Digilent Zed 210248A39C95" && level==0} -index 1' command is executed.
15:00:41 INFO  : FPGA configured successfully with bitstream "D:/IIIT-D/Channel_Estimation/design_impl/LSDNN_4__WLO/LSDNN_4__WLO.sdk/design_LSDNN_wrapper_hw_platform_0/design_LSDNN_wrapper.bit"
15:00:43 INFO  : Context for 'APU' is selected.
15:00:45 INFO  : Hardware design information is loaded from 'D:/IIIT-D/Channel_Estimation/design_impl/LSDNN_4__WLO/LSDNN_4__WLO.sdk/design_LSDNN_wrapper_hw_platform_0/system.hdf'.
15:00:46 INFO  : 'configparams force-mem-access 1' command is executed.
15:00:46 INFO  : Context for 'APU' is selected.
15:02:32 INFO  : 'ps7_init' command is executed.
15:02:35 INFO  : 'ps7_post_config' command is executed.
15:02:35 INFO  : Context for processor 'ps7_cortexa9_0' is selected.
15:03:20 INFO  : The application 'D:/IIIT-D/Channel_Estimation/design_impl/LSDNN_4__WLO/LSDNN_4__WLO.sdk/LSDNN_SDK/Debug/LSDNN_SDK.elf' is downloaded to processor 'ps7_cortexa9_0'.
15:03:21 INFO  : 'configparams force-mem-access 0' command is executed.
15:03:21 INFO  : ----------------XSDB Script----------------
connect -path [list tcp::1534 tcp:192.168.33.153:3121]
source D:/IIIT-D/Channel_Estimation/design_impl/LSDNN_4__WLO/LSDNN_4__WLO.sdk/design_LSDNN_wrapper_hw_platform_0/ps7_init.tcl
targets -set -nocase -filter {name =~"APU*" && jtag_cable_name =~ "Digilent Zed 210248A39C95"} -index 0
rst -system
after 3000
targets -set -filter {jtag_cable_name =~ "Digilent Zed 210248A39C95" && level==0} -index 1
fpga -file D:/IIIT-D/Channel_Estimation/design_impl/LSDNN_4__WLO/LSDNN_4__WLO.sdk/design_LSDNN_wrapper_hw_platform_0/design_LSDNN_wrapper.bit
targets -set -nocase -filter {name =~"APU*" && jtag_cable_name =~ "Digilent Zed 210248A39C95"} -index 0
loadhw -hw D:/IIIT-D/Channel_Estimation/design_impl/LSDNN_4__WLO/LSDNN_4__WLO.sdk/design_LSDNN_wrapper_hw_platform_0/system.hdf -mem-ranges [list {0x40000000 0xbfffffff}]
configparams force-mem-access 1
targets -set -nocase -filter {name =~"APU*" && jtag_cable_name =~ "Digilent Zed 210248A39C95"} -index 0
ps7_init
ps7_post_config
targets -set -nocase -filter {name =~ "ARM*#0" && jtag_cable_name =~ "Digilent Zed 210248A39C95"} -index 0
dow D:/IIIT-D/Channel_Estimation/design_impl/LSDNN_4__WLO/LSDNN_4__WLO.sdk/LSDNN_SDK/Debug/LSDNN_SDK.elf
configparams force-mem-access 0
----------------End of Script----------------

15:03:29 INFO  : Memory regions updated for context APU
15:03:30 INFO  : Context for processor 'ps7_cortexa9_0' is selected.
15:03:30 INFO  : 'con' command is executed.
15:03:30 INFO  : ----------------XSDB Script (After Launch)----------------
targets -set -nocase -filter {name =~ "ARM*#0" && jtag_cable_name =~ "Digilent Zed 210248A39C95"} -index 0
con
----------------End of Script----------------

15:03:30 INFO  : Launch script is exported to file 'D:\IIIT-D\Channel_Estimation\design_impl\LSDNN_4__WLO\LSDNN_4__WLO.sdk\.sdk\launch_scripts\xilinx_c-c++_application_(system_debugger)\system_debugger_using_debug_lsdnn_sdk.elf_on_zedboard.tcl'
16:15:48 INFO  : Disconnected from the channel tcfchan#1.
14:09:11 INFO  : Launching XSCT server: xsct.bat -interactive D:\IIIT-D\Channel_Estimation\design_impl\LSDNN_4__WLO\LSDNN_4__WLO.sdk\temp_xsdb_launch_script.tcl
14:09:11 INFO  : Registering command handlers for SDK TCF services
14:09:30 INFO  : XSCT server has started successfully.
14:09:30 INFO  : Successfully done setting XSCT server connection channel  
14:09:33 INFO  : Successfully done setting SDK workspace  
14:09:33 INFO  : Processing command line option -hwspec D:/IIIT-D/Channel_Estimation/design_impl/LSDNN_4__WLO/LSDNN_4__WLO.sdk/design_LSDNN_wrapper.hdf.
14:09:33 INFO  : Checking for hwspec changes in the project design_LSDNN_wrapper_hw_platform_0.
14:11:15 INFO  : Connected through redirection to target on host '192.168.33.153' and port '3121'.
14:11:17 INFO  : Jtag cable 'Digilent Zed 210248A39C95' is selected.
14:11:17 INFO  : 'jtag frequency' command is executed.
14:11:17 INFO  : Sourcing of 'D:/IIIT-D/Channel_Estimation/design_impl/LSDNN_4__WLO/LSDNN_4__WLO.sdk/design_LSDNN_wrapper_hw_platform_0/ps7_init.tcl' is done.
14:11:17 INFO  : Context for 'APU' is selected.
14:11:18 INFO  : System reset is completed.
14:11:21 INFO  : 'after 3000' command is executed.
14:11:21 INFO  : 'targets -set -filter {jtag_cable_name =~ "Digilent Zed 210248A39C95" && level==0} -index 1' command is executed.
14:11:28 INFO  : FPGA configured successfully with bitstream "D:/IIIT-D/Channel_Estimation/design_impl/LSDNN_4__WLO/LSDNN_4__WLO.sdk/design_LSDNN_wrapper_hw_platform_0/design_LSDNN_wrapper.bit"
14:11:28 INFO  : Context for 'APU' is selected.
14:11:28 INFO  : Hardware design information is loaded from 'D:/IIIT-D/Channel_Estimation/design_impl/LSDNN_4__WLO/LSDNN_4__WLO.sdk/design_LSDNN_wrapper_hw_platform_0/system.hdf'.
14:11:28 INFO  : 'configparams force-mem-access 1' command is executed.
14:11:28 INFO  : Context for 'APU' is selected.
14:11:33 INFO  : 'ps7_init' command is executed.
14:11:33 INFO  : 'ps7_post_config' command is executed.
14:11:33 INFO  : Context for processor 'ps7_cortexa9_0' is selected.
14:11:36 INFO  : The application 'D:/IIIT-D/Channel_Estimation/design_impl/LSDNN_4__WLO/LSDNN_4__WLO.sdk/LSDNN_SDK/Debug/LSDNN_SDK.elf' is downloaded to processor 'ps7_cortexa9_0'.
14:11:36 INFO  : 'configparams force-mem-access 0' command is executed.
14:11:36 INFO  : ----------------XSDB Script----------------
connect -path [list tcp::1534 tcp:192.168.33.153:3121]
source D:/IIIT-D/Channel_Estimation/design_impl/LSDNN_4__WLO/LSDNN_4__WLO.sdk/design_LSDNN_wrapper_hw_platform_0/ps7_init.tcl
targets -set -nocase -filter {name =~"APU*" && jtag_cable_name =~ "Digilent Zed 210248A39C95"} -index 0
rst -system
after 3000
targets -set -filter {jtag_cable_name =~ "Digilent Zed 210248A39C95" && level==0} -index 1
fpga -file D:/IIIT-D/Channel_Estimation/design_impl/LSDNN_4__WLO/LSDNN_4__WLO.sdk/design_LSDNN_wrapper_hw_platform_0/design_LSDNN_wrapper.bit
targets -set -nocase -filter {name =~"APU*" && jtag_cable_name =~ "Digilent Zed 210248A39C95"} -index 0
loadhw -hw D:/IIIT-D/Channel_Estimation/design_impl/LSDNN_4__WLO/LSDNN_4__WLO.sdk/design_LSDNN_wrapper_hw_platform_0/system.hdf -mem-ranges [list {0x40000000 0xbfffffff}]
configparams force-mem-access 1
targets -set -nocase -filter {name =~"APU*" && jtag_cable_name =~ "Digilent Zed 210248A39C95"} -index 0
ps7_init
ps7_post_config
targets -set -nocase -filter {name =~ "ARM*#0" && jtag_cable_name =~ "Digilent Zed 210248A39C95"} -index 0
dow D:/IIIT-D/Channel_Estimation/design_impl/LSDNN_4__WLO/LSDNN_4__WLO.sdk/LSDNN_SDK/Debug/LSDNN_SDK.elf
configparams force-mem-access 0
----------------End of Script----------------

14:11:36 INFO  : Memory regions updated for context APU
14:11:37 INFO  : Context for processor 'ps7_cortexa9_0' is selected.
14:11:37 INFO  : 'con' command is executed.
14:11:37 INFO  : ----------------XSDB Script (After Launch)----------------
targets -set -nocase -filter {name =~ "ARM*#0" && jtag_cable_name =~ "Digilent Zed 210248A39C95"} -index 0
con
----------------End of Script----------------

14:11:37 INFO  : Launch script is exported to file 'D:\IIIT-D\Channel_Estimation\design_impl\LSDNN_4__WLO\LSDNN_4__WLO.sdk\.sdk\launch_scripts\xilinx_c-c++_application_(system_debugger)\system_debugger_using_debug_lsdnn_sdk.elf_on_zedboard.tcl'
14:17:20 INFO  : Disconnected from the channel tcfchan#1.
14:18:47 INFO  : Connected through redirection to target on host '192.168.33.153' and port '3121'.
14:18:48 INFO  : Jtag cable 'Digilent Zed 210248A39C95' is selected.
14:18:48 INFO  : 'jtag frequency' command is executed.
14:18:48 INFO  : Sourcing of 'D:/IIIT-D/Channel_Estimation/design_impl/LSDNN_4__WLO/LSDNN_4__WLO.sdk/design_LSDNN_wrapper_hw_platform_0/ps7_init.tcl' is done.
14:18:48 INFO  : Context for 'APU' is selected.
14:18:48 INFO  : System reset is completed.
14:18:51 INFO  : 'after 3000' command is executed.
14:18:51 INFO  : 'targets -set -filter {jtag_cable_name =~ "Digilent Zed 210248A39C95" && level==0} -index 1' command is executed.
14:18:58 INFO  : FPGA configured successfully with bitstream "D:/IIIT-D/Channel_Estimation/design_impl/LSDNN_4__WLO/LSDNN_4__WLO.sdk/design_LSDNN_wrapper_hw_platform_0/design_LSDNN_wrapper.bit"
14:18:58 INFO  : Context for 'APU' is selected.
14:19:06 INFO  : Hardware design information is loaded from 'D:/IIIT-D/Channel_Estimation/design_impl/LSDNN_4__WLO/LSDNN_4__WLO.sdk/design_LSDNN_wrapper_hw_platform_0/system.hdf'.
14:19:06 INFO  : 'configparams force-mem-access 1' command is executed.
14:19:06 INFO  : Context for 'APU' is selected.
14:19:12 INFO  : 'ps7_init' command is executed.
14:19:12 INFO  : 'ps7_post_config' command is executed.
14:19:12 INFO  : Context for processor 'ps7_cortexa9_0' is selected.
14:19:15 INFO  : The application 'D:/IIIT-D/Channel_Estimation/design_impl/LSDNN_4__WLO/LSDNN_4__WLO.sdk/LSDNN_SDK/Debug/LSDNN_SDK.elf' is downloaded to processor 'ps7_cortexa9_0'.
14:19:15 INFO  : 'configparams force-mem-access 0' command is executed.
14:19:15 INFO  : ----------------XSDB Script----------------
connect -path [list tcp::1534 tcp:192.168.33.153:3121]
source D:/IIIT-D/Channel_Estimation/design_impl/LSDNN_4__WLO/LSDNN_4__WLO.sdk/design_LSDNN_wrapper_hw_platform_0/ps7_init.tcl
targets -set -nocase -filter {name =~"APU*" && jtag_cable_name =~ "Digilent Zed 210248A39C95"} -index 0
rst -system
after 3000
targets -set -filter {jtag_cable_name =~ "Digilent Zed 210248A39C95" && level==0} -index 1
fpga -file D:/IIIT-D/Channel_Estimation/design_impl/LSDNN_4__WLO/LSDNN_4__WLO.sdk/design_LSDNN_wrapper_hw_platform_0/design_LSDNN_wrapper.bit
targets -set -nocase -filter {name =~"APU*" && jtag_cable_name =~ "Digilent Zed 210248A39C95"} -index 0
loadhw -hw D:/IIIT-D/Channel_Estimation/design_impl/LSDNN_4__WLO/LSDNN_4__WLO.sdk/design_LSDNN_wrapper_hw_platform_0/system.hdf -mem-ranges [list {0x40000000 0xbfffffff}]
configparams force-mem-access 1
targets -set -nocase -filter {name =~"APU*" && jtag_cable_name =~ "Digilent Zed 210248A39C95"} -index 0
ps7_init
ps7_post_config
targets -set -nocase -filter {name =~ "ARM*#0" && jtag_cable_name =~ "Digilent Zed 210248A39C95"} -index 0
dow D:/IIIT-D/Channel_Estimation/design_impl/LSDNN_4__WLO/LSDNN_4__WLO.sdk/LSDNN_SDK/Debug/LSDNN_SDK.elf
configparams force-mem-access 0
----------------End of Script----------------

14:19:16 INFO  : Memory regions updated for context APU
14:19:16 INFO  : Context for processor 'ps7_cortexa9_0' is selected.
14:19:16 INFO  : 'con' command is executed.
14:19:16 INFO  : ----------------XSDB Script (After Launch)----------------
targets -set -nocase -filter {name =~ "ARM*#0" && jtag_cable_name =~ "Digilent Zed 210248A39C95"} -index 0
con
----------------End of Script----------------

14:19:16 INFO  : Launch script is exported to file 'D:\IIIT-D\Channel_Estimation\design_impl\LSDNN_4__WLO\LSDNN_4__WLO.sdk\.sdk\launch_scripts\xilinx_c-c++_application_(system_debugger)\system_debugger_using_debug_lsdnn_sdk.elf_on_zedboard.tcl'
14:34:08 INFO  : Disconnected from the channel tcfchan#2.
16:56:02 INFO  : Launching XSCT server: xsct.bat -interactive D:\IIIT-D\Channel_Estimation\design_impl\LSDNN_4__WLO\LSDNN_4__WLO.sdk\temp_xsdb_launch_script.tcl
16:56:02 INFO  : Registering command handlers for SDK TCF services
16:56:17 INFO  : XSCT server has started successfully.
16:56:20 INFO  : Successfully done setting XSCT server connection channel  
16:56:20 INFO  : Processing command line option -hwspec D:/IIIT-D/Channel_Estimation/design_impl/LSDNN_4__WLO/LSDNN_4__WLO.sdk/design_LSDNN_wrapper.hdf.
16:56:20 INFO  : Successfully done setting SDK workspace  
16:56:20 INFO  : Checking for hwspec changes in the project design_LSDNN_wrapper_hw_platform_0.
16:56:34 INFO  : SDK has detected change in the last modified timestamps for source hardware specification file Source:1660733960561,  Project:1660641058626
16:56:34 INFO  : The hardware specification for project 'design_LSDNN_wrapper_hw_platform_0' is different from D:/IIIT-D/Channel_Estimation/design_impl/LSDNN_4__WLO/LSDNN_4__WLO.sdk/design_LSDNN_wrapper.hdf.
16:56:35 INFO  : Copied contents of D:/IIIT-D/Channel_Estimation/design_impl/LSDNN_4__WLO/LSDNN_4__WLO.sdk/design_LSDNN_wrapper.hdf into \design_LSDNN_wrapper_hw_platform_0\system.hdf.
16:56:43 INFO  : Synchronizing projects in the workspace with the hardware platform specification changes.
16:57:05 INFO  : 
16:57:07 INFO  : Updating hardware inferred compiler options for LSDNN_SDK.
16:57:07 INFO  : Clearing existing target manager status.
16:58:23 ERROR : Failed to redirect connection to hardware server on host '192.168.33.153' and port '3121'.
Reason: A connection attempt failed because the connected party did not properly respond after a period of time, or established connection failed because connected host has failed to respond
16:58:23 INFO  : ----------------XSDB Script----------------
connect -path [list tcp::1534 tcp:192.168.33.153:3121]
----------------End of Script----------------

16:59:01 INFO  : Connected through redirection to target on host '192.168.33.153' and port '3121'.
16:59:02 INFO  : Jtag cable 'Digilent Zed 210248A39C95' is selected.
16:59:02 INFO  : 'jtag frequency' command is executed.
16:59:02 INFO  : Sourcing of 'D:/IIIT-D/Channel_Estimation/design_impl/LSDNN_4__WLO/LSDNN_4__WLO.sdk/design_LSDNN_wrapper_hw_platform_0/ps7_init.tcl' is done.
16:59:03 INFO  : Context for 'APU' is selected.
16:59:03 INFO  : System reset is completed.
16:59:06 INFO  : 'after 3000' command is executed.
16:59:06 INFO  : 'targets -set -filter {jtag_cable_name =~ "Digilent Zed 210248A39C95" && level==0} -index 1' command is executed.
16:59:13 INFO  : FPGA configured successfully with bitstream "D:/IIIT-D/Channel_Estimation/design_impl/LSDNN_4__WLO/LSDNN_4__WLO.sdk/design_LSDNN_wrapper_hw_platform_0/design_LSDNN_wrapper.bit"
16:59:13 INFO  : Context for 'APU' is selected.
16:59:13 INFO  : Hardware design information is loaded from 'D:/IIIT-D/Channel_Estimation/design_impl/LSDNN_4__WLO/LSDNN_4__WLO.sdk/design_LSDNN_wrapper_hw_platform_0/system.hdf'.
16:59:13 INFO  : 'configparams force-mem-access 1' command is executed.
16:59:13 INFO  : Context for 'APU' is selected.
16:59:19 INFO  : 'ps7_init' command is executed.
16:59:19 INFO  : 'ps7_post_config' command is executed.
16:59:19 INFO  : Context for processor 'ps7_cortexa9_0' is selected.
16:59:22 INFO  : The application 'D:/IIIT-D/Channel_Estimation/design_impl/LSDNN_4__WLO/LSDNN_4__WLO.sdk/LSDNN_SDK/Debug/LSDNN_SDK.elf' is downloaded to processor 'ps7_cortexa9_0'.
16:59:22 INFO  : 'configparams force-mem-access 0' command is executed.
16:59:22 INFO  : ----------------XSDB Script----------------
connect -path [list tcp::1534 tcp:192.168.33.153:3121]
source D:/IIIT-D/Channel_Estimation/design_impl/LSDNN_4__WLO/LSDNN_4__WLO.sdk/design_LSDNN_wrapper_hw_platform_0/ps7_init.tcl
targets -set -nocase -filter {name =~"APU*" && jtag_cable_name =~ "Digilent Zed 210248A39C95"} -index 0
rst -system
after 3000
targets -set -filter {jtag_cable_name =~ "Digilent Zed 210248A39C95" && level==0} -index 1
fpga -file D:/IIIT-D/Channel_Estimation/design_impl/LSDNN_4__WLO/LSDNN_4__WLO.sdk/design_LSDNN_wrapper_hw_platform_0/design_LSDNN_wrapper.bit
targets -set -nocase -filter {name =~"APU*" && jtag_cable_name =~ "Digilent Zed 210248A39C95"} -index 0
loadhw -hw D:/IIIT-D/Channel_Estimation/design_impl/LSDNN_4__WLO/LSDNN_4__WLO.sdk/design_LSDNN_wrapper_hw_platform_0/system.hdf -mem-ranges [list {0x40000000 0xbfffffff}]
configparams force-mem-access 1
targets -set -nocase -filter {name =~"APU*" && jtag_cable_name =~ "Digilent Zed 210248A39C95"} -index 0
ps7_init
ps7_post_config
targets -set -nocase -filter {name =~ "ARM*#0" && jtag_cable_name =~ "Digilent Zed 210248A39C95"} -index 0
dow D:/IIIT-D/Channel_Estimation/design_impl/LSDNN_4__WLO/LSDNN_4__WLO.sdk/LSDNN_SDK/Debug/LSDNN_SDK.elf
configparams force-mem-access 0
----------------End of Script----------------

16:59:22 INFO  : Memory regions updated for context APU
16:59:22 INFO  : Context for processor 'ps7_cortexa9_0' is selected.
16:59:22 INFO  : 'con' command is executed.
16:59:22 INFO  : ----------------XSDB Script (After Launch)----------------
targets -set -nocase -filter {name =~ "ARM*#0" && jtag_cable_name =~ "Digilent Zed 210248A39C95"} -index 0
con
----------------End of Script----------------

16:59:22 INFO  : Launch script is exported to file 'D:\IIIT-D\Channel_Estimation\design_impl\LSDNN_4__WLO\LSDNN_4__WLO.sdk\.sdk\launch_scripts\xilinx_c-c++_application_(system_debugger)\system_debugger_using_debug_lsdnn_sdk.elf_on_zedboard.tcl'
17:04:04 INFO  : Disconnected from the channel tcfchan#2.
18:01:48 INFO  : Launching XSCT server: xsct.bat -interactive D:\IIIT-D\Channel_Estimation\design_impl\LSDNN_4__WLO\LSDNN_4__WLO.sdk\temp_xsdb_launch_script.tcl
18:02:01 INFO  : XSCT server has started successfully.
18:02:03 INFO  : Successfully done setting XSCT server connection channel  
18:02:03 INFO  : Successfully done setting SDK workspace  
18:02:25 INFO  : Registering command handlers for SDK TCF services
18:02:25 INFO  : Processing command line option -hwspec D:/IIIT-D/Channel_Estimation/design_impl/LSDNN_4__WLO/LSDNN_4__WLO.sdk/design_LSDNN_wrapper.hdf.
18:02:27 INFO  : Checking for hwspec changes in the project design_LSDNN_wrapper_hw_platform_0.
18:02:27 INFO  : SDK has detected change in the last modified timestamps for source hardware specification file Source:1660739282559,  Project:1660733960561
18:02:27 INFO  : The hardware specification for project 'design_LSDNN_wrapper_hw_platform_0' is different from D:/IIIT-D/Channel_Estimation/design_impl/LSDNN_4__WLO/LSDNN_4__WLO.sdk/design_LSDNN_wrapper.hdf.
18:02:28 INFO  : Copied contents of D:/IIIT-D/Channel_Estimation/design_impl/LSDNN_4__WLO/LSDNN_4__WLO.sdk/design_LSDNN_wrapper.hdf into \design_LSDNN_wrapper_hw_platform_0\system.hdf.
18:04:19 INFO  : Synchronizing projects in the workspace with the hardware platform specification changes.
18:04:59 INFO  : 
18:05:00 INFO  : Updating hardware inferred compiler options for LSDNN_SDK.
18:05:00 INFO  : Clearing existing target manager status.
18:05:00 INFO  : Closing and re-opening the MSS file of ther project LSDNN_SDK_bsp
18:05:06 INFO  : Workspace synchronized with the new hardware specification file. Cleaning dependent projects...
18:05:13 WARN  : Linker script will not be updated automatically. Users need to update it manually.
18:08:24 INFO  : Inferring section assignments and sizes from elf file: D:\IIIT-D\Channel_Estimation\design_impl\LSDNN_4__WLO\LSDNN_4__WLO.sdk\LSDNN_SDK\Debug\LSDNN_SDK.elf
18:08:37 INFO  : Successfully generated D:\IIIT-D\Channel_Estimation\design_impl\LSDNN_4__WLO\LSDNN_4__WLO.sdk\LSDNN_SDK\src\lscript.ld.
18:08:37 INFO  : Applying linker script to all configurations of project LSDNN_SDK.
18:08:37 INFO  : Setting rebuild state to true for all configurations of project LSDNN_SDK.
18:10:07 INFO  : Connected through redirection to target on host '192.168.33.153' and port '3121'.
18:10:09 INFO  : Jtag cable 'Digilent Zed 210248A39C95' is selected.
18:10:09 INFO  : 'jtag frequency' command is executed.
18:10:09 INFO  : Sourcing of 'D:/IIIT-D/Channel_Estimation/design_impl/LSDNN_4__WLO/LSDNN_4__WLO.sdk/design_LSDNN_wrapper_hw_platform_0/ps7_init.tcl' is done.
18:10:09 INFO  : Context for 'APU' is selected.
18:10:09 INFO  : System reset is completed.
18:10:12 INFO  : 'after 3000' command is executed.
18:10:12 INFO  : 'targets -set -filter {jtag_cable_name =~ "Digilent Zed 210248A39C95" && level==0} -index 1' command is executed.
18:10:15 INFO  : FPGA configured successfully with bitstream "D:/IIIT-D/Channel_Estimation/design_impl/LSDNN_4__WLO/LSDNN_4__WLO.sdk/design_LSDNN_wrapper_hw_platform_0/design_LSDNN_wrapper.bit"
18:10:15 INFO  : Context for 'APU' is selected.
18:10:15 INFO  : Hardware design information is loaded from 'D:/IIIT-D/Channel_Estimation/design_impl/LSDNN_4__WLO/LSDNN_4__WLO.sdk/design_LSDNN_wrapper_hw_platform_0/system.hdf'.
18:10:15 INFO  : 'configparams force-mem-access 1' command is executed.
18:10:15 INFO  : Context for 'APU' is selected.
18:10:20 INFO  : 'ps7_init' command is executed.
18:10:20 INFO  : 'ps7_post_config' command is executed.
18:10:20 INFO  : Context for processor 'ps7_cortexa9_0' is selected.
18:10:22 INFO  : The application 'D:/IIIT-D/Channel_Estimation/design_impl/LSDNN_4__WLO/LSDNN_4__WLO.sdk/LSDNN_SDK/Debug/LSDNN_SDK.elf' is downloaded to processor 'ps7_cortexa9_0'.
18:10:22 INFO  : 'configparams force-mem-access 0' command is executed.
18:10:22 INFO  : ----------------XSDB Script----------------
connect -path [list tcp::1534 tcp:192.168.33.153:3121]
source D:/IIIT-D/Channel_Estimation/design_impl/LSDNN_4__WLO/LSDNN_4__WLO.sdk/design_LSDNN_wrapper_hw_platform_0/ps7_init.tcl
targets -set -nocase -filter {name =~"APU*" && jtag_cable_name =~ "Digilent Zed 210248A39C95"} -index 0
rst -system
after 3000
targets -set -filter {jtag_cable_name =~ "Digilent Zed 210248A39C95" && level==0} -index 1
fpga -file D:/IIIT-D/Channel_Estimation/design_impl/LSDNN_4__WLO/LSDNN_4__WLO.sdk/design_LSDNN_wrapper_hw_platform_0/design_LSDNN_wrapper.bit
targets -set -nocase -filter {name =~"APU*" && jtag_cable_name =~ "Digilent Zed 210248A39C95"} -index 0
loadhw -hw D:/IIIT-D/Channel_Estimation/design_impl/LSDNN_4__WLO/LSDNN_4__WLO.sdk/design_LSDNN_wrapper_hw_platform_0/system.hdf -mem-ranges [list {0x40000000 0xbfffffff}]
configparams force-mem-access 1
targets -set -nocase -filter {name =~"APU*" && jtag_cable_name =~ "Digilent Zed 210248A39C95"} -index 0
ps7_init
ps7_post_config
targets -set -nocase -filter {name =~ "ARM*#0" && jtag_cable_name =~ "Digilent Zed 210248A39C95"} -index 0
dow D:/IIIT-D/Channel_Estimation/design_impl/LSDNN_4__WLO/LSDNN_4__WLO.sdk/LSDNN_SDK/Debug/LSDNN_SDK.elf
configparams force-mem-access 0
----------------End of Script----------------

18:10:23 INFO  : Memory regions updated for context APU
18:10:23 INFO  : Context for processor 'ps7_cortexa9_0' is selected.
18:10:23 INFO  : 'con' command is executed.
18:10:23 INFO  : ----------------XSDB Script (After Launch)----------------
targets -set -nocase -filter {name =~ "ARM*#0" && jtag_cable_name =~ "Digilent Zed 210248A39C95"} -index 0
con
----------------End of Script----------------

18:10:23 INFO  : Launch script is exported to file 'D:\IIIT-D\Channel_Estimation\design_impl\LSDNN_4__WLO\LSDNN_4__WLO.sdk\.sdk\launch_scripts\xilinx_c-c++_application_(system_debugger)\system_debugger_using_debug_lsdnn_sdk.elf_on_zedboard.tcl'
19:55:31 INFO  : Disconnected from the channel tcfchan#1.
10:49:27 INFO  : Registering command handlers for SDK TCF services
10:49:31 INFO  : Launching XSCT server: xsct.bat -interactive D:\IIIT-D\Channel_Estimation\design_impl\LSDNN_4__WLO\LSDNN_4__WLO.sdk\temp_xsdb_launch_script.tcl
10:49:46 INFO  : XSCT server has started successfully.
10:49:46 INFO  : Successfully done setting XSCT server connection channel  
10:49:57 INFO  : Successfully done setting SDK workspace  
10:49:57 INFO  : Processing command line option -hwspec D:/IIIT-D/Channel_Estimation/design_impl/LSDNN_4__WLO/LSDNN_4__WLO.sdk/design_LSDNN_wrapper.hdf.
10:49:57 INFO  : Checking for hwspec changes in the project design_LSDNN_wrapper_hw_platform_0.
