#-----------------------------------------------------------
# Vivado v2019.1 (64-bit)
# SW Build 2552052 on Fri May 24 14:49:42 MDT 2019
# IP Build 2548770 on Fri May 24 18:01:18 MDT 2019
# Start of session at: Tue Aug  9 14:01:59 2022
# Process ID: 20900
# Current directory: D:/IIIT-D/Channel_Estimation/design_impl/least_squares
# Command line: vivado.exe -gui_launcher_event rodinguilauncherevent21196 D:\IIIT-D\Channel_Estimation\design_impl\least_squares\least_squares.xpr
# Log file: D:/IIIT-D/Channel_Estimation/design_impl/least_squares/vivado.log
# Journal file: D:/IIIT-D/Channel_Estimation/design_impl/least_squares\vivado.jou
#-----------------------------------------------------------
start_gui
open_project D:/IIIT-D/Channel_Estimation/design_impl/least_squares/least_squares.xpr
INFO: [Project 1-313] Project file moved from 'D:/IIIT-D/Independent_Project/design_impl/least_squares' since last save.
Scanning sources...
Finished scanning sources
INFO: [IP_Flow 19-234] Refreshing IP repositories
INFO: [IP_Flow 19-1700] Loaded user IP repository 'd:/IIIT-D/Channel_Estimation/HLS/least_squares'.
INFO: [IP_Flow 19-2313] Loaded Vivado IP repository 'D:/Softwares/Xilinx/Vivado/Vivado/2019.1/data/ip'.
open_project: Time (s): cpu = 00:00:56 ; elapsed = 00:01:07 . Memory (MB): peak = 967.945 ; gain = 358.492
update_compile_order -fileset sources_1
launch_sdk -workspace D:/IIIT-D/Channel_Estimation/design_impl/least_squares/least_squares.sdk -hwspec D:/IIIT-D/Channel_Estimation/design_impl/least_squares/least_squares.sdk/designLS_wrapper.hdf
INFO: [Vivado 12-393] Launching SDK...
INFO: [Vivado 12-417] Running xsdk -workspace D:/IIIT-D/Channel_Estimation/design_impl/least_squares/least_squares.sdk -hwspec D:/IIIT-D/Channel_Estimation/design_impl/least_squares/least_squares.sdk/designLS_wrapper.hdf
INFO: [Vivado 12-3157] SDK launch initiated. Please check console for any further messages.
launch_sdk -workspace D:/IIIT-D/Channel_Estimation/design_impl/least_squares/least_squares.sdk -hwspec D:/IIIT-D/Channel_Estimation/design_impl/least_squares/least_squares.sdk/designLS_wrapper.hdf
INFO: [Vivado 12-393] Launching SDK...
INFO: [Vivado 12-417] Running xsdk -workspace D:/IIIT-D/Channel_Estimation/design_impl/least_squares/least_squares.sdk -hwspec D:/IIIT-D/Channel_Estimation/design_impl/least_squares/least_squares.sdk/designLS_wrapper.hdf
INFO: [Vivado 12-3157] SDK launch initiated. Please check console for any further messages.
file copy -force D:/IIIT-D/Channel_Estimation/design_impl/least_squares/least_squares.runs/impl_1/designLS_wrapper.sysdef D:/IIIT-D/Channel_Estimation/design_impl/least_squares/least_squares.sdk/designLS_wrapper.hdf

launch_sdk -workspace D:/IIIT-D/Channel_Estimation/design_impl/least_squares/least_squares.sdk -hwspec D:/IIIT-D/Channel_Estimation/design_impl/least_squares/least_squares.sdk/designLS_wrapper.hdf
INFO: [Vivado 12-393] Launching SDK...
INFO: [Vivado 12-417] Running xsdk -workspace D:/IIIT-D/Channel_Estimation/design_impl/least_squares/least_squares.sdk -hwspec D:/IIIT-D/Channel_Estimation/design_impl/least_squares/least_squares.sdk/designLS_wrapper.hdf
INFO: [Vivado 12-3157] SDK launch initiated. Please check console for any further messages.
exit
INFO: [Common 17-206] Exiting Vivado at Tue Aug  9 14:54:16 2022...
