#-----------------------------------------------------------
# Vivado v2019.1 (64-bit)
# SW Build 2552052 on Fri May 24 14:49:42 MDT 2019
# IP Build 2548770 on Fri May 24 18:01:18 MDT 2019
# Start of session at: Mon Aug  1 17:22:19 2022
# Process ID: 9164
# Current directory: D:/IIIT-D/Channel_Estimation/design_impl/LSDNN_4__WLO
# Command line: vivado.exe -gui_launcher_event rodinguilauncherevent19092 D:\IIIT-D\Channel_Estimation\design_impl\LSDNN_4__WLO\LSDNN_4__WLO.xpr
# Log file: D:/IIIT-D/Channel_Estimation/design_impl/LSDNN_4__WLO/vivado.log
# Journal file: D:/IIIT-D/Channel_Estimation/design_impl/LSDNN_4__WLO\vivado.jou
#-----------------------------------------------------------
start_gui
open_project D:/IIIT-D/Channel_Estimation/design_impl/LSDNN_4__WLO/LSDNN_4__WLO.xpr
Scanning sources...
Finished scanning sources
INFO: [IP_Flow 19-234] Refreshing IP repositories
INFO: [IP_Flow 19-1700] Loaded user IP repository 'd:/IIIT-D/Channel_Estimation/HLS'.
INFO: [IP_Flow 19-2313] Loaded Vivado IP repository 'D:/Softwares/Xilinx/Vivado/Vivado/2019.1/data/ip'.
open_project: Time (s): cpu = 00:00:52 ; elapsed = 00:01:07 . Memory (MB): peak = 991.637 ; gain = 388.219
update_compile_order -fileset sources_1
launch_sdk -workspace D:/IIIT-D/Channel_Estimation/design_impl/LSDNN_4__WLO/LSDNN_4__WLO.sdk -hwspec D:/IIIT-D/Channel_Estimation/design_impl/LSDNN_4__WLO/LSDNN_4__WLO.sdk/design_LSDNN_wrapper.hdf
INFO: [Vivado 12-393] Launching SDK...
INFO: [Vivado 12-417] Running xsdk -workspace D:/IIIT-D/Channel_Estimation/design_impl/LSDNN_4__WLO/LSDNN_4__WLO.sdk -hwspec D:/IIIT-D/Channel_Estimation/design_impl/LSDNN_4__WLO/LSDNN_4__WLO.sdk/design_LSDNN_wrapper.hdf
INFO: [Vivado 12-3157] SDK launch initiated. Please check console for any further messages.
exit
INFO: [Common 17-206] Exiting Vivado at Mon Aug  1 17:53:28 2022...
