#-----------------------------------------------------------
# Vivado v2019.1 (64-bit)
# SW Build 2552052 on Fri May 24 14:49:42 MDT 2019
# IP Build 2548770 on Fri May 24 18:01:18 MDT 2019
# Start of session at: Wed Aug 17 17:23:38 2022
# Process ID: 16304
# Current directory: D:/IIIT-D/Channel_Estimation/HLS/dnn/wordlength_opt__16_6/.autopilot/db/ip_tmp
# Command line: vivado.exe  -notrace -mode batch -source run_vivado_gen_ip.tcl
# Log file: D:/IIIT-D/Channel_Estimation/HLS/dnn/wordlength_opt__16_6/.autopilot/db/ip_tmp/vivado.log
# Journal file: D:/IIIT-D/Channel_Estimation/HLS/dnn/wordlength_opt__16_6/.autopilot/db/ip_tmp\vivado.jou
#-----------------------------------------------------------
source run_vivado_gen_ip.tcl -notrace
create_project: Time (s): cpu = 00:00:04 ; elapsed = 00:00:13 . Memory (MB): peak = 356.605 ; gain = 62.457
INFO: [IP_Flow 19-234] Refreshing IP repositories
INFO: [IP_Flow 19-1704] No user IP repositories specified
INFO: [IP_Flow 19-2313] Loaded Vivado IP repository 'D:/Softwares/Xilinx/Vivado/Vivado/2019.1/data/ip'.
WARNING: [IP_Flow 19-4832] The IP name 'DNN_wlo_166_ap_fcmp_0_no_dsp_32' you have specified is long. The Windows operating system has path length limitations. It is recommended you use shorter names to reduce the likelihood of issues.
create_ip: Time (s): cpu = 00:00:08 ; elapsed = 00:00:16 . Memory (MB): peak = 399.000 ; gain = 42.395
INFO: [IP_Flow 19-1686] Generating 'Synthesis' target for IP 'DNN_wlo_166_ap_fcmp_0_no_dsp_32'...
INFO: [IP_Flow 19-1686] Generating 'Simulation' target for IP 'DNN_wlo_166_ap_fcmp_0_no_dsp_32'...
WARNING: [IP_Flow 19-4832] The IP name 'DNN_wlo_166_ap_fpext_0_no_dsp_32' you have specified is long. The Windows operating system has path length limitations. It is recommended you use shorter names to reduce the likelihood of issues.
create_ip: Time (s): cpu = 00:00:06 ; elapsed = 00:00:06 . Memory (MB): peak = 408.324 ; gain = 1.031
INFO: [IP_Flow 19-1686] Generating 'Synthesis' target for IP 'DNN_wlo_166_ap_fpext_0_no_dsp_32'...
INFO: [IP_Flow 19-1686] Generating 'Simulation' target for IP 'DNN_wlo_166_ap_fpext_0_no_dsp_32'...
INFO: [Common 17-206] Exiting Vivado at Wed Aug 17 17:24:37 2022...
