00:03:15 INFO  : Registering command handlers for SDK TCF services
00:03:18 INFO  : Launching XSCT server: xsct.bat -interactive D:\IIIT-D\CEvDL\design_impl\LSDNN_2__P\LSDNN_2__P.sdk\temp_xsdb_launch_script.tcl
00:03:33 INFO  : XSCT server has started successfully.
00:03:33 INFO  : Successfully done setting XSCT server connection channel  
00:03:36 INFO  : Successfully done setting SDK workspace  
00:03:36 INFO  : Processing command line option -hwspec D:/IIIT-D/CEvDL/design_impl/LSDNN_2__P/LSDNN_2__P.sdk/design_LSDNN_wrapper.hdf.
00:54:01 INFO  : Connected through redirection to target on host '192.168.33.149' and port '3121'.
00:54:02 INFO  : Jtag cable 'Digilent Zed 210248A39C89' is selected.
00:54:02 INFO  : 'jtag frequency' command is executed.
00:54:02 INFO  : Sourcing of 'D:/IIIT-D/CEvDL/design_impl/LSDNN_2__P/LSDNN_2__P.sdk/design_LSDNN_wrapper_hw_platform_0/ps7_init.tcl' is done.
00:54:02 INFO  : Context for 'APU' is selected.
00:54:03 INFO  : System reset is completed.
00:54:06 INFO  : 'after 3000' command is executed.
00:54:06 INFO  : 'targets -set -filter {jtag_cable_name =~ "Digilent Zed 210248A39C89" && level==0} -index 1' command is executed.
00:54:08 ERROR : 'fpga -file D:/IIIT-D/CEvDL/design_impl/LSDNN_2__P/LSDNN_2__P.sdk/design_LSDNN_wrapper_hw_platform_0/design_LSDNN_wrapper.bit' is cancelled.
00:54:08 INFO  : Issued abort command to xsdb.
00:54:08 ERROR : Exception occured while running Program FPGA.
java.lang.RuntimeException: 'fpga -file D:/IIIT-D/CEvDL/design_impl/LSDNN_2__P/LSDNN_2__P.sdk/design_LSDNN_wrapper_hw_platform_0/design_LSDNN_wrapper.bit' is cancelled.
00:54:08 INFO  : ----------------XSDB Script----------------
connect -path [list tcp::1534 tcp:192.168.33.149:3121]
source D:/IIIT-D/CEvDL/design_impl/LSDNN_2__P/LSDNN_2__P.sdk/design_LSDNN_wrapper_hw_platform_0/ps7_init.tcl
targets -set -nocase -filter {name =~"APU*" && jtag_cable_name =~ "Digilent Zed 210248A39C89"} -index 0
rst -system
after 3000
----------------End of Script----------------

00:54:33 INFO  : Refreshed build settings on project LSDNN_SDK
00:55:55 INFO  : Connected through redirection to target on host '192.168.33.149' and port '3121'.
00:55:56 INFO  : Jtag cable 'Digilent Zed 210248A39C89' is selected.
00:55:56 INFO  : 'jtag frequency' command is executed.
00:55:56 INFO  : Sourcing of 'D:/IIIT-D/CEvDL/design_impl/LSDNN_2__P/LSDNN_2__P.sdk/design_LSDNN_wrapper_hw_platform_0/ps7_init.tcl' is done.
00:55:56 INFO  : Context for 'APU' is selected.
00:55:56 INFO  : System reset is completed.
00:55:59 INFO  : 'after 3000' command is executed.
00:56:00 INFO  : 'targets -set -filter {jtag_cable_name =~ "Digilent Zed 210248A39C89" && level==0} -index 1' command is executed.
00:56:06 INFO  : FPGA configured successfully with bitstream "D:/IIIT-D/CEvDL/design_impl/LSDNN_2__P/LSDNN_2__P.sdk/design_LSDNN_wrapper_hw_platform_0/design_LSDNN_wrapper.bit"
00:56:06 INFO  : Context for 'APU' is selected.
00:56:06 INFO  : Hardware design information is loaded from 'D:/IIIT-D/CEvDL/design_impl/LSDNN_2__P/LSDNN_2__P.sdk/design_LSDNN_wrapper_hw_platform_0/system.hdf'.
00:56:06 INFO  : 'configparams force-mem-access 1' command is executed.
00:56:06 INFO  : Context for 'APU' is selected.
00:56:11 INFO  : 'ps7_init' command is executed.
00:56:11 INFO  : 'ps7_post_config' command is executed.
00:56:11 INFO  : Context for processor 'ps7_cortexa9_0' is selected.
00:56:12 INFO  : The application 'D:/IIIT-D/CEvDL/design_impl/LSDNN_2__P/LSDNN_2__P.sdk/LSDNN_SDK/Debug/LSDNN_SDK.elf' is downloaded to processor 'ps7_cortexa9_0'.
00:56:12 INFO  : 'configparams force-mem-access 0' command is executed.
00:56:12 INFO  : ----------------XSDB Script----------------
connect -path [list tcp::1534 tcp:192.168.33.149:3121]
source D:/IIIT-D/CEvDL/design_impl/LSDNN_2__P/LSDNN_2__P.sdk/design_LSDNN_wrapper_hw_platform_0/ps7_init.tcl
targets -set -nocase -filter {name =~"APU*" && jtag_cable_name =~ "Digilent Zed 210248A39C89"} -index 0
rst -system
after 3000
targets -set -filter {jtag_cable_name =~ "Digilent Zed 210248A39C89" && level==0} -index 1
fpga -file D:/IIIT-D/CEvDL/design_impl/LSDNN_2__P/LSDNN_2__P.sdk/design_LSDNN_wrapper_hw_platform_0/design_LSDNN_wrapper.bit
targets -set -nocase -filter {name =~"APU*" && jtag_cable_name =~ "Digilent Zed 210248A39C89"} -index 0
loadhw -hw D:/IIIT-D/CEvDL/design_impl/LSDNN_2__P/LSDNN_2__P.sdk/design_LSDNN_wrapper_hw_platform_0/system.hdf -mem-ranges [list {0x40000000 0xbfffffff}]
configparams force-mem-access 1
targets -set -nocase -filter {name =~"APU*" && jtag_cable_name =~ "Digilent Zed 210248A39C89"} -index 0
ps7_init
ps7_post_config
targets -set -nocase -filter {name =~ "ARM*#0" && jtag_cable_name =~ "Digilent Zed 210248A39C89"} -index 0
dow D:/IIIT-D/CEvDL/design_impl/LSDNN_2__P/LSDNN_2__P.sdk/LSDNN_SDK/Debug/LSDNN_SDK.elf
configparams force-mem-access 0
----------------End of Script----------------

00:56:12 INFO  : Memory regions updated for context APU
00:56:12 INFO  : Context for processor 'ps7_cortexa9_0' is selected.
00:56:12 INFO  : 'con' command is executed.
00:56:12 INFO  : ----------------XSDB Script (After Launch)----------------
targets -set -nocase -filter {name =~ "ARM*#0" && jtag_cable_name =~ "Digilent Zed 210248A39C89"} -index 0
con
----------------End of Script----------------

00:56:12 INFO  : Launch script is exported to file 'D:\IIIT-D\CEvDL\design_impl\LSDNN_2__P\LSDNN_2__P.sdk\.sdk\launch_scripts\xilinx_c-c++_application_(system_debugger)\system_debugger_using_debug_lsdnn_sdk.elf_on_zedboard.tcl'
00:56:46 INFO  : Disconnected from the channel tcfchan#1.
