#-----------------------------------------------------------
# Vivado v2019.1 (64-bit)
# SW Build 2552052 on Fri May 24 14:49:42 MDT 2019
# IP Build 2548770 on Fri May 24 18:01:18 MDT 2019
# Start of session at: Thu Jul 28 18:06:28 2022
# Process ID: 12596
# Current directory: D:/IIIT-D/Independent_Project/HLS/dnn/unrolled/impl/ip
# Command line: vivado.exe -notrace -mode batch -source run_ippack.tcl
# Log file: D:/IIIT-D/Independent_Project/HLS/dnn/unrolled/impl/ip/vivado.log
# Journal file: D:/IIIT-D/Independent_Project/HLS/dnn/unrolled/impl/ip\vivado.jou
#-----------------------------------------------------------
source run_ippack.tcl -notrace
create_project: Time (s): cpu = 00:00:05 ; elapsed = 00:00:09 . Memory (MB): peak = 358.039 ; gain = 65.973
INFO: [IP_Flow 19-234] Refreshing IP repositories
INFO: [IP_Flow 19-1704] No user IP repositories specified
INFO: [IP_Flow 19-2313] Loaded Vivado IP repository 'D:/Softwares/Xilinx/Vivado/Vivado/2019.1/data/ip'.
WARNING: [IP_Flow 19-4832] The IP name 'DNN_up_ap_fadd_3_full_dsp_32' you have specified is long. The Windows operating system has path length limitations. It is recommended you use shorter names to reduce the likelihood of issues.
create_ip: Time (s): cpu = 00:00:08 ; elapsed = 00:00:09 . Memory (MB): peak = 400.102 ; gain = 42.062
INFO: [IP_Flow 19-1686] Generating 'Synthesis' target for IP 'DNN_up_ap_fadd_3_full_dsp_32'...
INFO: [IP_Flow 19-1686] Generating 'Simulation' target for IP 'DNN_up_ap_fadd_3_full_dsp_32'...
WARNING: [IP_Flow 19-4832] The IP name 'DNN_up_ap_fcmp_0_no_dsp_32' you have specified is long. The Windows operating system has path length limitations. It is recommended you use shorter names to reduce the likelihood of issues.
create_ip: Time (s): cpu = 00:00:06 ; elapsed = 00:00:06 . Memory (MB): peak = 410.340 ; gain = 0.078
INFO: [IP_Flow 19-1686] Generating 'Synthesis' target for IP 'DNN_up_ap_fcmp_0_no_dsp_32'...
INFO: [IP_Flow 19-1686] Generating 'Simulation' target for IP 'DNN_up_ap_fcmp_0_no_dsp_32'...
WARNING: [IP_Flow 19-4832] The IP name 'DNN_up_ap_fdiv_14_no_dsp_32' you have specified is long. The Windows operating system has path length limitations. It is recommended you use shorter names to reduce the likelihood of issues.
create_ip: Time (s): cpu = 00:00:06 ; elapsed = 00:00:06 . Memory (MB): peak = 414.297 ; gain = 3.957
INFO: [IP_Flow 19-1686] Generating 'Synthesis' target for IP 'DNN_up_ap_fdiv_14_no_dsp_32'...
INFO: [IP_Flow 19-1686] Generating 'Simulation' target for IP 'DNN_up_ap_fdiv_14_no_dsp_32'...
WARNING: [IP_Flow 19-4832] The IP name 'DNN_up_ap_fmul_2_max_dsp_32' you have specified is long. The Windows operating system has path length limitations. It is recommended you use shorter names to reduce the likelihood of issues.
create_ip: Time (s): cpu = 00:00:06 ; elapsed = 00:00:07 . Memory (MB): peak = 420.324 ; gain = 6.027
INFO: [IP_Flow 19-1686] Generating 'Synthesis' target for IP 'DNN_up_ap_fmul_2_max_dsp_32'...
INFO: [IP_Flow 19-1686] Generating 'Simulation' target for IP 'DNN_up_ap_fmul_2_max_dsp_32'...
WARNING: [IP_Flow 19-4832] The IP name 'DNN_up_ap_fsub_3_full_dsp_32' you have specified is long. The Windows operating system has path length limitations. It is recommended you use shorter names to reduce the likelihood of issues.
create_ip: Time (s): cpu = 00:00:06 ; elapsed = 00:00:07 . Memory (MB): peak = 425.289 ; gain = 4.965
INFO: [IP_Flow 19-1686] Generating 'Synthesis' target for IP 'DNN_up_ap_fsub_3_full_dsp_32'...
INFO: [IP_Flow 19-1686] Generating 'Simulation' target for IP 'DNN_up_ap_fsub_3_full_dsp_32'...
INFO: [IP_Flow 19-234] Refreshing IP repositories
INFO: [IP_Flow 19-1704] No user IP repositories specified
INFO: [IP_Flow 19-2313] Loaded Vivado IP repository 'D:/Softwares/Xilinx/Vivado/Vivado/2019.1/data/ip'.
ipx::update_checksums: Time (s): cpu = 00:00:03 ; elapsed = 00:00:17 . Memory (MB): peak = 425.289 ; gain = 0.000
ipx::archive_core: Time (s): cpu = 00:00:01 ; elapsed = 00:00:06 . Memory (MB): peak = 425.289 ; gain = 0.000
INFO: [Common 17-206] Exiting Vivado at Thu Jul 28 18:08:01 2022...
