#-----------------------------------------------------------
# Vivado v2019.1 (64-bit)
# SW Build 2552052 on Fri May 24 14:49:42 MDT 2019
# IP Build 2548770 on Fri May 24 18:01:18 MDT 2019
# Start of session at: Sat Jul 30 01:51:24 2022
# Process ID: 560
# Current directory: D:/IIIT-D/Channel_Estimation/design_impl/LSDNN_3__UP
# Command line: vivado.exe -gui_launcher_event rodinguilauncherevent11220 D:\IIIT-D\Channel_Estimation\design_impl\LSDNN_3__UP\LSDNN_3__UP.xpr
# Log file: D:/IIIT-D/Channel_Estimation/design_impl/LSDNN_3__UP/vivado.log
# Journal file: D:/IIIT-D/Channel_Estimation/design_impl/LSDNN_3__UP\vivado.jou
#-----------------------------------------------------------
start_gui
open_project D:/IIIT-D/Channel_Estimation/design_impl/LSDNN_3__UP/LSDNN_3__UP.xpr
INFO: [Project 1-313] Project file moved from 'D:/IIIT-D/Independent_Project/design_impl/LSDNN_3__UP' since last save.
Scanning sources...
Finished scanning sources
INFO: [IP_Flow 19-234] Refreshing IP repositories
INFO: [IP_Flow 19-1700] Loaded user IP repository 'd:/IIIT-D/Channel_Estimation/HLS/least_squares'.
INFO: [IP_Flow 19-1700] Loaded user IP repository 'd:/IIIT-D/Channel_Estimation/HLS/dnn'.
INFO: [IP_Flow 19-2313] Loaded Vivado IP repository 'D:/Softwares/Xilinx/Vivado/Vivado/2019.1/data/ip'.
open_project: Time (s): cpu = 00:00:58 ; elapsed = 00:01:08 . Memory (MB): peak = 1000.145 ; gain = 394.512
update_compile_order -fileset sources_1
exit
INFO: [Common 17-206] Exiting Vivado at Sat Jul 30 01:54:36 2022...
