#-----------------------------------------------------------
# Vivado v2019.1 (64-bit)
# SW Build 2552052 on Fri May 24 14:49:42 MDT 2019
# IP Build 2548770 on Fri May 24 18:01:18 MDT 2019
# Start of session at: Thu Jul 28 17:55:01 2022
# Process ID: 11284
# Current directory: D:/IIIT-D/Independent_Project/HLS/dnn/unrolled/.autopilot/db/ip_tmp
# Command line: vivado.exe  -notrace -mode batch -source run_vivado_gen_ip.tcl
# Log file: D:/IIIT-D/Independent_Project/HLS/dnn/unrolled/.autopilot/db/ip_tmp/vivado.log
# Journal file: D:/IIIT-D/Independent_Project/HLS/dnn/unrolled/.autopilot/db/ip_tmp\vivado.jou
#-----------------------------------------------------------
source run_vivado_gen_ip.tcl -notrace
create_project: Time (s): cpu = 00:00:05 ; elapsed = 00:00:12 . Memory (MB): peak = 356.969 ; gain = 59.789
INFO: [IP_Flow 19-234] Refreshing IP repositories
INFO: [IP_Flow 19-1704] No user IP repositories specified
INFO: [IP_Flow 19-2313] Loaded Vivado IP repository 'D:/Softwares/Xilinx/Vivado/Vivado/2019.1/data/ip'.
WARNING: [IP_Flow 19-4832] The IP name 'DNN_up_ap_fadd_3_full_dsp_32' you have specified is long. The Windows operating system has path length limitations. It is recommended you use shorter names to reduce the likelihood of issues.
create_ip: Time (s): cpu = 00:00:08 ; elapsed = 00:00:11 . Memory (MB): peak = 398.980 ; gain = 42.012
INFO: [IP_Flow 19-1686] Generating 'Synthesis' target for IP 'DNN_up_ap_fadd_3_full_dsp_32'...
INFO: [IP_Flow 19-1686] Generating 'Simulation' target for IP 'DNN_up_ap_fadd_3_full_dsp_32'...
WARNING: [IP_Flow 19-4832] The IP name 'DNN_up_ap_fcmp_0_no_dsp_32' you have specified is long. The Windows operating system has path length limitations. It is recommended you use shorter names to reduce the likelihood of issues.
create_ip: Time (s): cpu = 00:00:07 ; elapsed = 00:00:06 . Memory (MB): peak = 408.883 ; gain = 1.020
INFO: [IP_Flow 19-1686] Generating 'Synthesis' target for IP 'DNN_up_ap_fcmp_0_no_dsp_32'...
INFO: [IP_Flow 19-1686] Generating 'Simulation' target for IP 'DNN_up_ap_fcmp_0_no_dsp_32'...
WARNING: [IP_Flow 19-4832] The IP name 'DNN_up_ap_fdiv_14_no_dsp_32' you have specified is long. The Windows operating system has path length limitations. It is recommended you use shorter names to reduce the likelihood of issues.
create_ip: Time (s): cpu = 00:00:07 ; elapsed = 00:00:06 . Memory (MB): peak = 413.906 ; gain = 5.023
INFO: [IP_Flow 19-1686] Generating 'Synthesis' target for IP 'DNN_up_ap_fdiv_14_no_dsp_32'...
INFO: [IP_Flow 19-1686] Generating 'Simulation' target for IP 'DNN_up_ap_fdiv_14_no_dsp_32'...
WARNING: [IP_Flow 19-4832] The IP name 'DNN_up_ap_fmul_2_max_dsp_32' you have specified is long. The Windows operating system has path length limitations. It is recommended you use shorter names to reduce the likelihood of issues.
create_ip: Time (s): cpu = 00:00:06 ; elapsed = 00:00:06 . Memory (MB): peak = 418.855 ; gain = 4.949
INFO: [IP_Flow 19-1686] Generating 'Synthesis' target for IP 'DNN_up_ap_fmul_2_max_dsp_32'...
INFO: [IP_Flow 19-1686] Generating 'Simulation' target for IP 'DNN_up_ap_fmul_2_max_dsp_32'...
WARNING: [IP_Flow 19-4832] The IP name 'DNN_up_ap_fsub_3_full_dsp_32' you have specified is long. The Windows operating system has path length limitations. It is recommended you use shorter names to reduce the likelihood of issues.
create_ip: Time (s): cpu = 00:00:06 ; elapsed = 00:00:06 . Memory (MB): peak = 424.844 ; gain = 5.988
INFO: [IP_Flow 19-1686] Generating 'Synthesis' target for IP 'DNN_up_ap_fsub_3_full_dsp_32'...
INFO: [IP_Flow 19-1686] Generating 'Simulation' target for IP 'DNN_up_ap_fsub_3_full_dsp_32'...
INFO: [Common 17-206] Exiting Vivado at Thu Jul 28 17:56:15 2022...
