

================================================================
== Vivado HLS Report for 'reconstruct_complex_s'
================================================================
* Date:           Sun Jul 31 13:35:35 2022

* Version:        2019.1 (Build 2552052 on Fri May 24 15:28:33 MDT 2019)
* Project:        dnn
* Solution:       wordlength_opt
* Product family: zynq
* Target device:  xc7z020-clg484-1


================================================================
== Performance Estimates
================================================================
+ Timing (ns): 
    * Summary: 
    +--------+-------+----------+------------+
    |  Clock | Target| Estimated| Uncertainty|
    +--------+-------+----------+------------+
    |ap_clk  |  10.00|     6.775|        1.25|
    +--------+-------+----------+------------+

+ Latency (clock cycles): 
    * Summary: 
    +-----+-----+-----+-----+---------+
    |  Latency  |  Interval | Pipeline|
    | min | max | min | max |   Type  |
    +-----+-----+-----+-----+---------+
    |   55|   55|   55|   55|   none  |
    +-----+-----+-----+-----+---------+

    + Detail: 
        * Instance: 
        N/A

        * Loop: 
        +------------------+-----+-----+----------+-----------+-----------+------+----------+
        |                  |  Latency  | Iteration|  Initiation Interval  | Trip |          |
        |     Loop Name    | min | max |  Latency |  achieved |   target  | Count| Pipelined|
        +------------------+-----+-----+----------+-----------+-----------+------+----------+
        |- reconstruction  |   53|   53|         3|          1|          1|    52|    yes   |
        +------------------+-----+-----+----------+-----------+-----------+------+----------+

============================================================
+ Verbose Summary: Synthesis Manager
============================================================
InlineROM: 1
ExposeGlobal: 0
============================================================
+ Verbose Summary: CDFG Model
============================================================
IsTopModel: 0
ResetActiveHigh: 1
IsCombinational: 0
IsDatapathOnly: 0
HasWiredReturn: 1
HasMFsm: 0
HasVarLatency: 1
IsPipeline: 0
IsRtlPipelined: 0
IsInstanceOverlapped: 0
IsDontTouch: 0
HasImplIP: 0
IsGatedGlobalClock: 0

+ Individual pipeline summary: 
  * Pipeline-0: initiation interval (II) = 1, depth = 3


============================================================
+ Verbose Summary: Schedule
============================================================
* Number of FSM states : 5
* Pipeline : 1
  Pipeline-0 : II = 1, D = 3, States = { 2 3 4 }
* Dataflow Pipeline: 0

* FSM state transitions: 
1 --> 2 
2 --> 5 3 
3 --> 4 
4 --> 2 
5 --> 

* FSM state operations: 

State 1 <SV = 0> <Delay = 1.76>
ST_1 : Operation 6 [1/1] (0.00ns)   --->   "call void (...)* @_ssdm_op_SpecInterface(i64* %DNN_out_V_data, i1* %DNN_out_V_last_V, [5 x i8]* @p_str10, i32 0, i32 0, [5 x i8]* @p_str11, i32 0, i32 0, [1 x i8]* @p_str1, [1 x i8]* @p_str1, [1 x i8]* @p_str1, i32 0, i32 0, i32 0, i32 0, [1 x i8]* @p_str1, [1 x i8]* @p_str1) nounwind"   --->   Operation 6 'specinterface' <Predicate = true> <Delay = 0.00>
ST_1 : Operation 7 [1/1] (1.76ns)   --->   "br label %1" [dnn/dnn.cpp:537]   --->   Operation 7 'br' <Predicate = true> <Delay = 1.76>

State 2 <SV = 1> <Delay = 5.12>
ST_2 : Operation 8 [1/1] (0.00ns)   --->   "%i_0 = phi i6 [ 0, %0 ], [ %i, %reconstruction ]"   --->   Operation 8 'phi' 'i_0' <Predicate = true> <Delay = 0.00>
ST_2 : Operation 9 [1/1] (1.42ns)   --->   "%icmp_ln537 = icmp eq i6 %i_0, -12" [dnn/dnn.cpp:537]   --->   Operation 9 'icmp' 'icmp_ln537' <Predicate = true> <Delay = 1.42> <Core = "Cmp">   --->   Core 25 'Cmp' <Latency = 0> <II = 1> <Delay = 1.42> <FuncUnit> <Opcode : 'icmp'> <InPorts = 2> <OutPorts = 1>
ST_2 : Operation 10 [1/1] (0.00ns)   --->   "%empty = call i32 (...)* @_ssdm_op_SpecLoopTripCount(i64 52, i64 52, i64 52)"   --->   Operation 10 'speclooptripcount' 'empty' <Predicate = true> <Delay = 0.00>
ST_2 : Operation 11 [1/1] (1.82ns)   --->   "%i = add i6 %i_0, 1" [dnn/dnn.cpp:537]   --->   Operation 11 'add' 'i' <Predicate = true> <Delay = 1.82> <Core = "AddSub">   --->   Core 14 'AddSub' <Latency = 0> <II = 1> <Delay = 1.87> <FuncUnit> <Opcode : 'add' 'sub'> <InPorts = 2> <OutPorts = 1>
ST_2 : Operation 12 [1/1] (0.00ns)   --->   "br i1 %icmp_ln537, label %2, label %reconstruction" [dnn/dnn.cpp:537]   --->   Operation 12 'br' <Predicate = true> <Delay = 0.00>
ST_2 : Operation 13 [1/1] (0.00ns)   --->   "%zext_ln537 = zext i6 %i_0 to i7" [dnn/dnn.cpp:537]   --->   Operation 13 'zext' 'zext_ln537' <Predicate = (!icmp_ln537)> <Delay = 0.00>
ST_2 : Operation 14 [1/1] (0.00ns)   --->   "%zext_ln542 = zext i6 %i_0 to i64" [dnn/dnn.cpp:542]   --->   Operation 14 'zext' 'zext_ln542' <Predicate = (!icmp_ln537)> <Delay = 0.00>
ST_2 : Operation 15 [1/1] (0.00ns)   --->   "%y_L3_addr = getelementptr [104 x half]* %y_L3, i64 0, i64 %zext_ln542" [dnn/dnn.cpp:542]   --->   Operation 15 'getelementptr' 'y_L3_addr' <Predicate = (!icmp_ln537)> <Delay = 0.00>
ST_2 : Operation 16 [2/2] (3.25ns)   --->   "%y_L3_load = load half* %y_L3_addr, align 2" [dnn/dnn.cpp:542]   --->   Operation 16 'load' 'y_L3_load' <Predicate = (!icmp_ln537)> <Delay = 3.25> <Core = "RAM">   --->   Core 37 'RAM' <Latency = 1> <II = 1> <Delay = 3.25> <Storage> <Opcode : 'load' 'store'> <Ports = 2> <Width = 16> <Depth = 104> <RAM>
ST_2 : Operation 17 [1/1] (1.87ns)   --->   "%add_ln542 = add i7 %zext_ln537, 52" [dnn/dnn.cpp:542]   --->   Operation 17 'add' 'add_ln542' <Predicate = (!icmp_ln537)> <Delay = 1.87> <Core = "AddSub">   --->   Core 14 'AddSub' <Latency = 0> <II = 1> <Delay = 1.87> <FuncUnit> <Opcode : 'add' 'sub'> <InPorts = 2> <OutPorts = 1>
ST_2 : Operation 18 [1/1] (0.00ns)   --->   "%zext_ln542_1 = zext i7 %add_ln542 to i64" [dnn/dnn.cpp:542]   --->   Operation 18 'zext' 'zext_ln542_1' <Predicate = (!icmp_ln537)> <Delay = 0.00>
ST_2 : Operation 19 [1/1] (0.00ns)   --->   "%y_L3_addr_1 = getelementptr [104 x half]* %y_L3, i64 0, i64 %zext_ln542_1" [dnn/dnn.cpp:542]   --->   Operation 19 'getelementptr' 'y_L3_addr_1' <Predicate = (!icmp_ln537)> <Delay = 0.00>
ST_2 : Operation 20 [2/2] (3.25ns)   --->   "%y_L3_load_1 = load half* %y_L3_addr_1, align 2" [dnn/dnn.cpp:542]   --->   Operation 20 'load' 'y_L3_load_1' <Predicate = (!icmp_ln537)> <Delay = 3.25> <Core = "RAM">   --->   Core 37 'RAM' <Latency = 1> <II = 1> <Delay = 3.25> <Storage> <Opcode : 'load' 'store'> <Ports = 2> <Width = 16> <Depth = 104> <RAM>
ST_2 : Operation 21 [1/1] (1.42ns)   --->   "%tmp_last_V = icmp eq i6 %i_0, -13" [dnn/dnn.cpp:548]   --->   Operation 21 'icmp' 'tmp_last_V' <Predicate = (!icmp_ln537)> <Delay = 1.42> <Core = "Cmp">   --->   Core 25 'Cmp' <Latency = 0> <II = 1> <Delay = 1.42> <FuncUnit> <Opcode : 'icmp'> <InPorts = 2> <OutPorts = 1>

State 3 <SV = 2> <Delay = 6.77>
ST_3 : Operation 22 [1/2] (3.25ns)   --->   "%y_L3_load = load half* %y_L3_addr, align 2" [dnn/dnn.cpp:542]   --->   Operation 22 'load' 'y_L3_load' <Predicate = (!icmp_ln537)> <Delay = 3.25> <Core = "RAM">   --->   Core 37 'RAM' <Latency = 1> <II = 1> <Delay = 3.25> <Storage> <Opcode : 'load' 'store'> <Ports = 2> <Width = 16> <Depth = 104> <RAM>
ST_3 : Operation 23 [2/2] (3.52ns)   --->   "%tmp_data_M_real = fpext half %y_L3_load to float" [dnn/dnn.cpp:542]   --->   Operation 23 'hptosp' 'tmp_data_M_real' <Predicate = (!icmp_ln537)> <Delay = 3.52> <Core = "Half2Float">   --->   Core 93 'Half2Float' <Latency = 1> <II = 1> <Delay = 3.52> <FuncUnit> <Opcode : 'hptosp'> <InPorts = 1> <OutPorts = 1>
ST_3 : Operation 24 [1/2] (3.25ns)   --->   "%y_L3_load_1 = load half* %y_L3_addr_1, align 2" [dnn/dnn.cpp:542]   --->   Operation 24 'load' 'y_L3_load_1' <Predicate = (!icmp_ln537)> <Delay = 3.25> <Core = "RAM">   --->   Core 37 'RAM' <Latency = 1> <II = 1> <Delay = 3.25> <Storage> <Opcode : 'load' 'store'> <Ports = 2> <Width = 16> <Depth = 104> <RAM>
ST_3 : Operation 25 [2/2] (3.52ns)   --->   "%tmp_data_M_imag = fpext half %y_L3_load_1 to float" [dnn/dnn.cpp:542]   --->   Operation 25 'hptosp' 'tmp_data_M_imag' <Predicate = (!icmp_ln537)> <Delay = 3.52> <Core = "Half2Float">   --->   Core 93 'Half2Float' <Latency = 1> <II = 1> <Delay = 3.52> <FuncUnit> <Opcode : 'hptosp'> <InPorts = 1> <OutPorts = 1>

State 4 <SV = 3> <Delay = 3.52>
ST_4 : Operation 26 [1/1] (0.00ns)   --->   "call void (...)* @_ssdm_op_SpecLoopName([15 x i8]* @p_str8) nounwind" [dnn/dnn.cpp:537]   --->   Operation 26 'specloopname' <Predicate = (!icmp_ln537)> <Delay = 0.00>
ST_4 : Operation 27 [1/1] (0.00ns)   --->   "%tmp = call i32 (...)* @_ssdm_op_SpecRegionBegin([15 x i8]* @p_str8)" [dnn/dnn.cpp:537]   --->   Operation 27 'specregionbegin' 'tmp' <Predicate = (!icmp_ln537)> <Delay = 0.00>
ST_4 : Operation 28 [1/1] (0.00ns)   --->   "call void (...)* @_ssdm_op_SpecPipeline(i32 -1, i32 1, i32 1, i32 0, [1 x i8]* @p_str1) nounwind" [dnn/dnn.cpp:539]   --->   Operation 28 'specpipeline' <Predicate = (!icmp_ln537)> <Delay = 0.00>
ST_4 : Operation 29 [1/2] (3.52ns)   --->   "%tmp_data_M_real = fpext half %y_L3_load to float" [dnn/dnn.cpp:542]   --->   Operation 29 'hptosp' 'tmp_data_M_real' <Predicate = (!icmp_ln537)> <Delay = 3.52> <Core = "Half2Float">   --->   Core 93 'Half2Float' <Latency = 1> <II = 1> <Delay = 3.52> <FuncUnit> <Opcode : 'hptosp'> <InPorts = 1> <OutPorts = 1>
ST_4 : Operation 30 [1/2] (3.52ns)   --->   "%tmp_data_M_imag = fpext half %y_L3_load_1 to float" [dnn/dnn.cpp:542]   --->   Operation 30 'hptosp' 'tmp_data_M_imag' <Predicate = (!icmp_ln537)> <Delay = 3.52> <Core = "Half2Float">   --->   Core 93 'Half2Float' <Latency = 1> <II = 1> <Delay = 3.52> <FuncUnit> <Opcode : 'hptosp'> <InPorts = 1> <OutPorts = 1>
ST_4 : Operation 31 [1/1] (0.00ns)   --->   "%bitcast_ln162 = bitcast float %tmp_data_M_real to i32" [dnn/dnn.cpp:551]   --->   Operation 31 'bitcast' 'bitcast_ln162' <Predicate = (!icmp_ln537)> <Delay = 0.00>
ST_4 : Operation 32 [1/1] (0.00ns)   --->   "%bitcast_ln162_1 = bitcast float %tmp_data_M_imag to i32" [dnn/dnn.cpp:551]   --->   Operation 32 'bitcast' 'bitcast_ln162_1' <Predicate = (!icmp_ln537)> <Delay = 0.00>
ST_4 : Operation 33 [1/1] (0.00ns)   --->   "%tmp_data = call i64 @_ssdm_op_BitConcatenate.i64.i32.i32(i32 %bitcast_ln162_1, i32 %bitcast_ln162)" [dnn/dnn.cpp:551]   --->   Operation 33 'bitconcatenate' 'tmp_data' <Predicate = (!icmp_ln537)> <Delay = 0.00>
ST_4 : Operation 34 [1/1] (0.00ns)   --->   "call void @_ssdm_op_Write.axis.volatile.i64P.i1P(i64* %DNN_out_V_data, i1* %DNN_out_V_last_V, i64 %tmp_data, i1 %tmp_last_V)" [dnn/dnn.cpp:551]   --->   Operation 34 'write' <Predicate = (!icmp_ln537)> <Delay = 0.00> <Core = "AXI4Stream">   --->   Core 5 'AXI4Stream' <Latency = 0> <II = 1> <Delay = 1.00> <Adapter> <Opcode : >
ST_4 : Operation 35 [1/1] (0.00ns)   --->   "%empty_11 = call i32 (...)* @_ssdm_op_SpecRegionEnd([15 x i8]* @p_str8, i32 %tmp)" [dnn/dnn.cpp:552]   --->   Operation 35 'specregionend' 'empty_11' <Predicate = (!icmp_ln537)> <Delay = 0.00>
ST_4 : Operation 36 [1/1] (0.00ns)   --->   "br label %1" [dnn/dnn.cpp:537]   --->   Operation 36 'br' <Predicate = (!icmp_ln537)> <Delay = 0.00>

State 5 <SV = 2> <Delay = 0.00>
ST_5 : Operation 37 [1/1] (0.00ns)   --->   "ret void" [dnn/dnn.cpp:554]   --->   Operation 37 'ret' <Predicate = true> <Delay = 0.00>


============================================================
+ Verbose Summary: Timing violations
============================================================
Target clock period: 10ns, clock uncertainty: 1.25ns.

 <State 1>: 1.77ns
The critical path consists of the following:
	multiplexor before 'phi' operation ('i') with incoming values : ('i', dnn/dnn.cpp:537) [7]  (1.77 ns)

 <State 2>: 5.12ns
The critical path consists of the following:
	'phi' operation ('i') with incoming values : ('i', dnn/dnn.cpp:537) [7]  (0 ns)
	'add' operation ('add_ln542', dnn/dnn.cpp:542) [21]  (1.87 ns)
	'getelementptr' operation ('y_L3_addr_1', dnn/dnn.cpp:542) [23]  (0 ns)
	'load' operation ('y_L3_load_1', dnn/dnn.cpp:542) on array 'y_L3' [24]  (3.25 ns)

 <State 3>: 6.77ns
The critical path consists of the following:
	'load' operation ('y_L3_load', dnn/dnn.cpp:542) on array 'y_L3' [19]  (3.25 ns)
	'hptosp' operation ('__r', dnn/dnn.cpp:542) [20]  (3.52 ns)

 <State 4>: 3.52ns
The critical path consists of the following:
	'hptosp' operation ('__r', dnn/dnn.cpp:542) [20]  (3.52 ns)

 <State 5>: 0ns
The critical path consists of the following:


============================================================
+ Verbose Summary: Binding
============================================================
N/A
* FSMD analyzer results:
  - Output states:
 - Input state : 
  - Chain level:
	State 1
	State 2
	State 3
	State 4
	State 5


============================================================
+ Verbose Summary: Datapath Resource usage 
============================================================
N/A
