INFO-FLOW: Workspace D:/IIIT-D/Independent_Project/HLS/least_squares/1__non_optimized opened at Fri Jul 22 17:46:11 +0530 2022
Execute     config_clock -quiet -name default -period 10 -default=false 
INFO: [SYN 201-201] Setting up clock 'default' with a period of 10ns.
Execute     config_clock -quiet -name default -uncertainty 1.25 
INFO: [SYN 201-201] Setting up clock 'default' with an uncertainty of 1.25ns.
Execute     open_platform DefaultPlatform 
Execute     import_lib D:/Softwares/Xilinx/Vivado/Vivado/2019.1/common/technology/xilinx/zynq/zynq 
Execute       source D:/Softwares/Xilinx/Vivado/Vivado/2019.1/common/technology/xilinx/common/xilinx.lib 
Execute         source D:/Softwares/Xilinx/Vivado/Vivado/2019.1/common/technology/xilinx/interface/xilinx_interface.lib 
Execute           source D:/Softwares/Xilinx/Vivado/Vivado/2019.1/common/technology/xilinx/interface/plb46.lib 
Execute           source D:/Softwares/Xilinx/Vivado/Vivado/2019.1/common/technology/xilinx/interface/fsl.lib 
Execute           source D:/Softwares/Xilinx/Vivado/Vivado/2019.1/common/technology/xilinx/interface/axi4.lib 
Execute           source D:/Softwares/Xilinx/Vivado/Vivado/2019.1/common/technology/xilinx/interface/maxi.lib 
Execute           source D:/Softwares/Xilinx/Vivado/Vivado/2019.1/common/technology/xilinx/interface/saxilite.lib 
Execute         source D:/Softwares/Xilinx/Vivado/Vivado/2019.1/common/technology/xilinx/common/dsp48.lib 
Execute         source D:/Softwares/Xilinx/Vivado/Vivado/2019.1/common/technology/xilinx/ip/dds_compiler.lib 
Execute         source D:/Softwares/Xilinx/Vivado/Vivado/2019.1/common/technology/xilinx/ip/xfft.lib 
Execute         source D:/Softwares/Xilinx/Vivado/Vivado/2019.1/common/technology/xilinx/ip/xfir.lib 
Execute       source D:/Softwares/Xilinx/Vivado/Vivado/2019.1/common/technology/xilinx/common/xilinx.hlp 
Execute         source D:/Softwares/Xilinx/Vivado/Vivado/2019.1/common/technology/xilinx/common/target_info.tcl 
Execute         source D:/Softwares/Xilinx/Vivado/Vivado/2019.1/common/technology/xilinx/interface/xilinx_interface.hlp 
Execute           source D:/Softwares/Xilinx/Vivado/Vivado/2019.1/common/technology/xilinx/interface/maxi.hlp 
Execute           source D:/Softwares/Xilinx/Vivado/Vivado/2019.1/common/technology/xilinx/interface/saxilite.hlp 
Execute         source D:/Softwares/Xilinx/Vivado/Vivado/2019.1/common/technology/xilinx/common/dsp48.hlp 
Execute       source D:/Softwares/Xilinx/Vivado/Vivado/2019.1/common/technology/xilinx/zynq/dsp48e1.hlp 
Execute       source D:/Softwares/Xilinx/Vivado/Vivado/2019.1/common/technology/xilinx/common/xilinx.hlp 
Execute         source D:/Softwares/Xilinx/Vivado/Vivado/2019.1/common/technology/xilinx/common/target_info.tcl 
Execute         source D:/Softwares/Xilinx/Vivado/Vivado/2019.1/common/technology/xilinx/interface/xilinx_interface.hlp 
Execute           source D:/Softwares/Xilinx/Vivado/Vivado/2019.1/common/technology/xilinx/interface/maxi.hlp 
Execute           source D:/Softwares/Xilinx/Vivado/Vivado/2019.1/common/technology/xilinx/interface/saxilite.hlp 
Execute         source D:/Softwares/Xilinx/Vivado/Vivado/2019.1/common/technology/xilinx/common/dsp48.hlp 
Command     import_lib done; 0.161 sec.
Execute     source D:/Softwares/Xilinx/Vivado/Vivado/2019.1/common/technology/xilinx/zynq/zynq.gen 
Execute       source D:/Softwares/Xilinx/Vivado/Vivado/2019.1/common/technology/xilinx/common/xilinx.gen 
Execute         source D:/Softwares/Xilinx/Vivado/Vivado/2019.1/common/technology/xilinx/interface/plb46.gen 
Execute         source D:/Softwares/Xilinx/Vivado/Vivado/2019.1/common/technology/xilinx/interface/fsl.gen 
Execute         source D:/Softwares/Xilinx/Vivado/Vivado/2019.1/common/technology/xilinx/interface/axi4.gen 
Execute         source D:/Softwares/Xilinx/Vivado/Vivado/2019.1/common/technology/xilinx/interface/nativeAXI4.gen 
Execute           source D:/Softwares/Xilinx/Vivado/Vivado/2019.1/common/technology/xilinx/interface/saxilite.gen 
Execute           source D:/Softwares/Xilinx/Vivado/Vivado/2019.1/common/technology/xilinx/interface/maxi.gen 
Execute         source D:/Softwares/Xilinx/Vivado/Vivado/2019.1/common/technology/xilinx/scripts/xilinxcoregen.gen 
Execute         source D:/Softwares/Xilinx/Vivado/Vivado/2019.1/common/technology/xilinx/interface/XilEDKCoreGen.gen 
Execute         source D:/Softwares/Xilinx/Vivado/Vivado/2019.1/common/technology/xilinx/ip/dds_compiler.gen 
Execute         source D:/Softwares/Xilinx/Vivado/Vivado/2019.1/common/technology/xilinx/ip/util.gen 
Execute         source D:/Softwares/Xilinx/Vivado/Vivado/2019.1/common/technology/xilinx/ip/xfft.gen 
Command         ap_source done; 0.204 sec.
Execute         source D:/Softwares/Xilinx/Vivado/Vivado/2019.1/common/technology/xilinx/ip/xfir.gen 
Execute         source D:/Softwares/Xilinx/Vivado/Vivado/2019.1/common/technology/xilinx/common/dsp48.gen 
Command       ap_source done; 0.346 sec.
Command     ap_source done; 0.351 sec.
Execute     open_platform DefaultPlatform 
Execute     import_lib D:/Softwares/Xilinx/Vivado/Vivado/2019.1/common/technology/xilinx/zynq/zynq_fpv6 
Execute       source D:/Softwares/Xilinx/Vivado/Vivado/2019.1/common/technology/xilinx/common/xilinx_fp.lib 
Execute       source D:/Softwares/Xilinx/Vivado/Vivado/2019.1/common/technology/xilinx/common/xilinx_fp.hlp 
Execute         source D:/Softwares/Xilinx/Vivado/Vivado/2019.1/common/technology/xilinx/common/xilinx.hlp 
Execute           source D:/Softwares/Xilinx/Vivado/Vivado/2019.1/common/technology/xilinx/common/target_info.tcl 
Execute           source D:/Softwares/Xilinx/Vivado/Vivado/2019.1/common/technology/xilinx/interface/xilinx_interface.hlp 
Execute             source D:/Softwares/Xilinx/Vivado/Vivado/2019.1/common/technology/xilinx/interface/maxi.hlp 
Execute             source D:/Softwares/Xilinx/Vivado/Vivado/2019.1/common/technology/xilinx/interface/saxilite.hlp 
Execute           source D:/Softwares/Xilinx/Vivado/Vivado/2019.1/common/technology/xilinx/common/dsp48.hlp 
Execute     source D:/Softwares/Xilinx/Vivado/Vivado/2019.1/common/technology/xilinx/zynq/zynq_fpv6.gen 
Execute       source D:/Softwares/Xilinx/Vivado/Vivado/2019.1/common/technology/xilinx/common/xilinx_fp.gen 
Execute     set_part xc7z020-clg484-1 
Execute       ap_part_info -name xc7z020-clg484-1 -data single -quiet 
Command       ap_part_info done; 2.703 sec.
Execute       ap_part_info -name xc7z020-clg484-1 -data info 
Execute       add_library xilinx/zynq/zynq:xc7z020:-clg484:-1 
Execute         get_default_platform 
Execute         license_isbetapart xc7z020 
Command         license_isbetapart done; error code: 1; 
Execute         ap_part_info -data single -name xc7z020-clg484-1 
Execute         ap_part_info -name xc7z020-clg484-1 -data resources 
Execute         ap_part_info -name xc7z020-clg484-1 -data info 
Execute         ap_part_info -name xc7z020-clg484-1 -data info 
Execute         config_chip_info -quiet -resource {SLICE 13300} {LUT 53200} {FF 106400} {DSP48E 220} {BRAM 280} {URAM 0} 
Execute         ap_part_info -name xc7z020-clg484-1 -data info 
Execute         config_chip_info -quiet -speed slow 
Execute       add_library xilinx/zynq/zynq_fpv6 
Execute         get_default_platform 
Execute         open_platform DefaultPlatform 
Execute         import_lib D:/Softwares/Xilinx/Vivado/Vivado/2019.1/common/technology/xilinx/zynq/zynq_fpv6 
Execute           source D:/Softwares/Xilinx/Vivado/Vivado/2019.1/common/technology/xilinx/common/xilinx_fp.lib 
Execute           source D:/Softwares/Xilinx/Vivado/Vivado/2019.1/common/technology/xilinx/common/xilinx_fp.hlp 
Execute             source D:/Softwares/Xilinx/Vivado/Vivado/2019.1/common/technology/xilinx/common/xilinx.hlp 
Execute               source D:/Softwares/Xilinx/Vivado/Vivado/2019.1/common/technology/xilinx/common/target_info.tcl 
Execute               source D:/Softwares/Xilinx/Vivado/Vivado/2019.1/common/technology/xilinx/interface/xilinx_interface.hlp 
Execute                 source D:/Softwares/Xilinx/Vivado/Vivado/2019.1/common/technology/xilinx/interface/maxi.hlp 
Execute                 source D:/Softwares/Xilinx/Vivado/Vivado/2019.1/common/technology/xilinx/interface/saxilite.hlp 
Execute               source D:/Softwares/Xilinx/Vivado/Vivado/2019.1/common/technology/xilinx/common/dsp48.hlp 
Execute         source D:/Softwares/Xilinx/Vivado/Vivado/2019.1/common/technology/xilinx/zynq/zynq_fpv6.gen 
Execute           source D:/Softwares/Xilinx/Vivado/Vivado/2019.1/common/technology/xilinx/common/xilinx_fp.gen 
INFO: [HLS 200-10] Setting target device to 'xc7z020-clg484-1'
Execute       ap_part_info -name xc7z020-clg484-1 -data info 
Execute       get_default_platform 
Command     set_part done; 3.052 sec.
Execute     ap_part_info -data single -name xc7z020-clg484-1 
Execute     ap_part_info -name xc7z020-clg484-1 -data resources 
Execute     ap_part_info -name xc7z020-clg484-1 -data info 
Execute     ap_part_info -name xc7z020-clg484-1 -data info 
Execute     config_chip_info -quiet -resource {SLICE 13300} {LUT 53200} {FF 106400} {DSP48E 220} {BRAM 280} {URAM 0} 
Execute     ap_part_info -name xc7z020-clg484-1 -data info 
Execute     config_chip_info -quiet -speed slow 
Command   open_solution done; 3.739 sec.
Execute   set_part xc7z020clg484-1 -tool vivado 
Execute     ap_part_info -name xc7z020clg484-1 -data single -quiet 
Execute     ap_part_info -name xc7z020clg484-1 -data info 
Execute     add_library xilinx/zynq/zynq:xc7z020:-clg484:-1 
Execute       get_default_platform 
Execute       license_isbetapart xc7z020 
Command       license_isbetapart done; error code: 1; 
Execute       ap_part_info -data single -name xc7z020-clg484-1 
Execute       ap_part_info -name xc7z020-clg484-1 -data resources 
Execute       ap_part_info -name xc7z020-clg484-1 -data info 
Execute       ap_part_info -name xc7z020-clg484-1 -data info 
Execute       config_chip_info -quiet -resource {SLICE 13300} {LUT 53200} {FF 106400} {DSP48E 220} {BRAM 280} {URAM 0} 
Execute       ap_part_info -name xc7z020-clg484-1 -data info 
Execute       config_chip_info -quiet -speed slow 
Execute     add_library xilinx/zynq/zynq_fpv6 
Execute       get_default_platform 
Execute       open_platform DefaultPlatform 
Execute       import_lib D:/Softwares/Xilinx/Vivado/Vivado/2019.1/common/technology/xilinx/zynq/zynq_fpv6 
Execute         source D:/Softwares/Xilinx/Vivado/Vivado/2019.1/common/technology/xilinx/common/xilinx_fp.lib 
Execute         source D:/Softwares/Xilinx/Vivado/Vivado/2019.1/common/technology/xilinx/common/xilinx_fp.hlp 
Execute           source D:/Softwares/Xilinx/Vivado/Vivado/2019.1/common/technology/xilinx/common/xilinx.hlp 
Execute             source D:/Softwares/Xilinx/Vivado/Vivado/2019.1/common/technology/xilinx/common/target_info.tcl 
Execute             source D:/Softwares/Xilinx/Vivado/Vivado/2019.1/common/technology/xilinx/interface/xilinx_interface.hlp 
Execute               source D:/Softwares/Xilinx/Vivado/Vivado/2019.1/common/technology/xilinx/interface/maxi.hlp 
Execute               source D:/Softwares/Xilinx/Vivado/Vivado/2019.1/common/technology/xilinx/interface/saxilite.hlp 
Execute             source D:/Softwares/Xilinx/Vivado/Vivado/2019.1/common/technology/xilinx/common/dsp48.hlp 
Execute       source D:/Softwares/Xilinx/Vivado/Vivado/2019.1/common/technology/xilinx/zynq/zynq_fpv6.gen 
Execute         source D:/Softwares/Xilinx/Vivado/Vivado/2019.1/common/technology/xilinx/common/xilinx_fp.gen 
Execute     ap_part_info -name xc7z020-clg484-1 -data info 
Execute     get_default_platform 
Command   set_part done; 0.339 sec.
Execute   create_clock -period 10 -name default 
Execute     config_clock -quiet -name default -period 10 -default=false 
INFO: [SYN 201-201] Setting up clock 'default' with a period of 10ns.
Execute   set_clock_uncertainty 1.25 
Execute   csynth_design 
Execute     get_config_compile -dump_cfg 
Execute     get_config_compile -effort 
Execute     get_config_compile -enable_clang39 
Execute     get_config_compile -g 
Execute     get_config_compile -ng 
Execute     get_config_compile -opt_fp 
Execute     get_config_compile -skip_cdt 
Execute     get_config_compile -skip_syncheck 
Execute     get_config_compile -skip_transform 
Execute     get_config_compile -keep_printf 
Execute     elaborate -effort=medium -skip_syncheck=0 -keep_printf=0 -skip_cdt=0 -skip_transform=0 -ng=0 -g=0 -opt_fp=0 -from_csynth_design=1 
Execute       get_config_schedule -relax_ii_for_timing 
INFO: [SCHED 204-61] Option 'relax_ii_for_timing' is enabled, will increase II to preserve clock frequency constraints.
Execute       get_config_schedule -suppress_dependence_error_break 
INFO: [HLS 200-10] Analyzing design file 'least_squares/least_squares.cpp' ... 
INFO-FLOW: Compiling one TU...
Execute       is_m_axi_addr64 
INFO-FLOW: Handling least_squares/least_squares.cpp as C++
Execute       ap_part_info -name xc7z020-clg484-1 -data info 
Execute       is_encrypted least_squares/least_squares.cpp 
Execute       ap_part_info -name xc7z020-clg484-1 -data info 
INFO-FLOW: Running: GCC PP
INFO-FLOW: Source preprocessing
Execute       clang  -fno-limit-debug-info -gcc-toolchain "D:/Softwares/Xilinx/Vivado/Vivado/2019.1/msys" -hls  -fno-exceptions  -D__llvm__  -E "least_squares/least_squares.cpp"     -fno-math-errno -c -emit-llvm -O0  -mllvm -disable-llvm-optzns -fno-threadsafe-statics  -fno-use-cxa-atexit  -fno-threadsafe-statics -fno-use-cxa-atexit -D__CLANG_3_1__ -D__cdecl= -DAESL_SYN -D__SYNTHESIS__ -D__HLS_SYN__ -I "D:/Softwares/Xilinx/Vivado/Vivado/2019.1/common/technology/autopilot" -I "D:/Softwares/Xilinx/Vivado/Vivado/2019.1/common/technology/autopilot/ap_sysc" -include etc/autopilot_ssdm_op.h -D__DSP48E1__  -o "D:/IIIT-D/Independent_Project/HLS/least_squares/1__non_optimized/.autopilot/db/least_squares.pp.0.cpp" 
INFO-FLOW: exec D:/Softwares/Xilinx/Vivado/Vivado/2019.1/win64/tools/clang/bin/clang -fno-limit-debug-info -gcc-toolchain D:/Softwares/Xilinx/Vivado/Vivado/2019.1/msys -hls -fno-exceptions -D__llvm__ -E least_squares/least_squares.cpp -fno-math-errno -c -emit-llvm -O0 -mllvm -disable-llvm-optzns -fno-threadsafe-statics -fno-use-cxa-atexit -fno-threadsafe-statics -fno-use-cxa-atexit -D__CLANG_3_1__ -D__cdecl= -DAESL_SYN -D__SYNTHESIS__ -D__HLS_SYN__ -I D:/Softwares/Xilinx/Vivado/Vivado/2019.1/common/technology/autopilot -I D:/Softwares/Xilinx/Vivado/Vivado/2019.1/common/technology/autopilot/ap_sysc -include etc/autopilot_ssdm_op.h -D__DSP48E1__ -o D:/IIIT-D/Independent_Project/HLS/least_squares/1__non_optimized/.autopilot/db/least_squares.pp.0.cpp
Command       clang done; 4.512 sec.
Execute       tidy_31 xilinx-xfmat-array-geometry D:/IIIT-D/Independent_Project/HLS/least_squares/1__non_optimized/.autopilot/db/least_squares.pp.0.cpp std=gnu++98 
INFO-FLOW: exec D:/Softwares/Xilinx/Vivado/Vivado/2019.1/win64/tools/clang-3.9-csynth/bin/tidy-3.1 -header-filter=.* -checks=-*,xilinx-xfmat-array-geometry -quiet -fix D:/IIIT-D/Independent_Project/HLS/least_squares/1__non_optimized/.autopilot/db/least_squares.pp.0.cpp -- -std=gnu++98 -fhls -ferror-limit=0
Command       tidy_31 done; 2.296 sec.
INFO-FLOW: Syntax Checking before pre-processing...
Execute       clang -syntaxcheck -src D:/IIIT-D/Independent_Project/HLS/least_squares/1__non_optimized/.autopilot/db/least_squares.pp.0.cpp  -fno-limit-debug-info -gcc-toolchain "D:/Softwares/Xilinx/Vivado/Vivado/2019.1/msys" -hls    -fno-math-errno -c -emit-llvm -O0  -mllvm -disable-llvm-optzns -fno-threadsafe-statics  -fno-use-cxa-atexit  -fno-threadsafe-statics -fno-use-cxa-atexit -D__CLANG_3_1__ -D__cdecl= -DAESL_SYN -D__SYNTHESIS__ -D__HLS_SYN__ -I "D:/Softwares/Xilinx/Vivado/Vivado/2019.1/common/technology/autopilot" -I "D:/Softwares/Xilinx/Vivado/Vivado/2019.1/common/technology/autopilot/ap_sysc" -include etc/autopilot_ssdm_op.h -D__DSP48E1__  "D:/IIIT-D/Independent_Project/HLS/least_squares/1__non_optimized/.autopilot/db/least_squares.pp.0.cpp"  -o "D:/IIIT-D/Independent_Project/HLS/least_squares/1__non_optimized/.autopilot/db/useless.bc"  
INFO-FLOW: exec D:/Softwares/Xilinx/Vivado/Vivado/2019.1/win64/tools/clang/bin/clang -fno-limit-debug-info -gcc-toolchain D:/Softwares/Xilinx/Vivado/Vivado/2019.1/msys -hls -fno-math-errno -c -emit-llvm -O0 -mllvm -disable-llvm-optzns -fno-threadsafe-statics -fno-use-cxa-atexit -fno-threadsafe-statics -fno-use-cxa-atexit -D__CLANG_3_1__ -D__cdecl= -DAESL_SYN -D__SYNTHESIS__ -D__HLS_SYN__ -I D:/Softwares/Xilinx/Vivado/Vivado/2019.1/common/technology/autopilot -I D:/Softwares/Xilinx/Vivado/Vivado/2019.1/common/technology/autopilot/ap_sysc -include etc/autopilot_ssdm_op.h -D__DSP48E1__ D:/IIIT-D/Independent_Project/HLS/least_squares/1__non_optimized/.autopilot/db/least_squares.pp.0.cpp -o D:/IIIT-D/Independent_Project/HLS/least_squares/1__non_optimized/.autopilot/db/useless.bc
Command       clang done; 4.262 sec.
INFO-FLOW: Done: GCC PP time: 11.1 seconds per iteration
Execute       source D:/Softwares/Xilinx/Vivado/Vivado/2019.1/tps/tcl/tcllib1.11.1/yaml/huddle.tcl 
Execute       source D:/Softwares/Xilinx/Vivado/Vivado/2019.1/tps/tcl/tcllib1.11.1/yaml/json2huddle.tcl 
Execute         source D:/Softwares/Xilinx/Vivado/Vivado/2019.1/tps/tcl/tcllib1.11.1/try/try.tcl 
Execute       list_core -type functional_unit 
Execute       tidy_31 xilinx-systemc-detector D:/IIIT-D/Independent_Project/HLS/least_squares/1__non_optimized/.autopilot/db/least_squares.pp.0.cpp std=gnu++98 -directive=D:/IIIT-D/Independent_Project/HLS/least_squares/1__non_optimized/.autopilot/db/.systemc_flag 
INFO-FLOW: exec D:/Softwares/Xilinx/Vivado/Vivado/2019.1/win64/tools/clang-3.9-csynth/bin/tidy-3.1 -header-filter=.* -checks=-*,xilinx-systemc-detector -import-directive=D:/IIIT-D/Independent_Project/HLS/least_squares/1__non_optimized/.autopilot/db/.systemc_flag -quiet -fix-errors D:/IIIT-D/Independent_Project/HLS/least_squares/1__non_optimized/.autopilot/db/least_squares.pp.0.cpp -- -std=gnu++98 -fhls -ferror-limit=0
Command       tidy_31 done; 1.798 sec.
INFO-FLOW: Running: tidy-3.1 CDT preprocess
Execute       tidy_31 xilinx-directive2pragma D:/IIIT-D/Independent_Project/HLS/least_squares/1__non_optimized/.autopilot/db/least_squares.pp.0.cpp std=gnu++98 -directive=D:/IIIT-D/Independent_Project/HLS/least_squares/1__non_optimized/.autopilot/db/all.directive.json 
INFO-FLOW: exec D:/Softwares/Xilinx/Vivado/Vivado/2019.1/win64/tools/clang-3.9-csynth/bin/tidy-3.1 -header-filter=.* -checks=-*,xilinx-directive2pragma -import-directive=D:/IIIT-D/Independent_Project/HLS/least_squares/1__non_optimized/.autopilot/db/all.directive.json -quiet -fix-errors D:/IIIT-D/Independent_Project/HLS/least_squares/1__non_optimized/.autopilot/db/least_squares.pp.0.cpp -- -std=gnu++98 -fhls -ferror-limit=0
Command       tidy_31 done; 1.731 sec.
Execute       get_config_dataflow -strict_mode 
Execute       ap_eval exec -ignorestderr D:/Softwares/Xilinx/Vivado/Vivado/2019.1/win64/tools/clang-3.9-csynth/bin/xilinx-dataflow-lawyer -export-fixes=D:/IIIT-D/Independent_Project/HLS/least_squares/1__non_optimized/.autopilot/db/xilinx-dataflow-lawyer.least_squares.pp.0.cpp.diag.yml D:/IIIT-D/Independent_Project/HLS/least_squares/1__non_optimized/.autopilot/db/least_squares.pp.0.cpp -- -std=gnu++98 -fhls -ferror-limit=0 -fstrict-dataflow > D:/IIIT-D/Independent_Project/HLS/least_squares/1__non_optimized/.autopilot/db/xilinx-dataflow-lawyer.least_squares.pp.0.cpp.out.log 2> D:/IIIT-D/Independent_Project/HLS/least_squares/1__non_optimized/.autopilot/db/xilinx-dataflow-lawyer.least_squares.pp.0.cpp.err.log 
Command       ap_eval done; 1.471 sec.
Execute       tidy_31 -errorcheck xilinx-constantarray-param,xilinx-resource-pragma-transformer,xilinx-xfmat-array-geometry D:/IIIT-D/Independent_Project/HLS/least_squares/1__non_optimized/.autopilot/db/least_squares.pp.0.cpp std=gnu++98 
Execute         ap_eval exec -ignorestderr D:/Softwares/Xilinx/Vivado/Vivado/2019.1/win64/tools/clang-3.9-csynth/bin/tidy-3.1 -export-fixes=D:/IIIT-D/Independent_Project/HLS/least_squares/1__non_optimized/.autopilot/db/tidy-3.1.least_squares.pp.0.cpp.diag.yml -header-filter=.* -checks=-*,xilinx-constantarray-param,xilinx-resource-pragma-transformer,xilinx-xfmat-array-geometry -quiet -fix-errors D:/IIIT-D/Independent_Project/HLS/least_squares/1__non_optimized/.autopilot/db/least_squares.pp.0.cpp -- -std=gnu++98 -fhls -ferror-limit=0 > D:/IIIT-D/Independent_Project/HLS/least_squares/1__non_optimized/.autopilot/db/tidy-3.1.least_squares.pp.0.cpp.out.log 2> D:/IIIT-D/Independent_Project/HLS/least_squares/1__non_optimized/.autopilot/db/tidy-3.1.least_squares.pp.0.cpp.err.log 
Command         ap_eval done; 2.181 sec.
Execute         ap_eval exec -ignorestderr D:/Softwares/Xilinx/Vivado/Vivado/2019.1/win64/tools/clang-3.9-csynth/bin/xilinx-legacy-rewriter D:/IIIT-D/Independent_Project/HLS/least_squares/1__non_optimized/.autopilot/db/least_squares.pp.0.cpp -- -std=gnu++98 -fhls -ferror-limit=0 > D:/IIIT-D/Independent_Project/HLS/least_squares/1__non_optimized/.autopilot/db/xilinx-legacy-rewriter.least_squares.pp.0.cpp.out.log 2> D:/IIIT-D/Independent_Project/HLS/least_squares/1__non_optimized/.autopilot/db/xilinx-legacy-rewriter.least_squares.pp.0.cpp.err.log 
Command         ap_eval done; 1.622 sec.
Command       tidy_31 done; 3.85 sec.
INFO-FLOW: Done: tidy-3.1 CDT preprocess time: 7.1 seconds per iteration
INFO-FLOW: Pragma Handling...
Execute       tidy_31 xilinx-ssdm-intrinsics-arguments D:/IIIT-D/Independent_Project/HLS/least_squares/1__non_optimized/.autopilot/db/least_squares.pragma.1.cpp std=gnu++98 
INFO-FLOW: exec D:/Softwares/Xilinx/Vivado/Vivado/2019.1/win64/tools/clang-3.9-csynth/bin/tidy-3.1 -header-filter=.* -checks=-*,xilinx-ssdm-intrinsics-arguments -quiet -fix-errors D:/IIIT-D/Independent_Project/HLS/least_squares/1__non_optimized/.autopilot/db/least_squares.pragma.1.cpp -- -std=gnu++98 -fhls -ferror-limit=0
Command       tidy_31 done; 2.102 sec.
Execute       ap_part_info -name xc7z020-clg484-1 -data info 
INFO-FLOW: Processing labels
Execute       clang -src D:/IIIT-D/Independent_Project/HLS/least_squares/1__non_optimized/.autopilot/db/least_squares.pragma.2.cpp  -fno-limit-debug-info -gcc-toolchain D:/Softwares/Xilinx/Vivado/Vivado/2019.1/msys -hls -hls-analyze-label -hls-analyze-pragma -fno-exceptions  -D__llvm__  -w  "D:/IIIT-D/Independent_Project/HLS/least_squares/1__non_optimized/.autopilot/db/least_squares.pragma.2.cpp"    -fno-math-errno -c -emit-llvm -O0  -mllvm -disable-llvm-optzns -fno-threadsafe-statics  -fno-use-cxa-atexit -DAESL_SYN -D__SYNTHESIS__ -D__HLS_SYN__ -I "D:/Softwares/Xilinx/Vivado/Vivado/2019.1/common/technology/autopilot" -I "D:/Softwares/Xilinx/Vivado/Vivado/2019.1/common/technology/autopilot/ap_sysc" -include etc/autopilot_ssdm_op.h -D__DSP48E1__ -g -o "D:/IIIT-D/Independent_Project/HLS/least_squares/1__non_optimized/.autopilot/db/least_squares.bc" 
INFO-FLOW: exec D:/Softwares/Xilinx/Vivado/Vivado/2019.1/win64/tools/clang/bin/clang -fno-limit-debug-info -gcc-toolchain D:/Softwares/Xilinx/Vivado/Vivado/2019.1/msys -hls -hls-analyze-label -hls-analyze-pragma -fno-exceptions -D__llvm__ -w D:/IIIT-D/Independent_Project/HLS/least_squares/1__non_optimized/.autopilot/db/least_squares.pragma.2.cpp -fno-math-errno -c -emit-llvm -O0 -mllvm -disable-llvm-optzns -fno-threadsafe-statics -fno-use-cxa-atexit -DAESL_SYN -D__SYNTHESIS__ -D__HLS_SYN__ -I D:/Softwares/Xilinx/Vivado/Vivado/2019.1/common/technology/autopilot -I D:/Softwares/Xilinx/Vivado/Vivado/2019.1/common/technology/autopilot/ap_sysc -include etc/autopilot_ssdm_op.h -D__DSP48E1__ -g -o D:/IIIT-D/Independent_Project/HLS/least_squares/1__non_optimized/.autopilot/db/least_squares.bc
Command       clang done; 3.801 sec.
INFO-FLOW: Linking Debug ...
Execute       llvm-ld D:/IIIT-D/Independent_Project/HLS/least_squares/1__non_optimized/.autopilot/db/least_squares.g.bc -hls-opt -except-internalize LS_estimator -LD:/Softwares/Xilinx/Vivado/Vivado/2019.1/win64/lib -lhlsm -lhlsmc++ -o D:/IIIT-D/Independent_Project/HLS/least_squares/1__non_optimized/.autopilot/db/a.g 
Command       llvm-ld done; 12.515 sec.
INFO: [HLS 200-111] Finished Linking Time (s): cpu = 00:00:03 ; elapsed = 00:00:46 . Memory (MB): peak = 184.348 ; gain = 92.809
INFO: [HLS 200-111] Finished Checking Pragmas Time (s): cpu = 00:00:03 ; elapsed = 00:00:46 . Memory (MB): peak = 184.348 ; gain = 92.809
Execute       get_config_sdx -target 
Execute       opt_and_import_c a -opt_level=2 -skip_syncheck=0 -ng=0 -keep_printf=0 
Execute         cleanup_all_models 
INFO: [HLS 200-10] Starting code transformations ...
Execute         transform -promote-dbg-pointer D:/IIIT-D/Independent_Project/HLS/least_squares/1__non_optimized/.autopilot/db/a.pp.bc -o D:/IIIT-D/Independent_Project/HLS/least_squares/1__non_optimized/.autopilot/db/a.pp.0.bc -f 
Command         transform done; 0.497 sec.
Execute         llvm-ld D:/IIIT-D/Independent_Project/HLS/least_squares/1__non_optimized/.autopilot/db/a.pp.0.bc -disable-opt -LD:/Softwares/Xilinx/Vivado/Vivado/2019.1/win64/lib -lfloatconversion -o D:/IIIT-D/Independent_Project/HLS/least_squares/1__non_optimized/.autopilot/db/a.g.0 
Command         llvm-ld done; 1.958 sec.
INFO-FLOW: Running Standard Transforms...
Execute         transform -hls -share-std-xform -demangle-name -inline-byval-memcpy -always-inline -promote-dbg-pointer -interface-preproc -mem2reg -scalarrepl -mem2reg -keep-read-access -instcombine -dce -promote-dbg-pointer -bitop-raise -loop-simplify -indvarspre -indvars -loop-simplify -xunroll -constprop -instcombine -simplifycfg -indvars -simplifycfg -dce -globaldce -basicaa -simplifycfg -mem2reg -globalopt -global-constprop -deadargelim -instcombine -simplifycfg -prune-eh -simplifycfg -scalarrepl -instcombine -reassociate -licm -simplifycfg -loop-simplify -indvars -instcombine -simplifycfg -mem2reg -loop-simplify -indvars -instcombine -gvn -gvn -instcombine -adce -break-crit-edges -simplifycfg -loop-delete -global-array-opt -dce -dse -adce -find-syn-modules -top LS_estimator -deadargelim -mem2reg -instcombine -dce -presyn-prepare -auto-rom-infer -interface-preproc -syn-check -check-rec-only -find-region -simplifycfg -func-extr -function-inline -globaldce -mem2reg -instcombine -dce -gvn -globaldce -adce -adse -constprop -instcombine -bit-constprop -instcombine -dce -simplifycfg -bitop-raise -simplifycfg -dce -loop-delete -reassociate -globalopt -global-privatize -mem2reg -dce -global-constprop -pointer-simplify -constprop -dce -func-inst -deadargelim -auto-shift-reg-idiom -promote-dbg-pointer -norm-name D:/IIIT-D/Independent_Project/HLS/least_squares/1__non_optimized/.autopilot/db/a.g.0.bc -o D:/IIIT-D/Independent_Project/HLS/least_squares/1__non_optimized/.autopilot/db/a.g.1.bc -f -phase std-opt 
Command         transform done; 0.32 sec.
INFO: [HLS 200-111] Finished Standard Transforms Time (s): cpu = 00:00:03 ; elapsed = 00:00:49 . Memory (MB): peak = 184.348 ; gain = 92.809
INFO: [HLS 200-10] Checking synthesizability ...
INFO-FLOW: Checking Synthesizability 1/2..
Execute         transform -hls -syn-check -check-rec-only -disaggr -scalarrepl -norm-name -dce -mem2reg -instcombine -function-uniquify -directive-preproc -mem2reg -dse -dce -auto-rom-infer -dce -pag -array-normalize -instcombine -dce -warn-fifo-pointer -array-seg-normalize -instcombine -dce -array-flatten -instcombine -dce -array-burst -dce -deadargelim -promote-global-argument -simplifycfg -mem2reg -globaldce -dce -deadargelim -dce -instcombine -function-inline -globaldce -dce -doublePtrSimplify -doublePtrElim -dce -doublePtrSimplify -promote-dbg-pointer -dce -scalarrepl -dse -adse -instcombine -ptrLegalization -simplifycfg -dce -instcombine -pointer-simplify -ptrArgReplace -dce -instcombine -resolve-double-ptr -disaggr -scalarrepl -norm-name -dce -mem2reg -instcombine -ptrLegalization -simplifycfg -deadargelim -instcombine -dce -inst-simplify -function-uniquify -directive-preproc -mem2reg -dse -dce -globaldce -check-dspbuiltin D:/IIIT-D/Independent_Project/HLS/least_squares/1__non_optimized/.autopilot/db/a.g.1.bc -o D:/IIIT-D/Independent_Project/HLS/least_squares/1__non_optimized/.autopilot/db/a.g.2.prechk.bc -f 
INFO: [XFORM 203-602] Inlining function 'std::complex<float>::operator/=<float>' into 'std::operator/<float>' () automatically.
INFO: [XFORM 203-602] Inlining function 'std::operator/<float>' into 'LS_estimator' (least_squares/least_squares.cpp:29) automatically.
Command         transform done; 0.246 sec.
INFO-FLOW: Checking Synthesizability 2/2..
Execute         transform -syn-check D:/IIIT-D/Independent_Project/HLS/least_squares/1__non_optimized/.autopilot/db/a.g.2.prechk.bc -o D:/IIIT-D/Independent_Project/HLS/least_squares/1__non_optimized/.autopilot/db/a.g.2.bc -f -phase syn-check 
INFO: [HLS 200-111] Finished Checking Synthesizability Time (s): cpu = 00:00:04 ; elapsed = 00:00:50 . Memory (MB): peak = 184.348 ; gain = 92.809
INFO-FLOW: Compiler optimizing ...
INFO-FLOW: Share syncheck's 1.bc for syn flow: copy D:/IIIT-D/Independent_Project/HLS/least_squares/1__non_optimized/.autopilot/db/a.g.1.bc to D:/IIIT-D/Independent_Project/HLS/least_squares/1__non_optimized/.autopilot/db/a.o.1.bc
INFO-FLOW: Presyn 1...
Execute         transform -hls -tmp D:/IIIT-D/Independent_Project/HLS/least_squares/1__non_optimized/.autopilot/db -interface-port-rename -type-info -function-uniquify -directive-preproc -mem2reg -dse -dce -disaggr -scalarrepl -norm-name -deadargelim -mem2reg -instcombine -dce -simplifycfg -auto-rom-infer -dce -function-uniquify -resource-proc -clib-intrinsic-prepare -dce -func-buffer -dce -pag -array-normalize -func-legal -instcombine -gvn -constprop -dce -simplifycfg -mem2reg -globaldce -resolve-double-ptr -dce -deadargelim -dce -instcombine -ptrArgReplace -mem2reg -dce -array-seg-normalize -deadargelim -instcombine -dce -pointer-simplify -dce -port-alignment -dce -interface-preproc -data-pack -instcombine -dce -basicaa -aggr-aa -aggrmodref-aa -aggr-aa -gvn -gvn -basicaa -aggr-aa -aggrmodref-aa -aggr-aa -dse -adse -adce -loop-simplify -indvars -instcombine -gvn -loop-simplify -mem2reg -dce -find-region -instcombine -auto-loop-pipeline -inst-simplify -interface-preproc -cfgopt -instcombine -indvars -auto-loop-unroll -loop-simplify -loop-bound -xunroll -constprop -instcombine -simplifycfg -indvars -simplifycfg -dce -globaldce -clean-region -attach-range -gvn -inst-simplify -constprop -simplifycfg -dce -pointer-simplify -dce -globalopt -constprop -dce -array-promote -constprop -dce -ptrArgReplace -mem2reg -simplifycfg -dce -auto-par -instcombine -dce -array-transform-check -array-reshape -instcombine -simplifycfg -dce -ptrArgReplace -deadargelim -mem2reg -instcombine -simplifycfg -dce -indvars -loop-simplify -loop-bound -xunroll -constprop -instcombine -simplifycfg -indvars -simplifycfg -dce -globaldce -basicaa -aggr-aa -aggrmodref-aa -aggr-aa -dse -duplicate-dataflow-processes -globaldce -instcombine -array-partition -instcombine -simplifycfg -dce -ptrArgReplace -global-constprop -deadargelim -mem2reg -func-legal -dce -global-constprop -deadargelim -mem2reg -simplifycfg -dce -merge-param -deadargelim -globalopt -constprop -dce -array-promote -constprop -dce -ptrArgReplace -mem2reg -simplifycfg -dce -mem-intrinsic-preproc -dce -global-internalize -global-privatize -mem2reg -globaldce -promote-global-argument -ptrArgReplace -mem2reg -dce -globalopt -mergereturn -simplify-global-access -mem2reg -dce -pointer-simplify -dce -functionattrs -basicaa -aggr-aa -aggrmodref-aa -aggr-aa -gvn -gvn -basicaa -aggr-aa -aggrmodref-aa -aggr-aa -dse -adse -adce -dce -norm-name -function-inline -complex-op-raise -inst-simplify -globaldce -func-inst -constprop -instcombine -simplifycfg -dce -func-legal -dce -loop-bound -arraycheck -bitwidthmin -on-by-dataflow -loop-delete -instcombine -simplifycfg -globaldce -dce -gvn -deadargelim -dce -loop-simplify -clean-region -simplifycfg -propagate-stable-arguments -loop-stream -instcombine -simplifycfg -dce -globaldce -duplicate-dataflow-processes -stream-intrinsic-preproc -dce -check-ap-stream -loop-simplify -eliminate-keepreads -extract-dataflow-in-loop -loop-simplify -dce -gvn -deadargelim -dse -check-dataflow-syntax -legalize-stream-variable -legalize-global -extract-subproc -dce -dead-channel-elimination -canonicalize-gep -globaldce -dce -gvn -deadargelim -annotate-dataflow-channels -scalar-propagation -deadargelim -globaldce -mem2reg -check-dataflow-channels -function-stream -dce -globaldce -prop-fifo-spec -internal-stream-gen -canonicalize-gep -globaldce -dce -gvn -deadargelim -mergereturn -indvars -loop-simplify -instcombine -array-stream -array-seg-normalize -array-partition -func-legal -instcombine -simplifycfg -dce -bundle-memfifo-ops -deadargelim -function-uniquify -directive-preproc -mem2reg -dse -dce -group-axi-access -licm -simplifycfg -dce -loop-delete -norm-name D:/IIIT-D/Independent_Project/HLS/least_squares/1__non_optimized/.autopilot/db/a.o.1.bc -o D:/IIIT-D/Independent_Project/HLS/least_squares/1__non_optimized/.autopilot/db/a.o.1.tmp.bc -f 
INFO: [XFORM 203-1101] Packing variable 'out_stream.V.data' (least_squares/least_squares.cpp:3) into a 64-bit variable.
INFO: [XFORM 203-1101] Packing variable 'in_stream.V.data' (least_squares/least_squares.cpp:3) into a 64-bit variable.
INFO: [XFORM 203-602] Inlining function 'std::complex<float>::operator/=<float>' into 'std::operator/<float>' () automatically.
INFO: [XFORM 203-602] Inlining function 'std::operator/<float>' into 'LS_estimator' (least_squares/least_squares.cpp:29) automatically.
Command         transform done; 0.532 sec.
INFO-FLOW: Presyn 2...
Execute         transform -hls -keep-callgraph -scalarrepl -mem2reg -port-alignment -attach-range -dce -pipe-mux-gen -indvars -loop-bound -inst-simplify -instcombine -dce -merge-array-access -mem2reg -dce -clean-region -mergereturn -if-conv -instcombine -dce -constprop -basicaa -aggr-aa -aggrmodref-aa -aggr-aa -gvn -gvn -basicaa -aggr-aa -aggrmodref-aa -aggr-aa -dse -adse -adce -scalarrepl -mem2reg -global-constprop -deadargelim -deadargelim -instcombine -dce -simplifycfg -ptrArgReplace -mem2reg -function-inline -globaldce -mem2reg -instcombine -dce -expr-balance -instcombine -dce -bitwidthmin -interface-preproc -directive-preproc -inst-rectify -instcombine -dce -functionattrs -constprop -instcombine -bit-constprop -simplify-global-access -globalopt -globaldce -inst-simplify -instcombine -elimdeaddata -dce -loop-delete -simplifycfg -loop-simplify -auto-burst -norm-name D:/IIIT-D/Independent_Project/HLS/least_squares/1__non_optimized/.autopilot/db/a.o.1.tmp.bc -o D:/IIIT-D/Independent_Project/HLS/least_squares/1__non_optimized/.autopilot/db/a.o.2.bc -f -phase presyn 
Command         transform done; 0.207 sec.
INFO: [HLS 200-111] Finished Pre-synthesis Time (s): cpu = 00:00:04 ; elapsed = 00:00:50 . Memory (MB): peak = 184.348 ; gain = 92.809
INFO-FLOW: Building ssdm...
Execute         transform -hls -function-uniquify -auto-function-inline -globaldce -ptrArgReplace -mem2reg -dce -reset-lda -loop-simplify -indvars -licm -loop-dep -loop-bound -licm -loop-simplify -flattenloopnest -array-flatten -gvn -instcombine -dce -array-map -dce -func-legal -gvn -adce -instcombine -cfgopt -simplifycfg -loop-simplify -array-burst -promote-global-argument -dce -ptrLegalization -axi4-lower -array-seg-normalize -basicaa -aggrmodref-aa -globalsmodref-aa -aggr-aa -gvn -gvn -basicaa -aggrmodref-aa -globalsmodref-aa -aggr-aa -dse -adse -adce -licm -inst-simplify -dce -globaldce -instcombine -array-stream -eliminate-keepreads -instcombine -dce -deadargelim -doublePtrSimplify -doublePtrElim -dce -doublePtrSimplify -promote-dbg-pointer -dce -scalarrepl -mem2reg -disaggr -norm-name -mem2reg -instcombine -dse -adse -adce -ptrLegalization -dce -auto-rom-infer -array-flatten -dce -instcombine -check-doubleptr -loop-rot -constprop -cfgopt -simplifycfg -loop-simplify -indvars -pointer-simplify -dce -loop-bound -loop-simplify -loop-preproc -constprop -global-constprop -gvn -mem2reg -instcombine -dce -loop-bound -loop-merge -dce -bitwidthmin -deadargelim -dce -canonicalize-dataflow -dce -scalar-propagation -deadargelim -globaldce -mem2reg -read-loop-dep -interface-preproc -directive-preproc -interface-gen -bram-byte-enable -deadargelim -inst-simplify -dce -gvn -mem2reg -instcombine -dce -adse -loop-bound -instcombine -cfgopt -simplifycfg -loop-simplify -clean-region -io-protocol -find-region -mem2reg -bitop-raise -complex-op-raise -inst-simplify -inst-rectify -instcombine -adce -deadargelim -loop-simplify -phi-opt -bitop-raise -cfgopt -simplifycfg -strip-dead-prototypes -interface-lower -bitop-lower -intrinsic-lower -auto-function-inline -basicaa -aggrmodref-aa -globalsmodref-aa -aggr-aa -inst-simplify -simplifycfg -loop-simplify -mergereturn -inst-simplify -inst-rectify -dce -load-elim -bitop-lower -loop-rewind -pointer-simplify -dce -cfgopt -dce -loop-bound -loop-dep -read-loop-dep -dce -check-stream -norm-name -legalize -validate-dataflow -inst-clarity -bitwidth -dump-loop-dep-to-ir -check-all-ssdm -cdfg-build D:/IIIT-D/Independent_Project/HLS/least_squares/1__non_optimized/.autopilot/db/a.o.2.bc -o D:/IIIT-D/Independent_Project/HLS/least_squares/1__non_optimized/.autopilot/db/a.o.3.bc -f -phase build-ssdm 
Command         transform done; 0.497 sec.
INFO: [HLS 200-111] Finished Architecture Synthesis Time (s): cpu = 00:00:05 ; elapsed = 00:00:51 . Memory (MB): peak = 184.348 ; gain = 92.809
INFO-FLOW: Finish building internal data model.
Command       opt_and_import_c done; 4.431 sec.
Command     elaborate done; 43.954 sec.
Execute     autosyn -from_csynth_design=1 
INFO: [HLS 200-10] Starting hardware synthesis ...
INFO-FLOW: Synthesizing C/C++ design ...
INFO: [HLS 200-10] Synthesizing 'LS_estimator' ...
Execute       ap_set_top_model LS_estimator 
Execute       get_model_list LS_estimator -filter all-wo-channel -topdown 
Execute       preproc_iomode -model LS_estimator 
Execute       get_model_list LS_estimator -filter all-wo-channel 
INFO-FLOW: Model list for configure: LS_estimator
INFO-FLOW: Configuring Module : LS_estimator ...
Execute       set_default_model LS_estimator 
Execute       apply_spec_resource_limit LS_estimator 
INFO-FLOW: Model list for preprocess: LS_estimator
INFO-FLOW: Preprocessing Module: LS_estimator ...
Execute       set_default_model LS_estimator 
Execute       cdfg_preprocess -model LS_estimator 
Execute       rtl_gen_preprocess LS_estimator 
INFO-FLOW: Model list for synthesis: LS_estimator
INFO: [HLS 200-10] ----------------------------------------------------------------
INFO: [HLS 200-42] -- Implementing module 'LS_estimator' 
INFO: [HLS 200-10] ----------------------------------------------------------------
Execute       set_default_model LS_estimator 
Execute       schedule -model LS_estimator 
INFO: [SCHED 204-11] Starting scheduling ...
INFO: [SCHED 204-11] Finished scheduling.
Command       schedule done; 0.688 sec.
INFO: [HLS 200-111]  Elapsed time: 51.752 seconds; current allocated memory: 107.808 MB.
Execute       syn_report -verbosereport -o D:/IIIT-D/Independent_Project/HLS/least_squares/1__non_optimized/.autopilot/db/LS_estimator.verbose.sched.rpt 
INFO: [HLS 200-434] Only 0 loops out of a total 7 loops have been pipelined in this design.
Command       syn_report done; 0.394 sec.
Execute       db_write -o D:/IIIT-D/Independent_Project/HLS/least_squares/1__non_optimized/.autopilot/db/LS_estimator.sched.adb -f 
Command       db_write done; 0.193 sec.
INFO-FLOW: Finish scheduling LS_estimator.
Execute       set_default_model LS_estimator 
Execute       bind -model LS_estimator 
BIND OPTION: model=LS_estimator
INFO: [BIND 205-100] Starting micro-architecture generation ...
INFO: [BIND 205-101] Performing variable lifetime analysis.
INFO: [BIND 205-101] Exploring resource sharing.
INFO: [BIND 205-101] Binding ...
INFO: [BIND 205-100] Finished micro-architecture generation.
Command       bind done; 0.134 sec.
INFO: [HLS 200-111]  Elapsed time: 0.766 seconds; current allocated memory: 108.511 MB.
Execute       syn_report -verbosereport -o D:/IIIT-D/Independent_Project/HLS/least_squares/1__non_optimized/.autopilot/db/LS_estimator.verbose.bind.rpt 
Command       syn_report done; 0.226 sec.
Execute       db_write -o D:/IIIT-D/Independent_Project/HLS/least_squares/1__non_optimized/.autopilot/db/LS_estimator.bind.adb -f 
Command       db_write done; 0.125 sec.
INFO-FLOW: Finish binding LS_estimator.
Execute       get_model_list LS_estimator -filter all-wo-channel 
INFO-FLOW: Preprocessing for RTLGen ...
Execute       rtl_gen_preprocess LS_estimator 
INFO-FLOW: Model list for RTL generation: LS_estimator
INFO: [HLS 200-10] ----------------------------------------------------------------
INFO: [HLS 200-10] -- Generating RTL for module 'LS_estimator' 
INFO: [HLS 200-10] ----------------------------------------------------------------
Execute       get_config_rtl -module_prefix 
Execute       get_config_rtl -module_auto_prefix 
Execute       create_rtl_model LS_estimator -vendor xilinx -mg_file D:/IIIT-D/Independent_Project/HLS/least_squares/1__non_optimized/.autopilot/db/LS_estimator.compgen.tcl 
INFO: [RTGEN 206-500] Setting interface mode on port 'LS_estimator/in_stream_V_data' to 'axis' (register, both mode).
INFO: [RTGEN 206-500] Setting interface mode on port 'LS_estimator/in_stream_V_last_V' to 'axis' (register, both mode).
INFO: [RTGEN 206-500] Setting interface mode on port 'LS_estimator/out_stream_V_data' to 'axis' (register, both mode).
INFO: [RTGEN 206-500] Setting interface mode on port 'LS_estimator/out_stream_V_last_V' to 'axis' (register, both mode).
INFO: [RTGEN 206-500] Setting interface mode on function 'LS_estimator' to 'ap_ctrl_none'.
INFO: [SYN 201-210] Renamed object name 'LS_estimator_preamble_M_real' to 'LS_estimator_preabkb' due to the length limit 20
INFO: [SYN 201-210] Renamed object name 'LS_estimator_preamble_M_imag' to 'LS_estimator_preacud' due to the length limit 20
INFO: [SYN 201-210] Renamed object name 'LS_estimator_training_sym_M_real' to 'LS_estimator_traidEe' due to the length limit 20
INFO: [SYN 201-210] Renamed object name 'LS_estimator_training_sym_M_imag' to 'LS_estimator_traieOg' due to the length limit 20
INFO: [SYN 201-210] Renamed object name 'LS_estimator_LS_out_M_real' to 'LS_estimator_LS_ofYi' due to the length limit 20
INFO: [SYN 201-210] Renamed object name 'LS_estimator_LS_out_M_imag' to 'LS_estimator_LS_og8j' due to the length limit 20
INFO: [SYN 201-210] Renamed object name 'LS_estimator_fadd_32ns_32ns_32_5_full_dsp_1' to 'LS_estimator_faddhbi' due to the length limit 20
INFO: [SYN 201-210] Renamed object name 'LS_estimator_fsub_32ns_32ns_32_5_full_dsp_1' to 'LS_estimator_fsubibs' due to the length limit 20
INFO: [SYN 201-210] Renamed object name 'LS_estimator_fmul_32ns_32ns_32_4_max_dsp_1' to 'LS_estimator_fmuljbC' due to the length limit 20
INFO: [SYN 201-210] Renamed object name 'LS_estimator_fdiv_32ns_32ns_32_16_1' to 'LS_estimator_fdivkbM' due to the length limit 20
INFO: [RTGEN 206-100] Generating core module 'LS_estimator_faddhbi': 2 instance(s).
INFO: [RTGEN 206-100] Generating core module 'LS_estimator_fdivkbM': 2 instance(s).
INFO: [RTGEN 206-100] Generating core module 'LS_estimator_fmuljbC': 6 instance(s).
INFO: [RTGEN 206-100] Generating core module 'LS_estimator_fsubibs': 1 instance(s).
INFO: [RTGEN 206-100] Finished creating RTL model for 'LS_estimator'.
Command       create_rtl_model done; 0.355 sec.
INFO: [HLS 200-111]  Elapsed time: 0.809 seconds; current allocated memory: 109.763 MB.
Execute       source D:/IIIT-D/Independent_Project/HLS/least_squares/1__non_optimized/.autopilot/db/LS_estimator.rtl_wrap.cfg.tcl 
Execute       gen_rtl LS_estimator -istop -style xilinx -tracefl mytrace -tracefmt vcd -traceopt all -f -lang sc -o D:/IIIT-D/Independent_Project/HLS/least_squares/1__non_optimized/syn/systemc/LS_estimator -synmodules LS_estimator 
Execute       gen_rtl LS_estimator -istop -style xilinx -f -lang vhdl -o D:/IIIT-D/Independent_Project/HLS/least_squares/1__non_optimized/syn/vhdl/LS_estimator 
Execute       gen_rtl LS_estimator -istop -style xilinx -f -lang vlog -o D:/IIIT-D/Independent_Project/HLS/least_squares/1__non_optimized/syn/verilog/LS_estimator 
Execute       syn_report -csynth -model LS_estimator -o D:/IIIT-D/Independent_Project/HLS/least_squares/1__non_optimized/syn/report/LS_estimator_csynth.rpt 
Execute       syn_report -rtlxml -model LS_estimator -o D:/IIIT-D/Independent_Project/HLS/least_squares/1__non_optimized/syn/report/LS_estimator_csynth.xml 
Execute       syn_report -verbosereport -model LS_estimator -o D:/IIIT-D/Independent_Project/HLS/least_squares/1__non_optimized/.autopilot/db/LS_estimator.verbose.rpt 
Command       syn_report done; 0.248 sec.
Execute       db_write -model LS_estimator -f -o D:/IIIT-D/Independent_Project/HLS/least_squares/1__non_optimized/.autopilot/db/LS_estimator.adb 
Command       db_write done; 0.192 sec.
Execute       gen_tb_info LS_estimator -p D:/IIIT-D/Independent_Project/HLS/least_squares/1__non_optimized/.autopilot/db -o D:/IIIT-D/Independent_Project/HLS/least_squares/1__non_optimized/.autopilot/db/LS_estimator 
Execute       export_constraint_db -f -tool general -o D:/IIIT-D/Independent_Project/HLS/least_squares/1__non_optimized/.autopilot/db/LS_estimator.constraint.tcl 
Execute       syn_report -designview -model LS_estimator -o D:/IIIT-D/Independent_Project/HLS/least_squares/1__non_optimized/.autopilot/db/LS_estimator.design.xml 
Command       syn_report done; 0.123 sec.
Execute       get_config_rtl -disable_wave_debug 
Execute       syn_report -wcfg -model LS_estimator -o D:/IIIT-D/Independent_Project/HLS/least_squares/1__non_optimized/.autopilot/db/LS_estimator_dataflow_ana.wcfg 
Execute       syn_report -protoinst -model LS_estimator -o D:/IIIT-D/Independent_Project/HLS/least_squares/1__non_optimized/.autopilot/db/LS_estimator.protoinst 
Execute       get_config_debug -directory 
Execute       sc_get_clocks LS_estimator 
Execute       get_config_export -vivado_clock 
Execute       sc_get_portdomain LS_estimator 
INFO-FLOW: Model list for RTL component generation: LS_estimator
INFO-FLOW: Handling components in module [LS_estimator] ... 
Execute       source D:/IIIT-D/Independent_Project/HLS/least_squares/1__non_optimized/.autopilot/db/LS_estimator.compgen.tcl 
INFO-FLOW: Found component LS_estimator_faddhbi.
INFO-FLOW: Append model LS_estimator_faddhbi
INFO-FLOW: Found component LS_estimator_fsubibs.
INFO-FLOW: Append model LS_estimator_fsubibs
INFO-FLOW: Found component LS_estimator_fmuljbC.
INFO-FLOW: Append model LS_estimator_fmuljbC
INFO-FLOW: Found component LS_estimator_fdivkbM.
INFO-FLOW: Append model LS_estimator_fdivkbM
INFO-FLOW: Found component LS_estimator_preabkb.
INFO-FLOW: Append model LS_estimator_preabkb
INFO-FLOW: Append model LS_estimator
INFO-FLOW: Generating RTL model list ...
INFO-FLOW: All models in this session: LS_estimator_faddhbi LS_estimator_fsubibs LS_estimator_fmuljbC LS_estimator_fdivkbM LS_estimator_preabkb LS_estimator
INFO-FLOW: To file: write model LS_estimator_faddhbi
INFO-FLOW: To file: write model LS_estimator_fsubibs
INFO-FLOW: To file: write model LS_estimator_fmuljbC
INFO-FLOW: To file: write model LS_estimator_fdivkbM
INFO-FLOW: To file: write model LS_estimator_preabkb
INFO-FLOW: To file: write model LS_estimator
INFO-FLOW: Finished generating RTL model list.


INFO-FLOW: RTL Generation done.
INFO-FLOW: CAS Generation done.
INFO-FLOW: CBC Generation done.
INFO-FLOW: DBG:CMD: auto_generate_csynth_design
INFO-FLOW: DBG:CMD:     auto_generate --sim-model -phase csynth_design -d D:/IIIT-D/Independent_Project/HLS/least_squares/1__non_optimized
Execute       source D:/IIIT-D/Independent_Project/HLS/least_squares/1__non_optimized/.autopilot/db/global.setting.tcl 
INFO-FLOW: DBG:CMD: read_platform_lib D:/IIIT-D/Independent_Project/HLS/least_squares/1__non_optimized/.autopilot/db/global.setting.tcl
Execute       source D:/Softwares/Xilinx/Vivado/Vivado/2019.1/common/technology/generic/autopilot/common.gen 
Execute         source D:/Softwares/Xilinx/Vivado/Vivado/2019.1/common/technology/generic/autopilot/APCoreGen.gen 
Execute       source D:/Softwares/Xilinx/Vivado/Vivado/2019.1/common/technology/generic/autopilot/op.gen 
Execute       source D:/Softwares/Xilinx/Vivado/Vivado/2019.1/common/technology/generic/autopilot/op_simcore.gen 
Execute       source D:/Softwares/Xilinx/Vivado/Vivado/2019.1/common/technology/generic/autopilot/interface.gen 
Execute       source D:/IIIT-D/Independent_Project/HLS/least_squares/1__non_optimized/.autopilot/db/global.setting.tcl 
Execute       source D:/Softwares/Xilinx/Vivado/Vivado/2019.1/common/technology/xilinx/zynq/zynq.gen 
Execute         source D:/Softwares/Xilinx/Vivado/Vivado/2019.1/common/technology/xilinx/common/xilinx.gen 
Execute           source D:/Softwares/Xilinx/Vivado/Vivado/2019.1/common/technology/xilinx/interface/plb46.gen 
Execute           source D:/Softwares/Xilinx/Vivado/Vivado/2019.1/common/technology/xilinx/interface/fsl.gen 
Execute           source D:/Softwares/Xilinx/Vivado/Vivado/2019.1/common/technology/xilinx/interface/axi4.gen 
Execute           source D:/Softwares/Xilinx/Vivado/Vivado/2019.1/common/technology/xilinx/interface/nativeAXI4.gen 
Execute             source D:/Softwares/Xilinx/Vivado/Vivado/2019.1/common/technology/xilinx/interface/saxilite.gen 
Execute             source D:/Softwares/Xilinx/Vivado/Vivado/2019.1/common/technology/xilinx/interface/maxi.gen 
Execute           source D:/Softwares/Xilinx/Vivado/Vivado/2019.1/common/technology/xilinx/scripts/xilinxcoregen.gen 
Execute           source D:/Softwares/Xilinx/Vivado/Vivado/2019.1/common/technology/xilinx/interface/XilEDKCoreGen.gen 
Execute           source D:/Softwares/Xilinx/Vivado/Vivado/2019.1/common/technology/xilinx/ip/dds_compiler.gen 
Execute           source D:/Softwares/Xilinx/Vivado/Vivado/2019.1/common/technology/xilinx/ip/util.gen 
Execute           source D:/Softwares/Xilinx/Vivado/Vivado/2019.1/common/technology/xilinx/ip/xfft.gen 
Command           ap_source done; 0.191 sec.
Execute           source D:/Softwares/Xilinx/Vivado/Vivado/2019.1/common/technology/xilinx/ip/xfir.gen 
Execute           source D:/Softwares/Xilinx/Vivado/Vivado/2019.1/common/technology/xilinx/common/dsp48.gen 
Command         ap_source done; 0.421 sec.
Command       ap_source done; 0.426 sec.
Execute       source D:/Softwares/Xilinx/Vivado/Vivado/2019.1/common/technology/xilinx/zynq/zynq_fpv6.gen 
Execute         source D:/Softwares/Xilinx/Vivado/Vivado/2019.1/common/technology/xilinx/common/xilinx_fp.gen 
INFO-FLOW: DBG:CMD:   using AESL_AUTOCG::g_clock_period=10.000 (was NA)
INFO-FLOW: DBG:CMD:       generate_ip_cores sim=1 export=0 expOnly=0 dstVlogDir=syn/verilog
Execute       source D:/IIIT-D/Independent_Project/HLS/least_squares/1__non_optimized/.autopilot/db/global.setting.tcl 
Execute       ap_part_info -name xc7z020-clg484-1 -data names -quiet 
Execute       ap_part_info -name xc7z020-clg484-1 -data info -quiet 
Execute       source D:/IIIT-D/Independent_Project/HLS/least_squares/1__non_optimized/.autopilot/db/global.setting.tcl 
Execute       source D:/IIIT-D/Independent_Project/HLS/least_squares/1__non_optimized/.autopilot/db/global.setting.tcl 
Execute       source D:/IIIT-D/Independent_Project/HLS/least_squares/1__non_optimized/.autopilot/db/LS_estimator.compgen.tcl 
Execute         ap_part_info -name xc7z020-clg484-1 -data names -quiet 
Execute         ap_part_info -name xc7z020-clg484-1 -data info -quiet 
Execute         ap_part_info -name xc7z020-clg484-1 -data names -quiet 
Execute         ap_part_info -name xc7z020-clg484-1 -data info -quiet 
Execute         ap_part_info -name xc7z020-clg484-1 -data names -quiet 
Execute         ap_part_info -name xc7z020-clg484-1 -data info -quiet 
Execute         ap_part_info -name xc7z020-clg484-1 -data names -quiet 
Execute         ap_part_info -name xc7z020-clg484-1 -data info -quiet 
INFO: [RTMG 210-278] Implementing memory 'LS_estimator_preabkb_ram (RAM)' using block RAMs.
Execute         ap_part_info -name xc7z020-clg484-1 -data names -quiet 
Execute         ap_part_info -name xc7z020-clg484-1 -data info -quiet 
Command       ap_source done; 0.7 sec.
INFO-FLOW: DBG:CMD:     auto_generate -export -impltomg_flag -rtl both -tool Vivado -pcore_version 1.00.a -phase csynth_design -d D:/IIIT-D/Independent_Project/HLS/least_squares/1__non_optimized
Execute       source D:/IIIT-D/Independent_Project/HLS/least_squares/1__non_optimized/.autopilot/db/global.setting.tcl 
INFO-FLOW: DBG:CMD: read_platform_lib D:/IIIT-D/Independent_Project/HLS/least_squares/1__non_optimized/.autopilot/db/global.setting.tcl
Execute       source D:/Softwares/Xilinx/Vivado/Vivado/2019.1/common/technology/generic/autopilot/common.gen 
Execute         source D:/Softwares/Xilinx/Vivado/Vivado/2019.1/common/technology/generic/autopilot/APCoreGen.gen 
Execute       source D:/Softwares/Xilinx/Vivado/Vivado/2019.1/common/technology/generic/autopilot/op.gen 
Execute       source D:/Softwares/Xilinx/Vivado/Vivado/2019.1/common/technology/generic/autopilot/op_simcore.gen 
Execute       source D:/Softwares/Xilinx/Vivado/Vivado/2019.1/common/technology/generic/autopilot/interface.gen 
Execute       source D:/IIIT-D/Independent_Project/HLS/least_squares/1__non_optimized/.autopilot/db/global.setting.tcl 
Execute       source D:/Softwares/Xilinx/Vivado/Vivado/2019.1/common/technology/xilinx/zynq/zynq.gen 
Execute         source D:/Softwares/Xilinx/Vivado/Vivado/2019.1/common/technology/xilinx/common/xilinx.gen 
Execute           source D:/Softwares/Xilinx/Vivado/Vivado/2019.1/common/technology/xilinx/interface/plb46.gen 
Execute           source D:/Softwares/Xilinx/Vivado/Vivado/2019.1/common/technology/xilinx/interface/fsl.gen 
Execute           source D:/Softwares/Xilinx/Vivado/Vivado/2019.1/common/technology/xilinx/interface/axi4.gen 
Execute           source D:/Softwares/Xilinx/Vivado/Vivado/2019.1/common/technology/xilinx/interface/nativeAXI4.gen 
Execute             source D:/Softwares/Xilinx/Vivado/Vivado/2019.1/common/technology/xilinx/interface/saxilite.gen 
Execute             source D:/Softwares/Xilinx/Vivado/Vivado/2019.1/common/technology/xilinx/interface/maxi.gen 
Execute           source D:/Softwares/Xilinx/Vivado/Vivado/2019.1/common/technology/xilinx/scripts/xilinxcoregen.gen 
Execute           source D:/Softwares/Xilinx/Vivado/Vivado/2019.1/common/technology/xilinx/interface/XilEDKCoreGen.gen 
Execute           source D:/Softwares/Xilinx/Vivado/Vivado/2019.1/common/technology/xilinx/ip/dds_compiler.gen 
Execute           source D:/Softwares/Xilinx/Vivado/Vivado/2019.1/common/technology/xilinx/ip/util.gen 
Execute           source D:/Softwares/Xilinx/Vivado/Vivado/2019.1/common/technology/xilinx/ip/xfft.gen 
Command           ap_source done; 0.178 sec.
Execute           source D:/Softwares/Xilinx/Vivado/Vivado/2019.1/common/technology/xilinx/ip/xfir.gen 
Execute           source D:/Softwares/Xilinx/Vivado/Vivado/2019.1/common/technology/xilinx/common/dsp48.gen 
Command         ap_source done; 0.33 sec.
Command       ap_source done; 0.337 sec.
Execute       source D:/Softwares/Xilinx/Vivado/Vivado/2019.1/common/technology/xilinx/zynq/zynq_fpv6.gen 
Execute         source D:/Softwares/Xilinx/Vivado/Vivado/2019.1/common/technology/xilinx/common/xilinx_fp.gen 
INFO-FLOW: DBG:CMD:       initCTypeInfo top_module=LS_estimator xml_exists=0
Execute       source D:/IIIT-D/Independent_Project/HLS/least_squares/1__non_optimized/.autopilot/db/LS_estimator.rtl_wrap.cfg.tcl 
Execute       source D:/IIIT-D/Independent_Project/HLS/least_squares/1__non_optimized/.autopilot/db/LS_estimator.rtl_wrap.cfg.tcl 
Execute       source D:/IIIT-D/Independent_Project/HLS/least_squares/1__non_optimized/.autopilot/db/LS_estimator.rtl_wrap.cfg.tcl 
Execute       source D:/IIIT-D/Independent_Project/HLS/least_squares/1__non_optimized/.autopilot/db/LS_estimator.tbgen.tcl 
Execute       source D:/IIIT-D/Independent_Project/HLS/least_squares/1__non_optimized/.autopilot/db/LS_estimator.tbgen.tcl 
INFO-FLOW: DBG:CMD:       export_impl_rtl
INFO-FLOW: DBG:CMD:       generate_ip_cores sim=0 export=0 expOnly=0 dstVlogDir=impl/.verilog
Execute       source D:/IIIT-D/Independent_Project/HLS/least_squares/1__non_optimized/.autopilot/db/global.setting.tcl 
Execute       source D:/IIIT-D/Independent_Project/HLS/least_squares/1__non_optimized/.autopilot/db/LS_estimator.compgen.tcl 
Execute         ap_part_info -name xc7z020-clg484-1 -data names -quiet 
Execute         ap_part_info -name xc7z020-clg484-1 -data info -quiet 
Execute         ap_part_info -name xc7z020-clg484-1 -data names -quiet 
Execute         ap_part_info -name xc7z020-clg484-1 -data info -quiet 
Execute         ap_part_info -name xc7z020-clg484-1 -data names -quiet 
Execute         ap_part_info -name xc7z020-clg484-1 -data info -quiet 
Execute         ap_part_info -name xc7z020-clg484-1 -data names -quiet 
Execute         ap_part_info -name xc7z020-clg484-1 -data info -quiet 
Command       ap_source done; 0.24 sec.
INFO-FLOW: DBG:CMD:       generate_ip_cores sim=0 export=1 expOnly=1 dstVlogDir=impl/.pcores/verilog
Execute       source D:/IIIT-D/Independent_Project/HLS/least_squares/1__non_optimized/.autopilot/db/global.setting.tcl 
Execute       source D:/IIIT-D/Independent_Project/HLS/least_squares/1__non_optimized/.autopilot/db/LS_estimator.compgen.tcl 
Execute         ap_part_info -name xc7z020-clg484-1 -data names -quiet 
Execute         ap_part_info -name xc7z020-clg484-1 -data info -quiet 
Execute         ap_part_info -name xc7z020-clg484-1 -data names -quiet 
Execute         ap_part_info -name xc7z020-clg484-1 -data info -quiet 
Execute         ap_part_info -name xc7z020-clg484-1 -data names -quiet 
Execute         ap_part_info -name xc7z020-clg484-1 -data info -quiet 
Execute         ap_part_info -name xc7z020-clg484-1 -data names -quiet 
Execute         ap_part_info -name xc7z020-clg484-1 -data info -quiet 
Execute         ap_part_info -name xc7z020-clg484-1 -data names -quiet 
Execute         ap_part_info -name xc7z020-clg484-1 -data info -quiet 
Execute         ap_part_info -name xc7z020-clg484-1 -data names -quiet 
Execute         ap_part_info -name xc7z020-clg484-1 -data info -quiet 
Command       ap_source done; 0.176 sec.
Execute       ap_part_info -name xc7z020-clg484-1 -data names -quiet 
Execute       ap_part_info -name xc7z020-clg484-1 -data info -quiet 
INFO-FLOW: DBG:CMD:       generate_ip_cores sim=0 export=0 expOnly=0 dstVlogDir=impl/.pcores/verilog_sim
Execute       source D:/IIIT-D/Independent_Project/HLS/least_squares/1__non_optimized/.autopilot/db/global.setting.tcl 
Execute       source D:/IIIT-D/Independent_Project/HLS/least_squares/1__non_optimized/.autopilot/db/LS_estimator.compgen.tcl 
Execute       ap_part_info -name xc7z020-clg484-1 -data names -quiet 
Execute       ap_part_info -name xc7z020-clg484-1 -data info -quiet 
Execute       ap_part_info -name xc7z020-clg484-1 -data names -quiet 
Execute       ap_part_info -name xc7z020-clg484-1 -data info -quiet 
Execute       source D:/IIIT-D/Independent_Project/HLS/least_squares/1__non_optimized/.autopilot/db/global.setting.tcl 
Execute       ap_part_info -name xc7z020-clg484-1 -data names -quiet 
Execute       ap_part_info -name xc7z020-clg484-1 -data info -quiet 
Execute       source D:/IIIT-D/Independent_Project/HLS/least_squares/1__non_optimized/.autopilot/db/LS_estimator.constraint.tcl 
Execute       source D:/IIIT-D/Independent_Project/HLS/least_squares/1__non_optimized/.autopilot/db/LS_estimator.tbgen.tcl 
INFO-FLOW: DBG:CMD:       hasPcoreIpAdapter=false #gSsdmPorts=8
INFO-FLOW: DBG:CMD: Skipping loadAnalyze_DB, #g_database=4
INFO-FLOW: DBG:CMD:       generate_json is_phase_csynth=1 g_has_adaptors=false generate_bd_files=1 #modelList=6 #gSsdmPorts=8
Execute       source D:/Softwares/Xilinx/Vivado/Vivado/2019.1/tps/tcl/tcllib1.11.1/fileutil/fileutil.tcl 
Execute         source D:/Softwares/Xilinx/Vivado/Vivado/2019.1/tps/tcl/tcllib1.11.1/cmdline/cmdline.tcl 
Execute       source D:/IIIT-D/Independent_Project/HLS/least_squares/1__non_optimized/.autopilot/db/global.setting.tcl 
Execute       source D:/IIIT-D/Independent_Project/HLS/least_squares/1__non_optimized/.autopilot/db/global.setting.tcl 
Execute       get_config_export -xo 
Execute       source D:/IIIT-D/Independent_Project/HLS/least_squares/1__non_optimized/.autopilot/db/LS_estimator.tbgen.tcl 
Execute       source D:/IIIT-D/Independent_Project/HLS/least_squares/1__non_optimized/.autopilot/db/LS_estimator.tbgen.tcl 
Execute       source D:/IIIT-D/Independent_Project/HLS/least_squares/1__non_optimized/.autopilot/db/LS_estimator.tbgen.tcl 
Execute       source D:/IIIT-D/Independent_Project/HLS/least_squares/1__non_optimized/.autopilot/db/global.setting.tcl 
Execute       get_config_sdx -target 
Execute       source D:/IIIT-D/Independent_Project/HLS/least_squares/1__non_optimized/.autopilot/db/LS_estimator.rtl_wrap.cfg.tcl 
Execute       source D:/IIIT-D/Independent_Project/HLS/least_squares/1__non_optimized/.autopilot/db/LS_estimator.compgen.dataonly.tcl 
Execute       source D:/IIIT-D/Independent_Project/HLS/least_squares/1__non_optimized/.autopilot/db/global.setting.tcl 
Execute       ap_part_info -name xc7z020-clg484-1 -data names -quiet 
Execute       ap_part_info -name xc7z020-clg484-1 -data info -quiet 
Execute       source D:/IIIT-D/Independent_Project/HLS/least_squares/1__non_optimized/.autopilot/db/LS_estimator.constraint.tcl 
Execute       sc_get_clocks LS_estimator 
Execute       ap_part_info -name xc7z020-clg484-1 -data names -quiet 
Execute       ap_part_info -name xc7z020-clg484-1 -data info -quiet 
Execute       source D:/IIIT-D/Independent_Project/HLS/least_squares/1__non_optimized/.autopilot/db/global.setting.tcl 
Execute       get_config_debug -directory 
Execute       source D:/IIIT-D/Independent_Project/HLS/least_squares/1__non_optimized/impl/misc/LS_estimator_ap_fadd_3_full_dsp_32_ip.tcl 
Execute       source D:/IIIT-D/Independent_Project/HLS/least_squares/1__non_optimized/impl/misc/LS_estimator_ap_fdiv_14_no_dsp_32_ip.tcl 
Execute       source D:/IIIT-D/Independent_Project/HLS/least_squares/1__non_optimized/impl/misc/LS_estimator_ap_fmul_2_max_dsp_32_ip.tcl 
Execute       source D:/IIIT-D/Independent_Project/HLS/least_squares/1__non_optimized/impl/misc/LS_estimator_ap_fsub_3_full_dsp_32_ip.tcl 
Execute       source D:/IIIT-D/Independent_Project/HLS/least_squares/1__non_optimized/.autopilot/db/LS_estimator.tbgen.tcl 
Execute       get_config_sdx -target 
Execute       get_config_sdx -profile 
Execute       get_config_rtl -kernel_profile 
Execute       get_config_rtl -stall_sig_gen 
Execute       get_config_rtl -profile 
INFO-FLOW: DBG:CMD: add_json_sdx_info kernel file does not exist, skipping opencl info: D:/IIIT-D/Independent_Project/HLS/least_squares/1__non_optimized/.autopilot/db/kernel.internal.xml
INFO-FLOW: DBG:CMD:       delete-temp-dirs (skipped for debug)
INFO: [HLS 200-111] Finished generating all RTL models Time (s): cpu = 00:00:08 ; elapsed = 00:01:00 . Memory (MB): peak = 184.348 ; gain = 92.809
INFO: [VHDL 208-304] Generating VHDL RTL for LS_estimator.
INFO: [VLOG 209-307] Generating Verilog RTL for LS_estimator.
Command     autosyn done; 8.925 sec.
Command   csynth_design done; 52.924 sec.
Command ap_source done; 57.088 sec.
Execute cleanup_all 
