

================================================================
== Vivado HLS Report for 'normalize_up'
================================================================
* Date:           Thu Jul 28 17:41:24 2022

* Version:        2019.1 (Build 2552052 on Fri May 24 15:28:33 MDT 2019)
* Project:        dnn
* Solution:       unrolled
* Product family: zynq
* Target device:  xc7z020-clg484-1


================================================================
== Performance Estimates
================================================================
+ Timing (ns): 
    * Summary: 
    +--------+-------+----------+------------+
    |  Clock | Target| Estimated| Uncertainty|
    +--------+-------+----------+------------+
    |ap_clk  |  10.00|     7.256|        1.25|
    +--------+-------+----------+------------+

+ Latency (clock cycles): 
    * Summary: 
    +-----+-----+-----+-----+---------+
    |  Latency  |  Interval | Pipeline|
    | min | max | min | max |   Type  |
    +-----+-----+-----+-----+---------+
    |  127|  127|  127|  127|   none  |
    +-----+-----+-----+-----+---------+

    + Detail: 
        * Instance: 
        N/A

        * Loop: 
        +-----------------+-----+-----+----------+-----------+-----------+------+----------+
        |                 |  Latency  | Iteration|  Initiation Interval  | Trip |          |
        |    Loop Name    | min | max |  Latency |  achieved |   target  | Count| Pipelined|
        +-----------------+-----+-----+----------+-----------+-----------+------+----------+
        |- normalization  |  125|  125|        23|          1|          1|   104|    yes   |
        +-----------------+-----+-----+----------+-----------+-----------+------+----------+



================================================================
== Utilization Estimates
================================================================
* Summary: 
+-----------------+---------+-------+--------+-------+-----+
|       Name      | BRAM_18K| DSP48E|   FF   |  LUT  | URAM|
+-----------------+---------+-------+--------+-------+-----+
|DSP              |        -|      -|       -|      -|    -|
|Expression       |        -|      -|       0|   3358|    -|
|FIFO             |        -|      -|       -|      -|    -|
|Instance         |        -|      2|     966|   1384|    -|
|Memory           |        2|      -|       0|      0|    -|
|Multiplexer      |        -|      -|       -|     48|    -|
|Register         |        0|      -|    3688|     96|    -|
+-----------------+---------+-------+--------+-------+-----+
|Total            |        2|      2|    4654|   4886|    0|
+-----------------+---------+-------+--------+-------+-----+
|Available        |      280|    220|  106400|  53200|    0|
+-----------------+---------+-------+--------+-------+-----+
|Utilization (%)  |    ~0   |   ~0  |       4|      9|    0|
+-----------------+---------+-------+--------+-------+-----+

+ Detail: 
    * Instance: 
    +-------------------------+----------------------+---------+-------+-----+-----+-----+
    |         Instance        |        Module        | BRAM_18K| DSP48E|  FF | LUT | URAM|
    +-------------------------+----------------------+---------+-------+-----+-----+-----+
    |DNN_up_fdiv_32ns_dEe_U5  |DNN_up_fdiv_32ns_dEe  |        0|      0|  761|  994|    0|
    |DNN_up_fsub_32ns_cud_U4  |DNN_up_fsub_32ns_cud  |        0|      2|  205|  390|    0|
    +-------------------------+----------------------+---------+-------+-----+-----+-----+
    |Total                    |                      |        0|      2|  966| 1384|    0|
    +-------------------------+----------------------+---------+-------+-----+-----+-----+

    * DSP48E: 
    N/A

    * Memory: 
    +-----------+----------------------+---------+---+----+-----+------+-----+------+-------------+
    |   Memory  |        Module        | BRAM_18K| FF| LUT| URAM| Words| Bits| Banks| W*Bits*Banks|
    +-----------+----------------------+---------+---+----+-----+------+-----+------+-------------+
    |mean_in_U  |normalize_up_meanbkb  |        1|  0|   0|    0|   104|   32|     1|         3328|
    |std_in_U   |normalize_up_std_in   |        1|  0|   0|    0|   104|   32|     1|         3328|
    +-----------+----------------------+---------+---+----+-----+------+-----+------+-------------+
    |Total      |                      |        2|  0|   0|    0|   208|   64|     2|         6656|
    +-----------+----------------------+---------+---+----+-----+------+-----+------+-------------+

    * FIFO: 
    N/A

    * Expression: 
    +----------------------------+----------+-------+---+----+------------+------------+
    |        Variable Name       | Operation| DSP48E| FF| LUT| Bitwidth P0| Bitwidth P1|
    +----------------------------+----------+-------+---+----+------------+------------+
    |i_fu_936_p2                 |     +    |      0|  0|  15|           7|           1|
    |icmp_ln267_fu_930_p2        |   icmp   |      0|  0|  11|           7|           6|
    |select_ln269_100_fu_987_p3  |  select  |      0|  0|  32|           1|          32|
    |select_ln269_101_fu_994_p3  |  select  |      0|  0|  32|           1|          32|
    |select_ln269_102_fu_963_p3  |  select  |      0|  0|  32|           1|          32|
    |select_ln269_103_fu_970_p3  |  select  |      0|  0|  32|           1|          32|
    |select_ln269_10_fu_2067_p3  |  select  |      0|  0|  32|           1|          32|
    |select_ln269_11_fu_2074_p3  |  select  |      0|  0|  32|           1|          32|
    |select_ln269_12_fu_2043_p3  |  select  |      0|  0|  32|           1|          32|
    |select_ln269_13_fu_2050_p3  |  select  |      0|  0|  32|           1|          32|
    |select_ln269_14_fu_2019_p3  |  select  |      0|  0|  32|           1|          32|
    |select_ln269_15_fu_2026_p3  |  select  |      0|  0|  32|           1|          32|
    |select_ln269_16_fu_1995_p3  |  select  |      0|  0|  32|           1|          32|
    |select_ln269_17_fu_2002_p3  |  select  |      0|  0|  32|           1|          32|
    |select_ln269_18_fu_1971_p3  |  select  |      0|  0|  32|           1|          32|
    |select_ln269_19_fu_1978_p3  |  select  |      0|  0|  32|           1|          32|
    |select_ln269_1_fu_2194_p3   |  select  |      0|  0|  32|           1|          32|
    |select_ln269_20_fu_1947_p3  |  select  |      0|  0|  32|           1|          32|
    |select_ln269_21_fu_1954_p3  |  select  |      0|  0|  32|           1|          32|
    |select_ln269_22_fu_1923_p3  |  select  |      0|  0|  32|           1|          32|
    |select_ln269_23_fu_1930_p3  |  select  |      0|  0|  32|           1|          32|
    |select_ln269_24_fu_1899_p3  |  select  |      0|  0|  32|           1|          32|
    |select_ln269_25_fu_1906_p3  |  select  |      0|  0|  32|           1|          32|
    |select_ln269_26_fu_1875_p3  |  select  |      0|  0|  32|           1|          32|
    |select_ln269_27_fu_1882_p3  |  select  |      0|  0|  32|           1|          32|
    |select_ln269_28_fu_1851_p3  |  select  |      0|  0|  32|           1|          32|
    |select_ln269_29_fu_1858_p3  |  select  |      0|  0|  32|           1|          32|
    |select_ln269_2_fu_2163_p3   |  select  |      0|  0|  32|           1|          32|
    |select_ln269_30_fu_1827_p3  |  select  |      0|  0|  32|           1|          32|
    |select_ln269_31_fu_1834_p3  |  select  |      0|  0|  32|           1|          32|
    |select_ln269_32_fu_1803_p3  |  select  |      0|  0|  32|           1|          32|
    |select_ln269_33_fu_1810_p3  |  select  |      0|  0|  32|           1|          32|
    |select_ln269_34_fu_1779_p3  |  select  |      0|  0|  32|           1|          32|
    |select_ln269_35_fu_1786_p3  |  select  |      0|  0|  32|           1|          32|
    |select_ln269_36_fu_1755_p3  |  select  |      0|  0|  32|           1|          32|
    |select_ln269_37_fu_1762_p3  |  select  |      0|  0|  32|           1|          32|
    |select_ln269_38_fu_1731_p3  |  select  |      0|  0|  32|           1|          32|
    |select_ln269_39_fu_1738_p3  |  select  |      0|  0|  32|           1|          32|
    |select_ln269_3_fu_2170_p3   |  select  |      0|  0|  32|           1|          32|
    |select_ln269_40_fu_1707_p3  |  select  |      0|  0|  32|           1|          32|
    |select_ln269_41_fu_1714_p3  |  select  |      0|  0|  32|           1|          32|
    |select_ln269_42_fu_1683_p3  |  select  |      0|  0|  32|           1|          32|
    |select_ln269_43_fu_1690_p3  |  select  |      0|  0|  32|           1|          32|
    |select_ln269_44_fu_1659_p3  |  select  |      0|  0|  32|           1|          32|
    |select_ln269_45_fu_1666_p3  |  select  |      0|  0|  32|           1|          32|
    |select_ln269_46_fu_1635_p3  |  select  |      0|  0|  32|           1|          32|
    |select_ln269_47_fu_1642_p3  |  select  |      0|  0|  32|           1|          32|
    |select_ln269_48_fu_1611_p3  |  select  |      0|  0|  32|           1|          32|
    |select_ln269_49_fu_1618_p3  |  select  |      0|  0|  32|           1|          32|
    |select_ln269_4_fu_2139_p3   |  select  |      0|  0|  32|           1|          32|
    |select_ln269_50_fu_1587_p3  |  select  |      0|  0|  32|           1|          32|
    |select_ln269_51_fu_1594_p3  |  select  |      0|  0|  32|           1|          32|
    |select_ln269_52_fu_1563_p3  |  select  |      0|  0|  32|           1|          32|
    |select_ln269_53_fu_1570_p3  |  select  |      0|  0|  32|           1|          32|
    |select_ln269_54_fu_1539_p3  |  select  |      0|  0|  32|           1|          32|
    |select_ln269_55_fu_1546_p3  |  select  |      0|  0|  32|           1|          32|
    |select_ln269_56_fu_1515_p3  |  select  |      0|  0|  32|           1|          32|
    |select_ln269_57_fu_1522_p3  |  select  |      0|  0|  32|           1|          32|
    |select_ln269_58_fu_1491_p3  |  select  |      0|  0|  32|           1|          32|
    |select_ln269_59_fu_1498_p3  |  select  |      0|  0|  32|           1|          32|
    |select_ln269_5_fu_2146_p3   |  select  |      0|  0|  32|           1|          32|
    |select_ln269_60_fu_1467_p3  |  select  |      0|  0|  32|           1|          32|
    |select_ln269_61_fu_1474_p3  |  select  |      0|  0|  32|           1|          32|
    |select_ln269_62_fu_1443_p3  |  select  |      0|  0|  32|           1|          32|
    |select_ln269_63_fu_1450_p3  |  select  |      0|  0|  32|           1|          32|
    |select_ln269_64_fu_1419_p3  |  select  |      0|  0|  32|           1|          32|
    |select_ln269_65_fu_1426_p3  |  select  |      0|  0|  32|           1|          32|
    |select_ln269_66_fu_1395_p3  |  select  |      0|  0|  32|           1|          32|
    |select_ln269_67_fu_1402_p3  |  select  |      0|  0|  32|           1|          32|
    |select_ln269_68_fu_1371_p3  |  select  |      0|  0|  32|           1|          32|
    |select_ln269_69_fu_1378_p3  |  select  |      0|  0|  32|           1|          32|
    |select_ln269_6_fu_2115_p3   |  select  |      0|  0|  32|           1|          32|
    |select_ln269_70_fu_1347_p3  |  select  |      0|  0|  32|           1|          32|
    |select_ln269_71_fu_1354_p3  |  select  |      0|  0|  32|           1|          32|
    |select_ln269_72_fu_1323_p3  |  select  |      0|  0|  32|           1|          32|
    |select_ln269_73_fu_1330_p3  |  select  |      0|  0|  32|           1|          32|
    |select_ln269_74_fu_1299_p3  |  select  |      0|  0|  32|           1|          32|
    |select_ln269_75_fu_1306_p3  |  select  |      0|  0|  32|           1|          32|
    |select_ln269_76_fu_1275_p3  |  select  |      0|  0|  32|           1|          32|
    |select_ln269_77_fu_1282_p3  |  select  |      0|  0|  32|           1|          32|
    |select_ln269_78_fu_1251_p3  |  select  |      0|  0|  32|           1|          32|
    |select_ln269_79_fu_1258_p3  |  select  |      0|  0|  32|           1|          32|
    |select_ln269_7_fu_2122_p3   |  select  |      0|  0|  32|           1|          32|
    |select_ln269_80_fu_1227_p3  |  select  |      0|  0|  32|           1|          32|
    |select_ln269_81_fu_1234_p3  |  select  |      0|  0|  32|           1|          32|
    |select_ln269_82_fu_1203_p3  |  select  |      0|  0|  32|           1|          32|
    |select_ln269_83_fu_1210_p3  |  select  |      0|  0|  32|           1|          32|
    |select_ln269_84_fu_1179_p3  |  select  |      0|  0|  32|           1|          32|
    |select_ln269_85_fu_1186_p3  |  select  |      0|  0|  32|           1|          32|
    |select_ln269_86_fu_1155_p3  |  select  |      0|  0|  32|           1|          32|
    |select_ln269_87_fu_1162_p3  |  select  |      0|  0|  32|           1|          32|
    |select_ln269_88_fu_1131_p3  |  select  |      0|  0|  32|           1|          32|
    |select_ln269_89_fu_1138_p3  |  select  |      0|  0|  32|           1|          32|
    |select_ln269_8_fu_2091_p3   |  select  |      0|  0|  32|           1|          32|
    |select_ln269_90_fu_1107_p3  |  select  |      0|  0|  32|           1|          32|
    |select_ln269_91_fu_1114_p3  |  select  |      0|  0|  32|           1|          32|
    |select_ln269_92_fu_1083_p3  |  select  |      0|  0|  32|           1|          32|
    |select_ln269_93_fu_1090_p3  |  select  |      0|  0|  32|           1|          32|
    |select_ln269_94_fu_1059_p3  |  select  |      0|  0|  32|           1|          32|
    |select_ln269_95_fu_1066_p3  |  select  |      0|  0|  32|           1|          32|
    |select_ln269_96_fu_1035_p3  |  select  |      0|  0|  32|           1|          32|
    |select_ln269_97_fu_1042_p3  |  select  |      0|  0|  32|           1|          32|
    |select_ln269_98_fu_1011_p3  |  select  |      0|  0|  32|           1|          32|
    |select_ln269_99_fu_1018_p3  |  select  |      0|  0|  32|           1|          32|
    |select_ln269_9_fu_2098_p3   |  select  |      0|  0|  32|           1|          32|
    |select_ln269_fu_2187_p3     |  select  |      0|  0|  32|           1|          32|
    |ap_enable_pp0               |    xor   |      0|  0|   2|           1|           2|
    |ap_enable_reg_pp0_iter1     |    xor   |      0|  0|   2|           2|           1|
    +----------------------------+----------+-------+---+----+------------+------------+
    |Total                       |          |      0|  0|3358|         121|        3338|
    +----------------------------+----------+-------+---+----+------------+------------+

    * Multiplexer: 
    +--------------------------+----+-----------+-----+-----------+
    |           Name           | LUT| Input Size| Bits| Total Bits|
    +--------------------------+----+-----------+-----+-----------+
    |ap_NS_fsm                 |  21|          4|    1|          4|
    |ap_enable_reg_pp0_iter1   |   9|          2|    1|          2|
    |ap_enable_reg_pp0_iter22  |   9|          2|    1|          2|
    |i_0_reg_599               |   9|          2|    7|         14|
    +--------------------------+----+-----------+-----+-----------+
    |Total                     |  48|         10|   10|         22|
    +--------------------------+----+-----------+-----+-----------+

    * Register: 
    +---------------------------+----+----+-----+-----------+
    |            Name           | FF | LUT| Bits| Const Bits|
    +---------------------------+----+----+-----+-----------+
    |LS_data_load_reg_3595      |  32|   0|   32|          0|
    |ap_CS_fsm                  |   3|   0|    3|          0|
    |ap_enable_reg_pp0_iter0    |   1|   0|    1|          0|
    |ap_enable_reg_pp0_iter1    |   1|   0|    1|          0|
    |ap_enable_reg_pp0_iter10   |   1|   0|    1|          0|
    |ap_enable_reg_pp0_iter11   |   1|   0|    1|          0|
    |ap_enable_reg_pp0_iter12   |   1|   0|    1|          0|
    |ap_enable_reg_pp0_iter13   |   1|   0|    1|          0|
    |ap_enable_reg_pp0_iter14   |   1|   0|    1|          0|
    |ap_enable_reg_pp0_iter15   |   1|   0|    1|          0|
    |ap_enable_reg_pp0_iter16   |   1|   0|    1|          0|
    |ap_enable_reg_pp0_iter17   |   1|   0|    1|          0|
    |ap_enable_reg_pp0_iter18   |   1|   0|    1|          0|
    |ap_enable_reg_pp0_iter19   |   1|   0|    1|          0|
    |ap_enable_reg_pp0_iter2    |   1|   0|    1|          0|
    |ap_enable_reg_pp0_iter20   |   1|   0|    1|          0|
    |ap_enable_reg_pp0_iter21   |   1|   0|    1|          0|
    |ap_enable_reg_pp0_iter22   |   1|   0|    1|          0|
    |ap_enable_reg_pp0_iter3    |   1|   0|    1|          0|
    |ap_enable_reg_pp0_iter4    |   1|   0|    1|          0|
    |ap_enable_reg_pp0_iter5    |   1|   0|    1|          0|
    |ap_enable_reg_pp0_iter6    |   1|   0|    1|          0|
    |ap_enable_reg_pp0_iter7    |   1|   0|    1|          0|
    |ap_enable_reg_pp0_iter8    |   1|   0|    1|          0|
    |ap_enable_reg_pp0_iter9    |   1|   0|    1|          0|
    |i_0_reg_599                |   7|   0|    7|          0|
    |lshr_ln_reg_3483           |   6|   0|    6|          0|
    |mean_in_load_reg_3600      |  32|   0|   32|          0|
    |norm_data_0_0_writ_fu_556  |  32|   0|   32|          0|
    |norm_data_0_1_writ_fu_552  |  32|   0|   32|          0|
    |norm_data_10_0_wri_fu_508  |  32|   0|   32|          0|
    |norm_data_10_1_wri_fu_500  |  32|   0|   32|          0|
    |norm_data_11_0_wri_fu_496  |  32|   0|   32|          0|
    |norm_data_11_1_wri_fu_488  |  32|   0|   32|          0|
    |norm_data_12_0_wri_fu_484  |  32|   0|   32|          0|
    |norm_data_12_1_wri_fu_476  |  32|   0|   32|          0|
    |norm_data_13_0_wri_fu_472  |  32|   0|   32|          0|
    |norm_data_13_1_wri_fu_464  |  32|   0|   32|          0|
    |norm_data_14_0_wri_fu_460  |  32|   0|   32|          0|
    |norm_data_14_1_wri_fu_452  |  32|   0|   32|          0|
    |norm_data_15_0_wri_fu_448  |  32|   0|   32|          0|
    |norm_data_15_1_wri_fu_440  |  32|   0|   32|          0|
    |norm_data_16_0_wri_fu_436  |  32|   0|   32|          0|
    |norm_data_16_1_wri_fu_428  |  32|   0|   32|          0|
    |norm_data_17_0_wri_fu_424  |  32|   0|   32|          0|
    |norm_data_17_1_wri_fu_416  |  32|   0|   32|          0|
    |norm_data_18_0_wri_fu_284  |  32|   0|   32|          0|
    |norm_data_18_1_wri_fu_296  |  32|   0|   32|          0|
    |norm_data_19_0_wri_fu_308  |  32|   0|   32|          0|
    |norm_data_19_1_wri_fu_320  |  32|   0|   32|          0|
    |norm_data_1_0_writ_fu_548  |  32|   0|   32|          0|
    |norm_data_1_1_writ_fu_420  |  32|   0|   32|          0|
    |norm_data_20_0_wri_fu_332  |  32|   0|   32|          0|
    |norm_data_20_1_wri_fu_344  |  32|   0|   32|          0|
    |norm_data_21_0_wri_fu_356  |  32|   0|   32|          0|
    |norm_data_21_1_wri_fu_368  |  32|   0|   32|          0|
    |norm_data_22_0_wri_fu_380  |  32|   0|   32|          0|
    |norm_data_22_1_wri_fu_392  |  32|   0|   32|          0|
    |norm_data_23_0_wri_fu_404  |  32|   0|   32|          0|
    |norm_data_23_1_wri_fu_412  |  32|   0|   32|          0|
    |norm_data_24_0_wri_fu_408  |  32|   0|   32|          0|
    |norm_data_24_1_wri_fu_400  |  32|   0|   32|          0|
    |norm_data_25_0_wri_fu_396  |  32|   0|   32|          0|
    |norm_data_25_1_wri_fu_388  |  32|   0|   32|          0|
    |norm_data_26_0_wri_fu_384  |  32|   0|   32|          0|
    |norm_data_26_1_wri_fu_376  |  32|   0|   32|          0|
    |norm_data_27_0_wri_fu_372  |  32|   0|   32|          0|
    |norm_data_27_1_wri_fu_364  |  32|   0|   32|          0|
    |norm_data_28_0_wri_fu_360  |  32|   0|   32|          0|
    |norm_data_28_1_wri_fu_352  |  32|   0|   32|          0|
    |norm_data_29_0_wri_fu_348  |  32|   0|   32|          0|
    |norm_data_29_1_wri_fu_340  |  32|   0|   32|          0|
    |norm_data_2_0_writ_fu_432  |  32|   0|   32|          0|
    |norm_data_2_1_writ_fu_444  |  32|   0|   32|          0|
    |norm_data_30_0_wri_fu_336  |  32|   0|   32|          0|
    |norm_data_30_1_wri_fu_328  |  32|   0|   32|          0|
    |norm_data_31_0_wri_fu_324  |  32|   0|   32|          0|
    |norm_data_31_1_wri_fu_316  |  32|   0|   32|          0|
    |norm_data_32_0_wri_fu_312  |  32|   0|   32|          0|
    |norm_data_32_1_wri_fu_304  |  32|   0|   32|          0|
    |norm_data_33_0_wri_fu_300  |  32|   0|   32|          0|
    |norm_data_33_1_wri_fu_292  |  32|   0|   32|          0|
    |norm_data_34_0_wri_fu_288  |  32|   0|   32|          0|
    |norm_data_34_1_wri_fu_280  |  32|   0|   32|          0|
    |norm_data_35_0_wri_fu_148  |  32|   0|   32|          0|
    |norm_data_35_1_wri_fu_160  |  32|   0|   32|          0|
    |norm_data_36_0_wri_fu_172  |  32|   0|   32|          0|
    |norm_data_36_1_wri_fu_184  |  32|   0|   32|          0|
    |norm_data_37_0_wri_fu_196  |  32|   0|   32|          0|
    |norm_data_37_1_wri_fu_208  |  32|   0|   32|          0|
    |norm_data_38_0_wri_fu_220  |  32|   0|   32|          0|
    |norm_data_38_1_wri_fu_232  |  32|   0|   32|          0|
    |norm_data_39_0_wri_fu_244  |  32|   0|   32|          0|
    |norm_data_39_1_wri_fu_256  |  32|   0|   32|          0|
    |norm_data_3_0_writ_fu_456  |  32|   0|   32|          0|
    |norm_data_3_1_writ_fu_468  |  32|   0|   32|          0|
    |norm_data_40_0_wri_fu_268  |  32|   0|   32|          0|
    |norm_data_40_1_wri_fu_276  |  32|   0|   32|          0|
    |norm_data_41_0_wri_fu_272  |  32|   0|   32|          0|
    |norm_data_41_1_wri_fu_264  |  32|   0|   32|          0|
    |norm_data_42_0_wri_fu_260  |  32|   0|   32|          0|
    |norm_data_42_1_wri_fu_252  |  32|   0|   32|          0|
    |norm_data_43_0_wri_fu_248  |  32|   0|   32|          0|
    |norm_data_43_1_wri_fu_240  |  32|   0|   32|          0|
    |norm_data_44_0_wri_fu_236  |  32|   0|   32|          0|
    |norm_data_44_1_wri_fu_228  |  32|   0|   32|          0|
    |norm_data_45_0_wri_fu_224  |  32|   0|   32|          0|
    |norm_data_45_1_wri_fu_216  |  32|   0|   32|          0|
    |norm_data_46_0_wri_fu_212  |  32|   0|   32|          0|
    |norm_data_46_1_wri_fu_204  |  32|   0|   32|          0|
    |norm_data_47_0_wri_fu_200  |  32|   0|   32|          0|
    |norm_data_47_1_wri_fu_192  |  32|   0|   32|          0|
    |norm_data_48_0_wri_fu_188  |  32|   0|   32|          0|
    |norm_data_48_1_wri_fu_180  |  32|   0|   32|          0|
    |norm_data_49_0_wri_fu_176  |  32|   0|   32|          0|
    |norm_data_49_1_wri_fu_168  |  32|   0|   32|          0|
    |norm_data_4_0_writ_fu_480  |  32|   0|   32|          0|
    |norm_data_4_1_writ_fu_492  |  32|   0|   32|          0|
    |norm_data_50_0_wri_fu_164  |  32|   0|   32|          0|
    |norm_data_50_1_wri_fu_156  |  32|   0|   32|          0|
    |norm_data_51_0_wri_fu_152  |  32|   0|   32|          0|
    |norm_data_51_1_wri_fu_144  |  32|   0|   32|          0|
    |norm_data_5_0_writ_fu_504  |  32|   0|   32|          0|
    |norm_data_5_1_writ_fu_516  |  32|   0|   32|          0|
    |norm_data_6_0_writ_fu_528  |  32|   0|   32|          0|
    |norm_data_6_1_writ_fu_540  |  32|   0|   32|          0|
    |norm_data_7_0_writ_fu_544  |  32|   0|   32|          0|
    |norm_data_7_1_writ_fu_536  |  32|   0|   32|          0|
    |norm_data_8_0_writ_fu_532  |  32|   0|   32|          0|
    |norm_data_8_1_writ_fu_524  |  32|   0|   32|          0|
    |norm_data_9_0_writ_fu_520  |  32|   0|   32|          0|
    |norm_data_9_1_writ_fu_512  |  32|   0|   32|          0|
    |std_in_load_reg_3605       |  32|   0|   32|          0|
    |tmp_reg_3610               |  32|   0|   32|          0|
    |trunc_ln269_reg_3487       |   1|   0|    1|          0|
    |lshr_ln_reg_3483           |  64|  32|    6|          0|
    |std_in_load_reg_3605       |  64|  32|   32|          0|
    |trunc_ln269_reg_3487       |  64|  32|    1|          0|
    +---------------------------+----+----+-----+-----------+
    |Total                      |3688|  96| 3535|          0|
    +---------------------------+----+----+-----+-----------+



================================================================
== Interface
================================================================
* Summary: 
+------------------+-----+-----+------------+--------------+--------------+
|     RTL Ports    | Dir | Bits|  Protocol  | Source Object|    C Type    |
+------------------+-----+-----+------------+--------------+--------------+
|ap_clk            |  in |    1| ap_ctrl_hs | normalize_up | return value |
|ap_rst            |  in |    1| ap_ctrl_hs | normalize_up | return value |
|ap_start          |  in |    1| ap_ctrl_hs | normalize_up | return value |
|ap_done           | out |    1| ap_ctrl_hs | normalize_up | return value |
|ap_idle           | out |    1| ap_ctrl_hs | normalize_up | return value |
|ap_ready          | out |    1| ap_ctrl_hs | normalize_up | return value |
|ap_return_0       | out |   32| ap_ctrl_hs | normalize_up | return value |
|ap_return_1       | out |   32| ap_ctrl_hs | normalize_up | return value |
|ap_return_2       | out |   32| ap_ctrl_hs | normalize_up | return value |
|ap_return_3       | out |   32| ap_ctrl_hs | normalize_up | return value |
|ap_return_4       | out |   32| ap_ctrl_hs | normalize_up | return value |
|ap_return_5       | out |   32| ap_ctrl_hs | normalize_up | return value |
|ap_return_6       | out |   32| ap_ctrl_hs | normalize_up | return value |
|ap_return_7       | out |   32| ap_ctrl_hs | normalize_up | return value |
|ap_return_8       | out |   32| ap_ctrl_hs | normalize_up | return value |
|ap_return_9       | out |   32| ap_ctrl_hs | normalize_up | return value |
|ap_return_10      | out |   32| ap_ctrl_hs | normalize_up | return value |
|ap_return_11      | out |   32| ap_ctrl_hs | normalize_up | return value |
|ap_return_12      | out |   32| ap_ctrl_hs | normalize_up | return value |
|ap_return_13      | out |   32| ap_ctrl_hs | normalize_up | return value |
|ap_return_14      | out |   32| ap_ctrl_hs | normalize_up | return value |
|ap_return_15      | out |   32| ap_ctrl_hs | normalize_up | return value |
|ap_return_16      | out |   32| ap_ctrl_hs | normalize_up | return value |
|ap_return_17      | out |   32| ap_ctrl_hs | normalize_up | return value |
|ap_return_18      | out |   32| ap_ctrl_hs | normalize_up | return value |
|ap_return_19      | out |   32| ap_ctrl_hs | normalize_up | return value |
|ap_return_20      | out |   32| ap_ctrl_hs | normalize_up | return value |
|ap_return_21      | out |   32| ap_ctrl_hs | normalize_up | return value |
|ap_return_22      | out |   32| ap_ctrl_hs | normalize_up | return value |
|ap_return_23      | out |   32| ap_ctrl_hs | normalize_up | return value |
|ap_return_24      | out |   32| ap_ctrl_hs | normalize_up | return value |
|ap_return_25      | out |   32| ap_ctrl_hs | normalize_up | return value |
|ap_return_26      | out |   32| ap_ctrl_hs | normalize_up | return value |
|ap_return_27      | out |   32| ap_ctrl_hs | normalize_up | return value |
|ap_return_28      | out |   32| ap_ctrl_hs | normalize_up | return value |
|ap_return_29      | out |   32| ap_ctrl_hs | normalize_up | return value |
|ap_return_30      | out |   32| ap_ctrl_hs | normalize_up | return value |
|ap_return_31      | out |   32| ap_ctrl_hs | normalize_up | return value |
|ap_return_32      | out |   32| ap_ctrl_hs | normalize_up | return value |
|ap_return_33      | out |   32| ap_ctrl_hs | normalize_up | return value |
|ap_return_34      | out |   32| ap_ctrl_hs | normalize_up | return value |
|ap_return_35      | out |   32| ap_ctrl_hs | normalize_up | return value |
|ap_return_36      | out |   32| ap_ctrl_hs | normalize_up | return value |
|ap_return_37      | out |   32| ap_ctrl_hs | normalize_up | return value |
|ap_return_38      | out |   32| ap_ctrl_hs | normalize_up | return value |
|ap_return_39      | out |   32| ap_ctrl_hs | normalize_up | return value |
|ap_return_40      | out |   32| ap_ctrl_hs | normalize_up | return value |
|ap_return_41      | out |   32| ap_ctrl_hs | normalize_up | return value |
|ap_return_42      | out |   32| ap_ctrl_hs | normalize_up | return value |
|ap_return_43      | out |   32| ap_ctrl_hs | normalize_up | return value |
|ap_return_44      | out |   32| ap_ctrl_hs | normalize_up | return value |
|ap_return_45      | out |   32| ap_ctrl_hs | normalize_up | return value |
|ap_return_46      | out |   32| ap_ctrl_hs | normalize_up | return value |
|ap_return_47      | out |   32| ap_ctrl_hs | normalize_up | return value |
|ap_return_48      | out |   32| ap_ctrl_hs | normalize_up | return value |
|ap_return_49      | out |   32| ap_ctrl_hs | normalize_up | return value |
|ap_return_50      | out |   32| ap_ctrl_hs | normalize_up | return value |
|ap_return_51      | out |   32| ap_ctrl_hs | normalize_up | return value |
|ap_return_52      | out |   32| ap_ctrl_hs | normalize_up | return value |
|ap_return_53      | out |   32| ap_ctrl_hs | normalize_up | return value |
|ap_return_54      | out |   32| ap_ctrl_hs | normalize_up | return value |
|ap_return_55      | out |   32| ap_ctrl_hs | normalize_up | return value |
|ap_return_56      | out |   32| ap_ctrl_hs | normalize_up | return value |
|ap_return_57      | out |   32| ap_ctrl_hs | normalize_up | return value |
|ap_return_58      | out |   32| ap_ctrl_hs | normalize_up | return value |
|ap_return_59      | out |   32| ap_ctrl_hs | normalize_up | return value |
|ap_return_60      | out |   32| ap_ctrl_hs | normalize_up | return value |
|ap_return_61      | out |   32| ap_ctrl_hs | normalize_up | return value |
|ap_return_62      | out |   32| ap_ctrl_hs | normalize_up | return value |
|ap_return_63      | out |   32| ap_ctrl_hs | normalize_up | return value |
|ap_return_64      | out |   32| ap_ctrl_hs | normalize_up | return value |
|ap_return_65      | out |   32| ap_ctrl_hs | normalize_up | return value |
|ap_return_66      | out |   32| ap_ctrl_hs | normalize_up | return value |
|ap_return_67      | out |   32| ap_ctrl_hs | normalize_up | return value |
|ap_return_68      | out |   32| ap_ctrl_hs | normalize_up | return value |
|ap_return_69      | out |   32| ap_ctrl_hs | normalize_up | return value |
|ap_return_70      | out |   32| ap_ctrl_hs | normalize_up | return value |
|ap_return_71      | out |   32| ap_ctrl_hs | normalize_up | return value |
|ap_return_72      | out |   32| ap_ctrl_hs | normalize_up | return value |
|ap_return_73      | out |   32| ap_ctrl_hs | normalize_up | return value |
|ap_return_74      | out |   32| ap_ctrl_hs | normalize_up | return value |
|ap_return_75      | out |   32| ap_ctrl_hs | normalize_up | return value |
|ap_return_76      | out |   32| ap_ctrl_hs | normalize_up | return value |
|ap_return_77      | out |   32| ap_ctrl_hs | normalize_up | return value |
|ap_return_78      | out |   32| ap_ctrl_hs | normalize_up | return value |
|ap_return_79      | out |   32| ap_ctrl_hs | normalize_up | return value |
|ap_return_80      | out |   32| ap_ctrl_hs | normalize_up | return value |
|ap_return_81      | out |   32| ap_ctrl_hs | normalize_up | return value |
|ap_return_82      | out |   32| ap_ctrl_hs | normalize_up | return value |
|ap_return_83      | out |   32| ap_ctrl_hs | normalize_up | return value |
|ap_return_84      | out |   32| ap_ctrl_hs | normalize_up | return value |
|ap_return_85      | out |   32| ap_ctrl_hs | normalize_up | return value |
|ap_return_86      | out |   32| ap_ctrl_hs | normalize_up | return value |
|ap_return_87      | out |   32| ap_ctrl_hs | normalize_up | return value |
|ap_return_88      | out |   32| ap_ctrl_hs | normalize_up | return value |
|ap_return_89      | out |   32| ap_ctrl_hs | normalize_up | return value |
|ap_return_90      | out |   32| ap_ctrl_hs | normalize_up | return value |
|ap_return_91      | out |   32| ap_ctrl_hs | normalize_up | return value |
|ap_return_92      | out |   32| ap_ctrl_hs | normalize_up | return value |
|ap_return_93      | out |   32| ap_ctrl_hs | normalize_up | return value |
|ap_return_94      | out |   32| ap_ctrl_hs | normalize_up | return value |
|ap_return_95      | out |   32| ap_ctrl_hs | normalize_up | return value |
|ap_return_96      | out |   32| ap_ctrl_hs | normalize_up | return value |
|ap_return_97      | out |   32| ap_ctrl_hs | normalize_up | return value |
|ap_return_98      | out |   32| ap_ctrl_hs | normalize_up | return value |
|ap_return_99      | out |   32| ap_ctrl_hs | normalize_up | return value |
|ap_return_100     | out |   32| ap_ctrl_hs | normalize_up | return value |
|ap_return_101     | out |   32| ap_ctrl_hs | normalize_up | return value |
|ap_return_102     | out |   32| ap_ctrl_hs | normalize_up | return value |
|ap_return_103     | out |   32| ap_ctrl_hs | normalize_up | return value |
|LS_data_address0  | out |    7|  ap_memory |    LS_data   |     array    |
|LS_data_ce0       | out |    1|  ap_memory |    LS_data   |     array    |
|LS_data_q0        |  in |   32|  ap_memory |    LS_data   |     array    |
+------------------+-----+-----+------------+--------------+--------------+

