

================================================================
== Vivado HLS Report for 'reconstruct_complex_s'
================================================================
* Date:           Thu Jul 28 16:30:00 2022

* Version:        2019.1 (Build 2552052 on Fri May 24 15:28:33 MDT 2019)
* Project:        dnn
* Solution:       pipelined
* Product family: zynq
* Target device:  xc7z020-clg484-1


================================================================
== Performance Estimates
================================================================
+ Timing (ns): 
    * Summary: 
    +--------+-------+----------+------------+
    |  Clock | Target| Estimated| Uncertainty|
    +--------+-------+----------+------------+
    |ap_clk  |  10.00|     5.124|        1.25|
    +--------+-------+----------+------------+

+ Latency (clock cycles): 
    * Summary: 
    +-----+-----+-----+-----+---------+
    |  Latency  |  Interval | Pipeline|
    | min | max | min | max |   Type  |
    +-----+-----+-----+-----+---------+
    |   54|   54|   54|   54|   none  |
    +-----+-----+-----+-----+---------+

    + Detail: 
        * Instance: 
        N/A

        * Loop: 
        +------------------+-----+-----+----------+-----------+-----------+------+----------+
        |                  |  Latency  | Iteration|  Initiation Interval  | Trip |          |
        |     Loop Name    | min | max |  Latency |  achieved |   target  | Count| Pipelined|
        +------------------+-----+-----+----------+-----------+-----------+------+----------+
        |- reconstruction  |   52|   52|         2|          1|          1|    52|    yes   |
        +------------------+-----+-----+----------+-----------+-----------+------+----------+

============================================================
+ Verbose Summary: Synthesis Manager
============================================================
InlineROM: 1
ExposeGlobal: 0
============================================================
+ Verbose Summary: CDFG Model
============================================================
IsTopModel: 0
ResetActiveHigh: 1
IsCombinational: 0
IsDatapathOnly: 0
HasWiredReturn: 1
HasMFsm: 0
HasVarLatency: 1
IsPipeline: 0
IsRtlPipelined: 0
IsInstanceOverlapped: 0
IsDontTouch: 0
HasImplIP: 0
IsGatedGlobalClock: 0

+ Individual pipeline summary: 
  * Pipeline-0: initiation interval (II) = 1, depth = 2


============================================================
+ Verbose Summary: Schedule
============================================================
* Number of FSM states : 4
* Pipeline : 1
  Pipeline-0 : II = 1, D = 2, States = { 2 3 }
* Dataflow Pipeline: 0

* FSM state transitions: 
1 --> 2 
2 --> 4 3 
3 --> 2 
4 --> 

* FSM state operations: 

State 1 <SV = 0> <Delay = 1.76>
ST_1 : Operation 5 [1/1] (0.00ns)   --->   "call void (...)* @_ssdm_op_SpecInterface(i64* %DNN_out_V_data, i1* %DNN_out_V_last_V, [5 x i8]* @p_str10, i32 0, i32 0, [5 x i8]* @p_str11, i32 0, i32 0, [1 x i8]* @p_str1, [1 x i8]* @p_str1, [1 x i8]* @p_str1, i32 0, i32 0, i32 0, i32 0, [1 x i8]* @p_str1, [1 x i8]* @p_str1) nounwind"   --->   Operation 5 'specinterface' <Predicate = true> <Delay = 0.00>
ST_1 : Operation 6 [1/1] (1.76ns)   --->   "br label %1" [dnn/dnn.cpp:193]   --->   Operation 6 'br' <Predicate = true> <Delay = 1.76>

State 2 <SV = 1> <Delay = 5.12>
ST_2 : Operation 7 [1/1] (0.00ns)   --->   "%i_0 = phi i6 [ 0, %0 ], [ %i, %reconstruction ]"   --->   Operation 7 'phi' 'i_0' <Predicate = true> <Delay = 0.00>
ST_2 : Operation 8 [1/1] (1.42ns)   --->   "%icmp_ln193 = icmp eq i6 %i_0, -12" [dnn/dnn.cpp:193]   --->   Operation 8 'icmp' 'icmp_ln193' <Predicate = true> <Delay = 1.42> <Core = "Cmp">   --->   Core 25 'Cmp' <Latency = 0> <II = 1> <Delay = 1.42> <FuncUnit> <Opcode : 'icmp'> <InPorts = 2> <OutPorts = 1>
ST_2 : Operation 9 [1/1] (0.00ns)   --->   "%empty = call i32 (...)* @_ssdm_op_SpecLoopTripCount(i64 52, i64 52, i64 52)"   --->   Operation 9 'speclooptripcount' 'empty' <Predicate = true> <Delay = 0.00>
ST_2 : Operation 10 [1/1] (1.82ns)   --->   "%i = add i6 %i_0, 1" [dnn/dnn.cpp:193]   --->   Operation 10 'add' 'i' <Predicate = true> <Delay = 1.82> <Core = "AddSub">   --->   Core 14 'AddSub' <Latency = 0> <II = 1> <Delay = 1.87> <FuncUnit> <Opcode : 'add' 'sub'> <InPorts = 2> <OutPorts = 1>
ST_2 : Operation 11 [1/1] (0.00ns)   --->   "br i1 %icmp_ln193, label %2, label %reconstruction" [dnn/dnn.cpp:193]   --->   Operation 11 'br' <Predicate = true> <Delay = 0.00>
ST_2 : Operation 12 [1/1] (0.00ns)   --->   "%zext_ln193 = zext i6 %i_0 to i7" [dnn/dnn.cpp:193]   --->   Operation 12 'zext' 'zext_ln193' <Predicate = (!icmp_ln193)> <Delay = 0.00>
ST_2 : Operation 13 [1/1] (0.00ns)   --->   "%zext_ln198 = zext i6 %i_0 to i64" [dnn/dnn.cpp:198]   --->   Operation 13 'zext' 'zext_ln198' <Predicate = (!icmp_ln193)> <Delay = 0.00>
ST_2 : Operation 14 [1/1] (0.00ns)   --->   "%y_L3_addr = getelementptr [104 x float]* %y_L3, i64 0, i64 %zext_ln198" [dnn/dnn.cpp:198]   --->   Operation 14 'getelementptr' 'y_L3_addr' <Predicate = (!icmp_ln193)> <Delay = 0.00>
ST_2 : Operation 15 [2/2] (3.25ns)   --->   "%tmp_data_M_real = load float* %y_L3_addr, align 4" [dnn/dnn.cpp:198]   --->   Operation 15 'load' 'tmp_data_M_real' <Predicate = (!icmp_ln193)> <Delay = 3.25> <Core = "RAM">   --->   Core 37 'RAM' <Latency = 1> <II = 1> <Delay = 3.25> <Storage> <Opcode : 'load' 'store'> <Ports = 2> <Width = 32> <Depth = 104> <RAM>
ST_2 : Operation 16 [1/1] (1.87ns)   --->   "%add_ln198 = add i7 %zext_ln193, 52" [dnn/dnn.cpp:198]   --->   Operation 16 'add' 'add_ln198' <Predicate = (!icmp_ln193)> <Delay = 1.87> <Core = "AddSub">   --->   Core 14 'AddSub' <Latency = 0> <II = 1> <Delay = 1.87> <FuncUnit> <Opcode : 'add' 'sub'> <InPorts = 2> <OutPorts = 1>
ST_2 : Operation 17 [1/1] (0.00ns)   --->   "%zext_ln198_1 = zext i7 %add_ln198 to i64" [dnn/dnn.cpp:198]   --->   Operation 17 'zext' 'zext_ln198_1' <Predicate = (!icmp_ln193)> <Delay = 0.00>
ST_2 : Operation 18 [1/1] (0.00ns)   --->   "%y_L3_addr_1 = getelementptr [104 x float]* %y_L3, i64 0, i64 %zext_ln198_1" [dnn/dnn.cpp:198]   --->   Operation 18 'getelementptr' 'y_L3_addr_1' <Predicate = (!icmp_ln193)> <Delay = 0.00>
ST_2 : Operation 19 [2/2] (3.25ns)   --->   "%tmp_data_M_imag = load float* %y_L3_addr_1, align 4" [dnn/dnn.cpp:198]   --->   Operation 19 'load' 'tmp_data_M_imag' <Predicate = (!icmp_ln193)> <Delay = 3.25> <Core = "RAM">   --->   Core 37 'RAM' <Latency = 1> <II = 1> <Delay = 3.25> <Storage> <Opcode : 'load' 'store'> <Ports = 2> <Width = 32> <Depth = 104> <RAM>
ST_2 : Operation 20 [1/1] (1.42ns)   --->   "%tmp_last_V = icmp eq i6 %i_0, -13" [dnn/dnn.cpp:204]   --->   Operation 20 'icmp' 'tmp_last_V' <Predicate = (!icmp_ln193)> <Delay = 1.42> <Core = "Cmp">   --->   Core 25 'Cmp' <Latency = 0> <II = 1> <Delay = 1.42> <FuncUnit> <Opcode : 'icmp'> <InPorts = 2> <OutPorts = 1>

State 3 <SV = 2> <Delay = 3.25>
ST_3 : Operation 21 [1/1] (0.00ns)   --->   "call void (...)* @_ssdm_op_SpecLoopName([15 x i8]* @p_str8) nounwind" [dnn/dnn.cpp:193]   --->   Operation 21 'specloopname' <Predicate = (!icmp_ln193)> <Delay = 0.00>
ST_3 : Operation 22 [1/1] (0.00ns)   --->   "%tmp = call i32 (...)* @_ssdm_op_SpecRegionBegin([15 x i8]* @p_str8)" [dnn/dnn.cpp:193]   --->   Operation 22 'specregionbegin' 'tmp' <Predicate = (!icmp_ln193)> <Delay = 0.00>
ST_3 : Operation 23 [1/1] (0.00ns)   --->   "call void (...)* @_ssdm_op_SpecPipeline(i32 -1, i32 1, i32 1, i32 0, [1 x i8]* @p_str1) nounwind" [dnn/dnn.cpp:195]   --->   Operation 23 'specpipeline' <Predicate = (!icmp_ln193)> <Delay = 0.00>
ST_3 : Operation 24 [1/2] (3.25ns)   --->   "%tmp_data_M_real = load float* %y_L3_addr, align 4" [dnn/dnn.cpp:198]   --->   Operation 24 'load' 'tmp_data_M_real' <Predicate = (!icmp_ln193)> <Delay = 3.25> <Core = "RAM">   --->   Core 37 'RAM' <Latency = 1> <II = 1> <Delay = 3.25> <Storage> <Opcode : 'load' 'store'> <Ports = 2> <Width = 32> <Depth = 104> <RAM>
ST_3 : Operation 25 [1/2] (3.25ns)   --->   "%tmp_data_M_imag = load float* %y_L3_addr_1, align 4" [dnn/dnn.cpp:198]   --->   Operation 25 'load' 'tmp_data_M_imag' <Predicate = (!icmp_ln193)> <Delay = 3.25> <Core = "RAM">   --->   Core 37 'RAM' <Latency = 1> <II = 1> <Delay = 3.25> <Storage> <Opcode : 'load' 'store'> <Ports = 2> <Width = 32> <Depth = 104> <RAM>
ST_3 : Operation 26 [1/1] (0.00ns)   --->   "%bitcast_ln162 = bitcast float %tmp_data_M_real to i32" [dnn/dnn.cpp:207]   --->   Operation 26 'bitcast' 'bitcast_ln162' <Predicate = (!icmp_ln193)> <Delay = 0.00>
ST_3 : Operation 27 [1/1] (0.00ns)   --->   "%bitcast_ln162_1 = bitcast float %tmp_data_M_imag to i32" [dnn/dnn.cpp:207]   --->   Operation 27 'bitcast' 'bitcast_ln162_1' <Predicate = (!icmp_ln193)> <Delay = 0.00>
ST_3 : Operation 28 [1/1] (0.00ns)   --->   "%tmp_data = call i64 @_ssdm_op_BitConcatenate.i64.i32.i32(i32 %bitcast_ln162_1, i32 %bitcast_ln162)" [dnn/dnn.cpp:207]   --->   Operation 28 'bitconcatenate' 'tmp_data' <Predicate = (!icmp_ln193)> <Delay = 0.00>
ST_3 : Operation 29 [1/1] (0.00ns)   --->   "call void @_ssdm_op_Write.axis.volatile.i64P.i1P(i64* %DNN_out_V_data, i1* %DNN_out_V_last_V, i64 %tmp_data, i1 %tmp_last_V)" [dnn/dnn.cpp:207]   --->   Operation 29 'write' <Predicate = (!icmp_ln193)> <Delay = 0.00> <Core = "AXI4Stream">   --->   Core 5 'AXI4Stream' <Latency = 0> <II = 1> <Delay = 1.00> <Adapter> <Opcode : >
ST_3 : Operation 30 [1/1] (0.00ns)   --->   "%empty_9 = call i32 (...)* @_ssdm_op_SpecRegionEnd([15 x i8]* @p_str8, i32 %tmp)" [dnn/dnn.cpp:208]   --->   Operation 30 'specregionend' 'empty_9' <Predicate = (!icmp_ln193)> <Delay = 0.00>
ST_3 : Operation 31 [1/1] (0.00ns)   --->   "br label %1" [dnn/dnn.cpp:193]   --->   Operation 31 'br' <Predicate = (!icmp_ln193)> <Delay = 0.00>

State 4 <SV = 2> <Delay = 0.00>
ST_4 : Operation 32 [1/1] (0.00ns)   --->   "ret void" [dnn/dnn.cpp:210]   --->   Operation 32 'ret' <Predicate = true> <Delay = 0.00>


============================================================
+ Verbose Summary: Timing violations
============================================================
Target clock period: 10ns, clock uncertainty: 1.25ns.

 <State 1>: 1.77ns
The critical path consists of the following:
	multiplexor before 'phi' operation ('i') with incoming values : ('i', dnn/dnn.cpp:193) [7]  (1.77 ns)

 <State 2>: 5.12ns
The critical path consists of the following:
	'phi' operation ('i') with incoming values : ('i', dnn/dnn.cpp:193) [7]  (0 ns)
	'add' operation ('add_ln198', dnn/dnn.cpp:198) [20]  (1.87 ns)
	'getelementptr' operation ('y_L3_addr_1', dnn/dnn.cpp:198) [22]  (0 ns)
	'load' operation ('__i', dnn/dnn.cpp:198) on array 'y_L3' [23]  (3.25 ns)

 <State 3>: 3.25ns
The critical path consists of the following:
	'load' operation ('__r', dnn/dnn.cpp:198) on array 'y_L3' [19]  (3.25 ns)

 <State 4>: 0ns
The critical path consists of the following:


============================================================
+ Verbose Summary: Binding
============================================================
N/A
* FSMD analyzer results:
  - Output states:
 - Input state : 
  - Chain level:
	State 1
	State 2
	State 3
	State 4


============================================================
+ Verbose Summary: Datapath Resource usage 
============================================================
N/A
