#-----------------------------------------------------------
# Webtalk v2019.1 (64-bit)
# SW Build 2552052 on Fri May 24 14:49:42 MDT 2019
# 
# Start of session at: Mon Jul 25 19:23:54 2022
# Process ID: 16996
# Current directory: D:/IIIT-D/Independent_Project/design_impl/least_squares/least_squares.sdk/webtalk
# Command line: wbtcv.exe -mode batch -source sdk_webtalk.tcl
# Log file: D:/IIIT-D/Independent_Project/design_impl/least_squares/least_squares.sdk/webtalk/webtalk.log
# Journal file: D:/IIIT-D/Independent_Project/design_impl/least_squares/least_squares.sdk/webtalk\webtalk.jou
#-----------------------------------------------------------
source sdk_webtalk.tcl
# webtalk_init -webtalk_dir D:\\IIIT-D\\Independent_Project\\design_impl\\least_squares\\least_squares.sdk\\webtalk
# webtalk_register_client -client project
# webtalk_add_data -client project -key date_generated -value "2022-07-25 19:23:48" -context "software_version_and_target_device"
# webtalk_add_data -client project -key product_version -value "SDK v2019.1" -context "software_version_and_target_device"
# webtalk_add_data -client project -key build_version -value "2019.1" -context "software_version_and_target_device"
# webtalk_add_data -client project -key os_platform -value "amd64" -context "software_version_and_target_device"
# webtalk_add_data -client project -key registration_id -value "211578208_1777537401_210688999_346" -context "software_version_and_target_device"
# webtalk_add_data -client project -key tool_flow -value "SDK" -context "software_version_and_target_device"
# webtalk_add_data -client project -key beta -value "false" -context "software_version_and_target_device"
# webtalk_add_data -client project -key route_design -value "NA" -context "software_version_and_target_device"
# webtalk_add_data -client project -key target_family -value "NA" -context "software_version_and_target_device"
# webtalk_add_data -client project -key target_device -value "NA" -context "software_version_and_target_device"
# webtalk_add_data -client project -key target_package -value "NA" -context "software_version_and_target_device"
# webtalk_add_data -client project -key target_speed -value "NA" -context "software_version_and_target_device"
# webtalk_add_data -client project -key random_id -value "hecrv6qp9msfmv67t515f1ahe2" -context "software_version_and_target_device"
# webtalk_add_data -client project -key project_id -value "2019.1_23" -context "software_version_and_target_device"
# webtalk_add_data -client project -key project_iteration -value "23" -context "software_version_and_target_device"
# webtalk_add_data -client project -key os_name -value "Microsoft Windows 8 or later , 64-bit" -context "user_environment"
# webtalk_add_data -client project -key os_release -value "major release  (build 9200)" -context "user_environment"
# webtalk_add_data -client project -key cpu_name -value "AMD Ryzen 5 3500U with Radeon Vega Mobile Gfx  " -context "user_environment"
# webtalk_add_data -client project -key cpu_speed -value "2096 MHz" -context "user_environment"
# webtalk_add_data -client project -key total_processors -value "1" -context "user_environment"
# webtalk_add_data -client project -key system_ram -value "6.352 GB" -context "user_environment"
# webtalk_register_client -client sdk
# webtalk_add_data -client sdk -key uid -value "1658740566779" -context "sdk\\\\hardware/1658740566779"
# webtalk_add_data -client sdk -key isZynq -value "true" -context "sdk\\\\hardware/1658740566779"
# webtalk_add_data -client sdk -key isZynqMP -value "false" -context "sdk\\\\hardware/1658740566779"
# webtalk_add_data -client sdk -key Processors -value "2" -context "sdk\\\\hardware/1658740566779"
# webtalk_add_data -client sdk -key VivadoVersion -value "2019.1" -context "sdk\\\\hardware/1658740566779"
# webtalk_add_data -client sdk -key Arch -value "zynq" -context "sdk\\\\hardware/1658740566779"
# webtalk_add_data -client sdk -key Device -value "7z020" -context "sdk\\\\hardware/1658740566779"
# webtalk_add_data -client sdk -key IsHandoff -value "true" -context "sdk\\\\hardware/1658740566779"
# webtalk_add_data -client sdk -key os -value "NA" -context "sdk\\\\hardware/1658740566779"
# webtalk_add_data -client sdk -key apptemplate -value "NA" -context "sdk\\\\hardware/1658740566779"
# webtalk_add_data -client sdk -key RecordType -value "HWCreation" -context "sdk\\\\hardware/1658740566779"
# webtalk_add_data -client sdk -key uid -value "1658740878819" -context "sdk\\\\bsp/1658740878819"
# webtalk_add_data -client sdk -key hwid -value "1658740566779" -context "sdk\\\\bsp/1658740878819"
# webtalk_add_data -client sdk -key os -value "standalone" -context "sdk\\\\bsp/1658740878819"
# webtalk_add_data -client sdk -key apptemplate -value "hello_world" -context "sdk\\\\bsp/1658740878819"
# webtalk_add_data -client sdk -key RecordType -value "BSPCreation" -context "sdk\\\\bsp/1658740878819"
# webtalk_add_data -client sdk -key uid -value "1658740897196" -context "sdk\\\\application/1658740897196"
# webtalk_add_data -client sdk -key hwid -value "1658740566779" -context "sdk\\\\application/1658740897196"
# webtalk_add_data -client sdk -key bspid -value "1658740878819" -context "sdk\\\\application/1658740897196"
# webtalk_add_data -client sdk -key newbsp -value "true" -context "sdk\\\\application/1658740897196"
# webtalk_add_data -client sdk -key os -value "standalone" -context "sdk\\\\application/1658740897196"
# webtalk_add_data -client sdk -key apptemplate -value "hello_world" -context "sdk\\\\application/1658740897196"
# webtalk_add_data -client sdk -key RecordType -value "APPCreation" -context "sdk\\\\application/1658740897196"
# webtalk_add_data -client sdk -key LangUsed -value "C" -context "sdk\\\\application/1658740897196"
# webtalk_add_data -client sdk -key Procused -value "ps7_cortexa9" -context "sdk\\\\application/1658740897196"
# webtalk_add_data -client sdk -key projSize -value "400.45703125" -context "sdk\\\\application/1658740897196"
# webtalk_add_data -client sdk -key uid -value "NA" -context "sdk\\\\bsp/1658757228468"
# webtalk_add_data -client sdk -key RecordType -value "ToolUsage" -context "sdk\\\\bsp/1658757228468"
# webtalk_add_data -client sdk -key BootgenCount -value "0" -context "sdk\\\\bsp/1658757228468"
# webtalk_add_data -client sdk -key DebugCount -value "2" -context "sdk\\\\bsp/1658757228468"
# webtalk_add_data -client sdk -key PerfCount -value "0" -context "sdk\\\\bsp/1658757228468"
# webtalk_add_data -client sdk -key FlashCount -value "0" -context "sdk\\\\bsp/1658757228468"
# webtalk_add_data -client sdk -key CrossTriggCount -value "0" -context "sdk\\\\bsp/1658757228468"
# webtalk_add_data -client sdk -key QemuDebugCount -value "0" -context "sdk\\\\bsp/1658757228468"
# webtalk_transmit -clientid 487853558 -regid "211578208_1777537401_210688999_346" -xml D:\\IIIT-D\\Independent_Project\\design_impl\\least_squares\\least_squares.sdk\\webtalk\\usage_statistics_ext_sdk.xml -html D:\\IIIT-D\\Independent_Project\\design_impl\\least_squares\\least_squares.sdk\\webtalk\\usage_statistics_ext_sdk.html -wdm D:\\IIIT-D\\Independent_Project\\design_impl\\least_squares\\least_squares.sdk\\webtalk\\sdk_webtalk.wdm -intro "<H3>SDK Usage Report</H3><BR>"
INFO: [Common 17-186] 'D:\IIIT-D\Independent_Project\design_impl\least_squares\least_squares.sdk\webtalk\usage_statistics_ext_sdk.xml' has been successfully sent to Xilinx on Mon Jul 25 19:24:03 2022. For additional details about this file, please refer to the WebTalk help file at D:/Softwares/Xilinx/Vivado/SDK/2019.1/doc/webtalk_introduction.html.
webtalk_transmit: Time (s): cpu = 00:00:00 ; elapsed = 00:00:06 . Memory (MB): peak = 86.086 ; gain = 0.000
# webtalk_terminate
INFO: [Common 17-206] Exiting Webtalk at Mon Jul 25 19:24:03 2022...
