

================================================================
== Vivado HLS Report for 'L2_wlo_218'
================================================================
* Date:           Wed Aug 17 14:59:51 2022

* Version:        2019.1 (Build 2552052 on Fri May 24 15:28:33 MDT 2019)
* Project:        dnn
* Solution:       wordlength_opt__21_8
* Product family: zynq
* Target device:  xc7z020-clg484-1


================================================================
== Performance Estimates
================================================================
+ Timing (ns): 
    * Summary: 
    +--------+-------+----------+------------+
    |  Clock | Target| Estimated| Uncertainty|
    +--------+-------+----------+------------+
    |ap_clk  |  10.00|     9.400|        1.25|
    +--------+-------+----------+------------+

+ Latency (clock cycles): 
    * Summary: 
    +-----+-----+-----+-----+---------+
    |  Latency  |  Interval | Pipeline|
    | min | max | min | max |   Type  |
    +-----+-----+-----+-----+---------+
    |  269|  269|  269|  269|   none  |
    +-----+-----+-----+-----+---------+

    + Detail: 
        * Instance: 
        N/A

        * Loop: 
        +-----------+-----+-----+----------+-----------+-----------+------+----------+
        |           |  Latency  | Iteration|  Initiation Interval  | Trip |          |
        | Loop Name | min | max |  Latency |  achieved |   target  | Count| Pipelined|
        +-----------+-----+-----+----------+-----------+-----------+------+----------+
        |- layer_2  |  267|  267|        64|          4|          4|    52|    yes   |
        +-----------+-----+-----+----------+-----------+-----------+------+----------+



================================================================
== Utilization Estimates
================================================================
* Summary: 
+-----------------+---------+-------+--------+-------+-----+
|       Name      | BRAM_18K| DSP48E|   FF   |  LUT  | URAM|
+-----------------+---------+-------+--------+-------+-----+
|DSP              |        -|    104|       -|      -|    -|
|Expression       |        -|      -|      40|   2526|    -|
|FIFO             |        -|      -|       -|      -|    -|
|Instance         |        -|      0|     166|    377|    -|
|Memory           |        0|      -|    1301|   1091|    -|
|Multiplexer      |        -|      -|       -|     65|    -|
|Register         |        0|      -|    7531|     96|    -|
+-----------------+---------+-------+--------+-------+-----+
|Total            |        0|    104|    9038|   4155|    0|
+-----------------+---------+-------+--------+-------+-----+
|Available        |      280|    220|  106400|  53200|    0|
+-----------------+---------+-------+--------+-------+-----+
|Utilization (%)  |        0|     47|       8|      7|    0|
+-----------------+---------+-------+--------+-------+-----+

+ Detail: 
    * Instance: 
    +--------------------------+----------------------+---------+-------+-----+-----+-----+
    |         Instance         |        Module        | BRAM_18K| DSP48E|  FF | LUT | URAM|
    +--------------------------+----------------------+---------+-------+-----+-----+-----+
    |DNN_wlo_218_fcmp_bWr_U13  |DNN_wlo_218_fcmp_bWr  |        0|      0|   66|  239|    0|
    |DNN_wlo_218_fpextbkb_U12  |DNN_wlo_218_fpextbkb  |        0|      0|  100|  138|    0|
    +--------------------------+----------------------+---------+-------+-----+-----+-----+
    |Total                     |                      |        0|      0|  166|  377|    0|
    +--------------------------+----------------------+---------+-------+-----+-----+-----+

    * DSP48E: 
    +---------------------------+----------------------+--------------+
    |          Instance         |        Module        |  Expression  |
    +---------------------------+----------------------+--------------+
    |DNN_wlo_218_mac_mb0s_U20   |DNN_wlo_218_mac_mb0s  | i0 + i1 * i2 |
    |DNN_wlo_218_mac_mb0s_U21   |DNN_wlo_218_mac_mb0s  | i0 + i1 * i2 |
    |DNN_wlo_218_mac_mb0s_U22   |DNN_wlo_218_mac_mb0s  | i0 + i1 * i2 |
    |DNN_wlo_218_mac_mb0s_U23   |DNN_wlo_218_mac_mb0s  | i0 + i1 * i2 |
    |DNN_wlo_218_mac_mb0s_U24   |DNN_wlo_218_mac_mb0s  | i0 + i1 * i2 |
    |DNN_wlo_218_mac_mb0s_U25   |DNN_wlo_218_mac_mb0s  | i0 + i1 * i2 |
    |DNN_wlo_218_mac_mb0s_U26   |DNN_wlo_218_mac_mb0s  | i0 + i1 * i2 |
    |DNN_wlo_218_mac_mb0s_U27   |DNN_wlo_218_mac_mb0s  | i0 + i1 * i2 |
    |DNN_wlo_218_mac_mb0s_U28   |DNN_wlo_218_mac_mb0s  | i0 + i1 * i2 |
    |DNN_wlo_218_mac_mb0s_U29   |DNN_wlo_218_mac_mb0s  | i0 + i1 * i2 |
    |DNN_wlo_218_mac_mb0s_U30   |DNN_wlo_218_mac_mb0s  | i0 + i1 * i2 |
    |DNN_wlo_218_mac_mb0s_U31   |DNN_wlo_218_mac_mb0s  | i0 + i1 * i2 |
    |DNN_wlo_218_mac_mb0s_U32   |DNN_wlo_218_mac_mb0s  | i0 + i1 * i2 |
    |DNN_wlo_218_mac_mb0s_U33   |DNN_wlo_218_mac_mb0s  | i0 + i1 * i2 |
    |DNN_wlo_218_mac_mb0s_U34   |DNN_wlo_218_mac_mb0s  | i0 + i1 * i2 |
    |DNN_wlo_218_mac_mb0s_U36   |DNN_wlo_218_mac_mb0s  | i0 + i1 * i2 |
    |DNN_wlo_218_mac_mb0s_U37   |DNN_wlo_218_mac_mb0s  | i0 + i1 * i2 |
    |DNN_wlo_218_mac_mb0s_U41   |DNN_wlo_218_mac_mb0s  | i0 + i1 * i2 |
    |DNN_wlo_218_mac_mb0s_U42   |DNN_wlo_218_mac_mb0s  | i0 + i1 * i2 |
    |DNN_wlo_218_mac_mb0s_U43   |DNN_wlo_218_mac_mb0s  | i0 + i1 * i2 |
    |DNN_wlo_218_mac_mb0s_U44   |DNN_wlo_218_mac_mb0s  | i0 + i1 * i2 |
    |DNN_wlo_218_mac_mb0s_U46   |DNN_wlo_218_mac_mb0s  | i0 + i1 * i2 |
    |DNN_wlo_218_mac_mb0s_U48   |DNN_wlo_218_mac_mb0s  | i0 + i1 * i2 |
    |DNN_wlo_218_mac_mb0s_U49   |DNN_wlo_218_mac_mb0s  | i0 + i1 * i2 |
    |DNN_wlo_218_mac_mb0s_U50   |DNN_wlo_218_mac_mb0s  | i0 + i1 * i2 |
    |DNN_wlo_218_mac_mb0s_U52   |DNN_wlo_218_mac_mb0s  | i0 + i1 * i2 |
    |DNN_wlo_218_mac_mb0s_U53   |DNN_wlo_218_mac_mb0s  | i0 + i1 * i2 |
    |DNN_wlo_218_mac_mb0s_U54   |DNN_wlo_218_mac_mb0s  | i0 + i1 * i2 |
    |DNN_wlo_218_mac_mb0s_U55   |DNN_wlo_218_mac_mb0s  | i0 + i1 * i2 |
    |DNN_wlo_218_mac_mb0s_U56   |DNN_wlo_218_mac_mb0s  | i0 + i1 * i2 |
    |DNN_wlo_218_mac_mb0s_U58   |DNN_wlo_218_mac_mb0s  | i0 + i1 * i2 |
    |DNN_wlo_218_mac_mb0s_U60   |DNN_wlo_218_mac_mb0s  | i0 + i1 * i2 |
    |DNN_wlo_218_mac_mb0s_U61   |DNN_wlo_218_mac_mb0s  | i0 + i1 * i2 |
    |DNN_wlo_218_mac_mb0s_U70   |DNN_wlo_218_mac_mb0s  | i0 + i1 * i2 |
    |DNN_wlo_218_mac_mb0s_U71   |DNN_wlo_218_mac_mb0s  | i0 + i1 * i2 |
    |DNN_wlo_218_mac_mb0s_U72   |DNN_wlo_218_mac_mb0s  | i0 + i1 * i2 |
    |DNN_wlo_218_mac_mb0s_U73   |DNN_wlo_218_mac_mb0s  | i0 + i1 * i2 |
    |DNN_wlo_218_mac_mb0s_U74   |DNN_wlo_218_mac_mb0s  | i0 + i1 * i2 |
    |DNN_wlo_218_mac_mb0s_U76   |DNN_wlo_218_mac_mb0s  | i0 + i1 * i2 |
    |DNN_wlo_218_mac_mb0s_U77   |DNN_wlo_218_mac_mb0s  | i0 + i1 * i2 |
    |DNN_wlo_218_mac_mb0s_U78   |DNN_wlo_218_mac_mb0s  | i0 + i1 * i2 |
    |DNN_wlo_218_mac_mb0s_U79   |DNN_wlo_218_mac_mb0s  | i0 + i1 * i2 |
    |DNN_wlo_218_mac_mb0s_U81   |DNN_wlo_218_mac_mb0s  | i0 + i1 * i2 |
    |DNN_wlo_218_mac_mb0s_U82   |DNN_wlo_218_mac_mb0s  | i0 + i1 * i2 |
    |DNN_wlo_218_mac_mb0s_U84   |DNN_wlo_218_mac_mb0s  | i0 + i1 * i2 |
    |DNN_wlo_218_mac_mb0s_U85   |DNN_wlo_218_mac_mb0s  | i0 + i1 * i2 |
    |DNN_wlo_218_mac_mb0s_U86   |DNN_wlo_218_mac_mb0s  | i0 + i1 * i2 |
    |DNN_wlo_218_mac_mb0s_U88   |DNN_wlo_218_mac_mb0s  | i0 + i1 * i2 |
    |DNN_wlo_218_mac_mb0s_U89   |DNN_wlo_218_mac_mb0s  | i0 + i1 * i2 |
    |DNN_wlo_218_mac_mb0s_U90   |DNN_wlo_218_mac_mb0s  | i0 + i1 * i2 |
    |DNN_wlo_218_mac_mb0s_U92   |DNN_wlo_218_mac_mb0s  | i0 + i1 * i2 |
    |DNN_wlo_218_mac_mb0s_U93   |DNN_wlo_218_mac_mb0s  | i0 + i1 * i2 |
    |DNN_wlo_218_mac_mb0s_U95   |DNN_wlo_218_mac_mb0s  | i0 + i1 * i2 |
    |DNN_wlo_218_mac_mb0s_U96   |DNN_wlo_218_mac_mb0s  | i0 + i1 * i2 |
    |DNN_wlo_218_mac_mb0s_U97   |DNN_wlo_218_mac_mb0s  | i0 + i1 * i2 |
    |DNN_wlo_218_mac_mb0s_U100  |DNN_wlo_218_mac_mb0s  | i0 + i1 * i2 |
    |DNN_wlo_218_mac_mb0s_U102  |DNN_wlo_218_mac_mb0s  | i0 + i1 * i2 |
    |DNN_wlo_218_mac_mb0s_U103  |DNN_wlo_218_mac_mb0s  | i0 + i1 * i2 |
    |DNN_wlo_218_mac_mb0s_U104  |DNN_wlo_218_mac_mb0s  | i0 + i1 * i2 |
    |DNN_wlo_218_mac_mb0s_U105  |DNN_wlo_218_mac_mb0s  | i0 + i1 * i2 |
    |DNN_wlo_218_mac_mb0s_U107  |DNN_wlo_218_mac_mb0s  | i0 + i1 * i2 |
    |DNN_wlo_218_mac_mb0s_U109  |DNN_wlo_218_mac_mb0s  | i0 + i1 * i2 |
    |DNN_wlo_218_mac_mb0s_U110  |DNN_wlo_218_mac_mb0s  | i0 + i1 * i2 |
    |DNN_wlo_218_mac_mb0s_U111  |DNN_wlo_218_mac_mb0s  | i0 + i1 * i2 |
    |DNN_wlo_218_mac_mb0s_U114  |DNN_wlo_218_mac_mb0s  | i0 + i1 * i2 |
    |DNN_wlo_218_mac_mbXr_U14   |DNN_wlo_218_mac_mbXr  | i0 + i1 * i2 |
    |DNN_wlo_218_mac_mbYs_U15   |DNN_wlo_218_mac_mbYs  | i0 + i1 * i2 |
    |DNN_wlo_218_mac_mbZs_U16   |DNN_wlo_218_mac_mbZs  | i0 + i1 * i2 |
    |DNN_wlo_218_mac_mbZs_U17   |DNN_wlo_218_mac_mbZs  | i0 + i1 * i2 |
    |DNN_wlo_218_mac_mbZs_U18   |DNN_wlo_218_mac_mbZs  | i0 + i1 * i2 |
    |DNN_wlo_218_mac_mbZs_U19   |DNN_wlo_218_mac_mbZs  | i0 + i1 * i2 |
    |DNN_wlo_218_mac_mbZs_U35   |DNN_wlo_218_mac_mbZs  | i0 + i1 * i2 |
    |DNN_wlo_218_mac_mbZs_U38   |DNN_wlo_218_mac_mbZs  | i0 + i1 * i2 |
    |DNN_wlo_218_mac_mbZs_U39   |DNN_wlo_218_mac_mbZs  | i0 + i1 * i2 |
    |DNN_wlo_218_mac_mbZs_U40   |DNN_wlo_218_mac_mbZs  | i0 + i1 * i2 |
    |DNN_wlo_218_mac_mbZs_U45   |DNN_wlo_218_mac_mbZs  | i0 + i1 * i2 |
    |DNN_wlo_218_mac_mbZs_U47   |DNN_wlo_218_mac_mbZs  | i0 + i1 * i2 |
    |DNN_wlo_218_mac_mbZs_U51   |DNN_wlo_218_mac_mbZs  | i0 + i1 * i2 |
    |DNN_wlo_218_mac_mbZs_U57   |DNN_wlo_218_mac_mbZs  | i0 + i1 * i2 |
    |DNN_wlo_218_mac_mbZs_U59   |DNN_wlo_218_mac_mbZs  | i0 + i1 * i2 |
    |DNN_wlo_218_mac_mbZs_U62   |DNN_wlo_218_mac_mbZs  | i0 + i1 * i2 |
    |DNN_wlo_218_mac_mbZs_U63   |DNN_wlo_218_mac_mbZs  | i0 + i1 * i2 |
    |DNN_wlo_218_mac_mbZs_U64   |DNN_wlo_218_mac_mbZs  | i0 + i1 * i2 |
    |DNN_wlo_218_mac_mbZs_U65   |DNN_wlo_218_mac_mbZs  | i0 + i1 * i2 |
    |DNN_wlo_218_mac_mbZs_U66   |DNN_wlo_218_mac_mbZs  | i0 + i1 * i2 |
    |DNN_wlo_218_mac_mbZs_U67   |DNN_wlo_218_mac_mbZs  | i0 + i1 * i2 |
    |DNN_wlo_218_mac_mbZs_U68   |DNN_wlo_218_mac_mbZs  | i0 + i1 * i2 |
    |DNN_wlo_218_mac_mbZs_U69   |DNN_wlo_218_mac_mbZs  | i0 + i1 * i2 |
    |DNN_wlo_218_mac_mbZs_U75   |DNN_wlo_218_mac_mbZs  | i0 + i1 * i2 |
    |DNN_wlo_218_mac_mbZs_U80   |DNN_wlo_218_mac_mbZs  | i0 + i1 * i2 |
    |DNN_wlo_218_mac_mbZs_U83   |DNN_wlo_218_mac_mbZs  | i0 + i1 * i2 |
    |DNN_wlo_218_mac_mbZs_U87   |DNN_wlo_218_mac_mbZs  | i0 + i1 * i2 |
    |DNN_wlo_218_mac_mbZs_U91   |DNN_wlo_218_mac_mbZs  | i0 + i1 * i2 |
    |DNN_wlo_218_mac_mbZs_U94   |DNN_wlo_218_mac_mbZs  | i0 + i1 * i2 |
    |DNN_wlo_218_mac_mbZs_U98   |DNN_wlo_218_mac_mbZs  | i0 + i1 * i2 |
    |DNN_wlo_218_mac_mbZs_U99   |DNN_wlo_218_mac_mbZs  | i0 + i1 * i2 |
    |DNN_wlo_218_mac_mbZs_U101  |DNN_wlo_218_mac_mbZs  | i0 + i1 * i2 |
    |DNN_wlo_218_mac_mbZs_U106  |DNN_wlo_218_mac_mbZs  | i0 + i1 * i2 |
    |DNN_wlo_218_mac_mbZs_U108  |DNN_wlo_218_mac_mbZs  | i0 + i1 * i2 |
    |DNN_wlo_218_mac_mbZs_U112  |DNN_wlo_218_mac_mbZs  | i0 + i1 * i2 |
    |DNN_wlo_218_mac_mbZs_U113  |DNN_wlo_218_mac_mbZs  | i0 + i1 * i2 |
    |DNN_wlo_218_mac_mbZs_U115  |DNN_wlo_218_mac_mbZs  | i0 + i1 * i2 |
    |DNN_wlo_218_mac_mbZs_U116  |DNN_wlo_218_mac_mbZs  | i0 + i1 * i2 |
    |DNN_wlo_218_mac_mbZs_U117  |DNN_wlo_218_mac_mbZs  | i0 + i1 * i2 |
    +---------------------------+----------------------+--------------+

    * Memory: 
    +--------------------+----------------------+---------+----+----+-----+------+-----+------+-------------+
    |       Memory       |        Module        | BRAM_18K| FF | LUT| URAM| Words| Bits| Banks| W*Bits*Banks|
    +--------------------+----------------------+---------+----+----+-----+------+-----+------+-------------+
    |L1_BIAS_V_U         |L2_wlo_218_L1_BIAfYi  |        0|  14|  12|    0|    52|   14|     1|          728|
    |L1_WEIGHTS_V_46_U   |L2_wlo_218_L1_WEI0iy  |        0|  12|  10|    0|    52|   12|     1|          624|
    |L1_WEIGHTS_V_47_U   |L2_wlo_218_L1_WEI1iI  |        0|  12|  10|    0|    52|   12|     1|          624|
    |L1_WEIGHTS_V_48_U   |L2_wlo_218_L1_WEI2iS  |        0|  13|  11|    0|    52|   13|     1|          676|
    |L1_WEIGHTS_V_49_U   |L2_wlo_218_L1_WEI3i2  |        0|  13|  11|    0|    52|   13|     1|          676|
    |L1_WEIGHTS_V_50_U   |L2_wlo_218_L1_WEI4jc  |        0|  13|  11|    0|    52|   13|     1|          676|
    |L1_WEIGHTS_V_51_U   |L2_wlo_218_L1_WEI5jm  |        0|  13|  11|    0|    52|   13|     1|          676|
    |L1_WEIGHTS_V_52_U   |L2_wlo_218_L1_WEI6jw  |        0|  13|  11|    0|    52|   13|     1|          676|
    |L1_WEIGHTS_V_53_U   |L2_wlo_218_L1_WEI7jG  |        0|  13|  11|    0|    52|   13|     1|          676|
    |L1_WEIGHTS_V_54_U   |L2_wlo_218_L1_WEI8jQ  |        0|  13|  11|    0|    52|   13|     1|          676|
    |L1_WEIGHTS_V_55_U   |L2_wlo_218_L1_WEI9j0  |        0|  13|  11|    0|    52|   13|     1|          676|
    |L1_WEIGHTS_V_20_U   |L2_wlo_218_L1_WEIAem  |        0|  12|  10|    0|    52|   12|     1|          624|
    |L1_WEIGHTS_V_21_U   |L2_wlo_218_L1_WEIBew  |        0|  13|  11|    0|    52|   13|     1|          676|
    |L1_WEIGHTS_V_22_U   |L2_wlo_218_L1_WEICeG  |        0|  12|  10|    0|    52|   12|     1|          624|
    |L1_WEIGHTS_V_23_U   |L2_wlo_218_L1_WEIDeQ  |        0|  12|  10|    0|    52|   12|     1|          624|
    |L1_WEIGHTS_V_24_U   |L2_wlo_218_L1_WEIEe0  |        0|  13|  11|    0|    52|   13|     1|          676|
    |L1_WEIGHTS_V_25_U   |L2_wlo_218_L1_WEIFfa  |        0|  13|  11|    0|    52|   13|     1|          676|
    |L1_WEIGHTS_V_26_U   |L2_wlo_218_L1_WEIGfk  |        0|  13|  11|    0|    52|   13|     1|          676|
    |L1_WEIGHTS_V_27_U   |L2_wlo_218_L1_WEIHfu  |        0|  12|  10|    0|    52|   12|     1|          624|
    |L1_WEIGHTS_V_28_U   |L2_wlo_218_L1_WEIIfE  |        0|  12|  10|    0|    52|   12|     1|          624|
    |L1_WEIGHTS_V_29_U   |L2_wlo_218_L1_WEIJfO  |        0|  12|  10|    0|    52|   12|     1|          624|
    |L1_WEIGHTS_V_30_U   |L2_wlo_218_L1_WEIKfY  |        0|  12|  10|    0|    52|   12|     1|          624|
    |L1_WEIGHTS_V_31_U   |L2_wlo_218_L1_WEILf8  |        0|  13|  11|    0|    52|   13|     1|          676|
    |L1_WEIGHTS_V_32_U   |L2_wlo_218_L1_WEIMgi  |        0|  12|  10|    0|    52|   12|     1|          624|
    |L1_WEIGHTS_V_33_U   |L2_wlo_218_L1_WEINgs  |        0|  13|  11|    0|    52|   13|     1|          676|
    |L1_WEIGHTS_V_34_U   |L2_wlo_218_L1_WEIOgC  |        0|  12|  10|    0|    52|   12|     1|          624|
    |L1_WEIGHTS_V_35_U   |L2_wlo_218_L1_WEIPgM  |        0|  12|  10|    0|    52|   12|     1|          624|
    |L1_WEIGHTS_V_36_U   |L2_wlo_218_L1_WEIQgW  |        0|  12|  10|    0|    52|   12|     1|          624|
    |L1_WEIGHTS_V_37_U   |L2_wlo_218_L1_WEIRg6  |        0|  13|  11|    0|    52|   13|     1|          676|
    |L1_WEIGHTS_V_38_U   |L2_wlo_218_L1_WEIShg  |        0|  12|  10|    0|    52|   12|     1|          624|
    |L1_WEIGHTS_V_39_U   |L2_wlo_218_L1_WEIThq  |        0|  12|  10|    0|    52|   12|     1|          624|
    |L1_WEIGHTS_V_40_U   |L2_wlo_218_L1_WEIUhA  |        0|  12|  10|    0|    52|   12|     1|          624|
    |L1_WEIGHTS_V_41_U   |L2_wlo_218_L1_WEIVhK  |        0|  12|  10|    0|    52|   12|     1|          624|
    |L1_WEIGHTS_V_42_U   |L2_wlo_218_L1_WEIWhU  |        0|  12|  10|    0|    52|   12|     1|          624|
    |L1_WEIGHTS_V_43_U   |L2_wlo_218_L1_WEIXh4  |        0|  13|  11|    0|    52|   13|     1|          676|
    |L1_WEIGHTS_V_44_U   |L2_wlo_218_L1_WEIYie  |        0|  12|  10|    0|    52|   12|     1|          624|
    |L1_WEIGHTS_V_45_U   |L2_wlo_218_L1_WEIZio  |        0|  13|  11|    0|    52|   13|     1|          676|
    |L1_WEIGHTS_V_82_U   |L2_wlo_218_L1_WEIbAo  |        0|  12|  10|    0|    52|   12|     1|          624|
    |L1_WEIGHTS_V_83_U   |L2_wlo_218_L1_WEIbBo  |        0|  12|  10|    0|    52|   12|     1|          624|
    |L1_WEIGHTS_V_84_U   |L2_wlo_218_L1_WEIbCo  |        0|  13|  11|    0|    52|   13|     1|          676|
    |L1_WEIGHTS_V_85_U   |L2_wlo_218_L1_WEIbDo  |        0|  13|  11|    0|    52|   13|     1|          676|
    |L1_WEIGHTS_V_86_U   |L2_wlo_218_L1_WEIbEo  |        0|  12|  10|    0|    52|   12|     1|          624|
    |L1_WEIGHTS_V_87_U   |L2_wlo_218_L1_WEIbFp  |        0|  13|  11|    0|    52|   13|     1|          676|
    |L1_WEIGHTS_V_88_U   |L2_wlo_218_L1_WEIbGp  |        0|  12|  10|    0|    52|   12|     1|          624|
    |L1_WEIGHTS_V_89_U   |L2_wlo_218_L1_WEIbHp  |        0|  12|  10|    0|    52|   12|     1|          624|
    |L1_WEIGHTS_V_90_U   |L2_wlo_218_L1_WEIbIp  |        0|  12|  10|    0|    52|   12|     1|          624|
    |L1_WEIGHTS_V_91_U   |L2_wlo_218_L1_WEIbJp  |        0|  12|  10|    0|    52|   12|     1|          624|
    |L1_WEIGHTS_V_92_U   |L2_wlo_218_L1_WEIbKp  |        0|  13|  11|    0|    52|   13|     1|          676|
    |L1_WEIGHTS_V_93_U   |L2_wlo_218_L1_WEIbLp  |        0|  12|  10|    0|    52|   12|     1|          624|
    |L1_WEIGHTS_V_94_U   |L2_wlo_218_L1_WEIbMq  |        0|  13|  11|    0|    52|   13|     1|          676|
    |L1_WEIGHTS_V_95_U   |L2_wlo_218_L1_WEIbNq  |        0|  12|  10|    0|    52|   12|     1|          624|
    |L1_WEIGHTS_V_96_U   |L2_wlo_218_L1_WEIbOq  |        0|  12|  10|    0|    52|   12|     1|          624|
    |L1_WEIGHTS_V_97_U   |L2_wlo_218_L1_WEIbPq  |        0|  12|  10|    0|    52|   12|     1|          624|
    |L1_WEIGHTS_V_98_U   |L2_wlo_218_L1_WEIbQq  |        0|  13|  11|    0|    52|   13|     1|          676|
    |L1_WEIGHTS_V_99_U   |L2_wlo_218_L1_WEIbRq  |        0|  13|  11|    0|    52|   13|     1|          676|
    |L1_WEIGHTS_V_100_U  |L2_wlo_218_L1_WEIbSr  |        0|  12|  10|    0|    52|   12|     1|          624|
    |L1_WEIGHTS_V_101_U  |L2_wlo_218_L1_WEIbTr  |        0|  13|  11|    0|    52|   13|     1|          676|
    |L1_WEIGHTS_V_102_U  |L2_wlo_218_L1_WEIbUr  |        0|  13|  11|    0|    52|   13|     1|          676|
    |L1_WEIGHTS_V_103_U  |L2_wlo_218_L1_WEIbVr  |        0|  13|  11|    0|    52|   13|     1|          676|
    |L1_WEIGHTS_V_56_U   |L2_wlo_218_L1_WEIbak  |        0|  12|  10|    0|    52|   12|     1|          624|
    |L1_WEIGHTS_V_57_U   |L2_wlo_218_L1_WEIbbk  |        0|  12|  10|    0|    52|   12|     1|          624|
    |L1_WEIGHTS_V_58_U   |L2_wlo_218_L1_WEIbck  |        0|  12|  10|    0|    52|   12|     1|          624|
    |L1_WEIGHTS_V_59_U   |L2_wlo_218_L1_WEIbdk  |        0|  12|  10|    0|    52|   12|     1|          624|
    |L1_WEIGHTS_V_60_U   |L2_wlo_218_L1_WEIbek  |        0|  12|  10|    0|    52|   12|     1|          624|
    |L1_WEIGHTS_V_61_U   |L2_wlo_218_L1_WEIbfk  |        0|  13|  11|    0|    52|   13|     1|          676|
    |L1_WEIGHTS_V_62_U   |L2_wlo_218_L1_WEIbgk  |        0|  12|  10|    0|    52|   12|     1|          624|
    |L1_WEIGHTS_V_63_U   |L2_wlo_218_L1_WEIbhl  |        0|  12|  10|    0|    52|   12|     1|          624|
    |L1_WEIGHTS_V_64_U   |L2_wlo_218_L1_WEIbil  |        0|  12|  10|    0|    52|   12|     1|          624|
    |L1_WEIGHTS_V_65_U   |L2_wlo_218_L1_WEIbjl  |        0|  12|  10|    0|    52|   12|     1|          624|
    |L1_WEIGHTS_V_66_U   |L2_wlo_218_L1_WEIbkl  |        0|  13|  11|    0|    52|   13|     1|          676|
    |L1_WEIGHTS_V_67_U   |L2_wlo_218_L1_WEIbll  |        0|  12|  10|    0|    52|   12|     1|          624|
    |L1_WEIGHTS_V_68_U   |L2_wlo_218_L1_WEIbml  |        0|  12|  10|    0|    52|   12|     1|          624|
    |L1_WEIGHTS_V_69_U   |L2_wlo_218_L1_WEIbnm  |        0|  13|  11|    0|    52|   13|     1|          676|
    |L1_WEIGHTS_V_70_U   |L2_wlo_218_L1_WEIbom  |        0|  12|  10|    0|    52|   12|     1|          624|
    |L1_WEIGHTS_V_71_U   |L2_wlo_218_L1_WEIbpm  |        0|  12|  10|    0|    52|   12|     1|          624|
    |L1_WEIGHTS_V_72_U   |L2_wlo_218_L1_WEIbqm  |        0|  12|  10|    0|    52|   12|     1|          624|
    |L1_WEIGHTS_V_73_U   |L2_wlo_218_L1_WEIbrm  |        0|  13|  11|    0|    52|   13|     1|          676|
    |L1_WEIGHTS_V_74_U   |L2_wlo_218_L1_WEIbsm  |        0|  12|  10|    0|    52|   12|     1|          624|
    |L1_WEIGHTS_V_75_U   |L2_wlo_218_L1_WEIbtn  |        0|  12|  10|    0|    52|   12|     1|          624|
    |L1_WEIGHTS_V_76_U   |L2_wlo_218_L1_WEIbun  |        0|  12|  10|    0|    52|   12|     1|          624|
    |L1_WEIGHTS_V_77_U   |L2_wlo_218_L1_WEIbvn  |        0|  13|  11|    0|    52|   13|     1|          676|
    |L1_WEIGHTS_V_78_U   |L2_wlo_218_L1_WEIbwn  |        0|  12|  10|    0|    52|   12|     1|          624|
    |L1_WEIGHTS_V_79_U   |L2_wlo_218_L1_WEIbxn  |        0|  12|  10|    0|    52|   12|     1|          624|
    |L1_WEIGHTS_V_80_U   |L2_wlo_218_L1_WEIbyn  |        0|  13|  11|    0|    52|   13|     1|          676|
    |L1_WEIGHTS_V_81_U   |L2_wlo_218_L1_WEIbzo  |        0|  12|  10|    0|    52|   12|     1|          624|
    |L1_WEIGHTS_V_0_U    |L2_wlo_218_L1_WEIg8j  |        0|  13|  11|    0|    52|   13|     1|          676|
    |L1_WEIGHTS_V_1_U    |L2_wlo_218_L1_WEIhbi  |        0|  13|  11|    0|    52|   13|     1|          676|
    |L1_WEIGHTS_V_2_U    |L2_wlo_218_L1_WEIibs  |        0|  13|  11|    0|    52|   13|     1|          676|
    |L1_WEIGHTS_V_3_U    |L2_wlo_218_L1_WEIjbC  |        0|  13|  11|    0|    52|   13|     1|          676|
    |L1_WEIGHTS_V_4_U    |L2_wlo_218_L1_WEIkbM  |        0|  13|  11|    0|    52|   13|     1|          676|
    |L1_WEIGHTS_V_5_U    |L2_wlo_218_L1_WEIlbW  |        0|  13|  11|    0|    52|   13|     1|          676|
    |L1_WEIGHTS_V_6_U    |L2_wlo_218_L1_WEImb6  |        0|  12|  10|    0|    52|   12|     1|          624|
    |L1_WEIGHTS_V_7_U    |L2_wlo_218_L1_WEIncg  |        0|  12|  10|    0|    52|   12|     1|          624|
    |L1_WEIGHTS_V_8_U    |L2_wlo_218_L1_WEIocq  |        0|  12|  10|    0|    52|   12|     1|          624|
    |L1_WEIGHTS_V_9_U    |L2_wlo_218_L1_WEIpcA  |        0|  12|  10|    0|    52|   12|     1|          624|
    |L1_WEIGHTS_V_10_U   |L2_wlo_218_L1_WEIqcK  |        0|  12|  10|    0|    52|   12|     1|          624|
    |L1_WEIGHTS_V_11_U   |L2_wlo_218_L1_WEIrcU  |        0|  12|  10|    0|    52|   12|     1|          624|
    |L1_WEIGHTS_V_12_U   |L2_wlo_218_L1_WEIsc4  |        0|  12|  10|    0|    52|   12|     1|          624|
    |L1_WEIGHTS_V_13_U   |L2_wlo_218_L1_WEItde  |        0|  12|  10|    0|    52|   12|     1|          624|
    |L1_WEIGHTS_V_14_U   |L2_wlo_218_L1_WEIudo  |        0|  12|  10|    0|    52|   12|     1|          624|
    |L1_WEIGHTS_V_15_U   |L2_wlo_218_L1_WEIvdy  |        0|  12|  10|    0|    52|   12|     1|          624|
    |L1_WEIGHTS_V_16_U   |L2_wlo_218_L1_WEIwdI  |        0|  12|  10|    0|    52|   12|     1|          624|
    |L1_WEIGHTS_V_17_U   |L2_wlo_218_L1_WEIxdS  |        0|  12|  10|    0|    52|   12|     1|          624|
    |L1_WEIGHTS_V_18_U   |L2_wlo_218_L1_WEIyd2  |        0|  12|  10|    0|    52|   12|     1|          624|
    |L1_WEIGHTS_V_19_U   |L2_wlo_218_L1_WEIzec  |        0|  12|  10|    0|    52|   12|     1|          624|
    +--------------------+----------------------+---------+----+----+-----+------+-----+------+-------------+
    |Total               |                      |        0|1301|1091|    0|  5460| 1301|   105|        67652|
    +--------------------+----------------------+---------+----+----+-----+------+-----+------+-------------+

    * FIFO: 
    N/A

    * Expression: 
    +-----------------------------+----------+-------+----+-----+------------+------------+
    |        Variable Name        | Operation| DSP48E| FF | LUT | Bitwidth P0| Bitwidth P1|
    +-----------------------------+----------+-------+----+-----+------------+------------+
    |add_ln581_fu_5881_p2         |     +    |      0|   0|   12|           5|          12|
    |add_ln949_fu_5610_p2         |     +    |      0|   0|   28|           6|          21|
    |add_ln958_fu_5652_p2         |     +    |      0|   0|   39|           6|          32|
    |add_ln964_fu_5719_p2         |     +    |      0|   0|    8|           8|           8|
    |i_fu_3406_p2                 |     +    |      0|   0|   15|           6|           1|
    |lsb_index_fu_5537_p2         |     +    |      0|   0|   39|           6|          32|
    |m_18_fu_5681_p2              |     +    |      0|   0|   39|          32|          32|
    |F2_fu_5869_p2                |     -    |      0|   0|   12|          11|          12|
    |man_V_7_fu_5849_p2           |     -    |      0|   0|   61|           1|          54|
    |sub_ln581_fu_5887_p2         |     -    |      0|   0|   12|           4|          12|
    |sub_ln944_fu_5528_p2         |     -    |      0|   0|   39|           5|          32|
    |sub_ln947_fu_5563_p2         |     -    |      0|   0|   15|           4|           5|
    |sub_ln958_fu_5663_p2         |     -    |      0|   0|   39|           5|          32|
    |sub_ln964_fu_5714_p2         |     -    |      0|   0|    8|           4|           8|
    |tmp_V_fu_5487_p2             |     -    |      0|   0|   28|           1|          21|
    |a_fu_5590_p2                 |    and   |      0|   0|    2|           1|           1|
    |and_ln110_fu_5790_p2         |    and   |      0|   0|    2|           1|           1|
    |and_ln581_fu_5983_p2         |    and   |      0|   0|    2|           1|           1|
    |and_ln582_fu_5961_p2         |    and   |      0|   0|    2|           1|           1|
    |and_ln585_4_fu_6008_p2       |    and   |      0|   0|    2|           1|           1|
    |and_ln585_fu_5994_p2         |    and   |      0|   0|    2|           1|           1|
    |and_ln603_fu_6033_p2         |    and   |      0|   0|    2|           1|           1|
    |and_ln949_fu_5623_p2         |    and   |      0|   0|    2|           1|           1|
    |p_Result_23_fu_5579_p2       |    and   |      0|   0|   21|          21|          21|
    |ashr_ln586_fu_5928_p2        |   ashr   |      0|   0|  162|          54|          54|
    |l_fu_5516_p3                 |   cttz   |      0|  40|   36|          32|           0|
    |icmp_ln110_1_fu_5778_p2      |   icmp   |      0|   0|   18|          23|           1|
    |icmp_ln110_fu_5772_p2        |   icmp   |      0|   0|   11|           8|           2|
    |icmp_ln571_fu_5863_p2        |   icmp   |      0|   0|   29|          63|           1|
    |icmp_ln581_fu_5875_p2        |   icmp   |      0|   0|   13|          12|           4|
    |icmp_ln582_fu_5901_p2        |   icmp   |      0|   0|   13|          12|           4|
    |icmp_ln585_fu_5914_p2        |   icmp   |      0|   0|   13|          12|           6|
    |icmp_ln603_fu_5919_p2        |   icmp   |      0|   0|   13|          12|           5|
    |icmp_ln748_fu_3400_p2        |   icmp   |      0|   0|   11|           6|           5|
    |icmp_ln935_fu_5482_p2        |   icmp   |      0|   0|   18|          21|           1|
    |icmp_ln947_4_fu_5584_p2      |   icmp   |      0|   0|   18|          21|           1|
    |icmp_ln947_fu_5553_p2        |   icmp   |      0|   0|   18|          31|           1|
    |icmp_ln958_fu_5643_p2        |   icmp   |      0|   0|   18|          32|           1|
    |lshr_ln947_fu_5573_p2        |   lshr   |      0|   0|   57|           2|          21|
    |lshr_ln958_fu_5657_p2        |   lshr   |      0|   0|  101|          32|          32|
    |or_ln110_fu_5784_p2          |    or    |      0|   0|    2|           1|           1|
    |or_ln581_fu_6022_p2          |    or    |      0|   0|    2|           1|           1|
    |or_ln582_fu_5973_p2          |    or    |      0|   0|    2|           1|           1|
    |or_ln949_fu_5629_p2          |    or    |      0|   0|    2|           1|           1|
    |m_17_fu_5674_p3              |  select  |      0|   0|   32|           1|          32|
    |man_V_8_fu_5855_p3           |  select  |      0|   0|   54|           1|          54|
    |select_ln110_fu_5796_p3      |  select  |      0|   0|   32|           1|           1|
    |select_ln203_104_fu_6660_p3  |  select  |      0|   0|   21|           1|          21|
    |select_ln203_105_fu_6629_p3  |  select  |      0|   0|   21|           1|          21|
    |select_ln203_106_fu_6636_p3  |  select  |      0|   0|   21|           1|          21|
    |select_ln203_107_fu_6605_p3  |  select  |      0|   0|   21|           1|          21|
    |select_ln203_108_fu_6612_p3  |  select  |      0|   0|   21|           1|          21|
    |select_ln203_109_fu_6581_p3  |  select  |      0|   0|   21|           1|          21|
    |select_ln203_110_fu_6588_p3  |  select  |      0|   0|   21|           1|          21|
    |select_ln203_111_fu_6557_p3  |  select  |      0|   0|   21|           1|          21|
    |select_ln203_112_fu_6564_p3  |  select  |      0|   0|   21|           1|          21|
    |select_ln203_113_fu_6533_p3  |  select  |      0|   0|   21|           1|          21|
    |select_ln203_114_fu_6540_p3  |  select  |      0|   0|   21|           1|          21|
    |select_ln203_115_fu_6509_p3  |  select  |      0|   0|   21|           1|          21|
    |select_ln203_116_fu_6516_p3  |  select  |      0|   0|   21|           1|          21|
    |select_ln203_117_fu_6485_p3  |  select  |      0|   0|   21|           1|          21|
    |select_ln203_118_fu_6492_p3  |  select  |      0|   0|   21|           1|          21|
    |select_ln203_119_fu_6461_p3  |  select  |      0|   0|   21|           1|          21|
    |select_ln203_120_fu_6468_p3  |  select  |      0|   0|   21|           1|          21|
    |select_ln203_121_fu_6437_p3  |  select  |      0|   0|   21|           1|          21|
    |select_ln203_122_fu_6444_p3  |  select  |      0|   0|   21|           1|          21|
    |select_ln203_123_fu_6413_p3  |  select  |      0|   0|   21|           1|          21|
    |select_ln203_124_fu_6420_p3  |  select  |      0|   0|   21|           1|          21|
    |select_ln203_125_fu_6389_p3  |  select  |      0|   0|   21|           1|          21|
    |select_ln203_126_fu_6396_p3  |  select  |      0|   0|   21|           1|          21|
    |select_ln203_127_fu_6365_p3  |  select  |      0|   0|   21|           1|          21|
    |select_ln203_128_fu_6372_p3  |  select  |      0|   0|   21|           1|          21|
    |select_ln203_129_fu_6341_p3  |  select  |      0|   0|   21|           1|          21|
    |select_ln203_130_fu_6348_p3  |  select  |      0|   0|   21|           1|          21|
    |select_ln203_131_fu_6317_p3  |  select  |      0|   0|   21|           1|          21|
    |select_ln203_132_fu_6324_p3  |  select  |      0|   0|   21|           1|          21|
    |select_ln203_133_fu_6293_p3  |  select  |      0|   0|   21|           1|          21|
    |select_ln203_134_fu_6300_p3  |  select  |      0|   0|   21|           1|          21|
    |select_ln203_135_fu_6269_p3  |  select  |      0|   0|   21|           1|          21|
    |select_ln203_136_fu_6276_p3  |  select  |      0|   0|   21|           1|          21|
    |select_ln203_137_fu_6245_p3  |  select  |      0|   0|   21|           1|          21|
    |select_ln203_138_fu_6252_p3  |  select  |      0|   0|   21|           1|          21|
    |select_ln203_139_fu_6221_p3  |  select  |      0|   0|   21|           1|          21|
    |select_ln203_140_fu_6228_p3  |  select  |      0|   0|   21|           1|          21|
    |select_ln203_141_fu_6197_p3  |  select  |      0|   0|   21|           1|          21|
    |select_ln203_142_fu_6204_p3  |  select  |      0|   0|   21|           1|          21|
    |select_ln203_143_fu_6173_p3  |  select  |      0|   0|   21|           1|          21|
    |select_ln203_144_fu_6180_p3  |  select  |      0|   0|   21|           1|          21|
    |select_ln203_145_fu_6149_p3  |  select  |      0|   0|   21|           1|          21|
    |select_ln203_146_fu_6156_p3  |  select  |      0|   0|   21|           1|          21|
    |select_ln203_147_fu_6125_p3  |  select  |      0|   0|   21|           1|          21|
    |select_ln203_148_fu_6132_p3  |  select  |      0|   0|   21|           1|          21|
    |select_ln203_149_fu_6101_p3  |  select  |      0|   0|   21|           1|          21|
    |select_ln203_150_fu_6108_p3  |  select  |      0|   0|   21|           1|          21|
    |select_ln203_151_fu_6077_p3  |  select  |      0|   0|   21|           1|          21|
    |select_ln203_152_fu_6084_p3  |  select  |      0|   0|   21|           1|          21|
    |select_ln203_153_fu_6053_p3  |  select  |      0|   0|   21|           1|          21|
    |select_ln203_154_fu_6060_p3  |  select  |      0|   0|   21|           1|          21|
    |select_ln203_fu_6653_p3      |  select  |      0|   0|   21|           1|          21|
    |select_ln582_fu_5966_p3      |  select  |      0|   0|   21|           1|          21|
    |select_ln585_1_fu_6014_p3    |  select  |      0|   0|   21|           1|          21|
    |select_ln585_fu_6000_p3      |  select  |      0|   0|   21|           1|          21|
    |select_ln588_fu_5948_p3      |  select  |      0|   0|    2|           1|           2|
    |select_ln603_fu_6047_p3      |  select  |      0|   0|   21|           1|          21|
    |select_ln935_fu_5748_p3      |  select  |      0|   0|   32|           1|           1|
    |select_ln964_fu_5707_p3      |  select  |      0|   0|    7|           1|           7|
    |sh_amt_fu_5893_p3            |  select  |      0|   0|   12|           1|          12|
    |tmp_V_11_fu_5492_p3          |  select  |      0|   0|   21|           1|          21|
    |shl_ln604_fu_6042_p2         |    shl   |      0|   0|   57|          21|          21|
    |shl_ln958_fu_5668_p2         |    shl   |      0|   0|  101|          32|          32|
    |ap_enable_pp0                |    xor   |      0|   0|    2|           1|           2|
    |xor_ln571_fu_5956_p2         |    xor   |      0|   0|    2|           1|           2|
    |xor_ln581_fu_6027_p2         |    xor   |      0|   0|    2|           1|           2|
    |xor_ln582_fu_5977_p2         |    xor   |      0|   0|    2|           1|           2|
    |xor_ln585_fu_5988_p2         |    xor   |      0|   0|    2|           1|           2|
    |xor_ln949_fu_5604_p2         |    xor   |      0|   0|    2|           1|           2|
    +-----------------------------+----------+-------+----+-----+------------+------------+
    |Total                        |          |      0|  40| 2526|         633|        1857|
    +-----------------------------+----------+-------+----+-----+------------+------------+

    * Multiplexer: 
    +-------------------------------+----+-----------+-----+-----------+
    |              Name             | LUT| Input Size| Bits| Total Bits|
    +-------------------------------+----+-----------+-----+-----------+
    |ap_NS_fsm                      |  38|          7|    1|          7|
    |ap_enable_reg_pp0_iter15       |   9|          2|    1|          2|
    |ap_phi_mux_i_0_phi_fu_2813_p4  |   9|          2|    6|         12|
    |i_0_reg_2809                   |   9|          2|    6|         12|
    +-------------------------------+----+-----------+-----+-----------+
    |Total                          |  65|         13|   14|         33|
    +-------------------------------+----+-----------+-----+-----------+

    * Register: 
    +--------------------------------+----+----+-----+-----------+
    |              Name              | FF | LUT| Bits| Const Bits|
    +--------------------------------+----+----+-----+-----------+
    |L1_WEIGHTS_V_0_load_reg_8873    |  13|   0|   13|          0|
    |L1_WEIGHTS_V_100_loa_reg_10093  |  12|   0|   12|          0|
    |L1_WEIGHTS_V_101_loa_reg_10098  |  13|   0|   13|          0|
    |L1_WEIGHTS_V_102_loa_reg_10103  |  13|   0|   13|          0|
    |L1_WEIGHTS_V_103_loa_reg_10108  |  13|   0|   13|          0|
    |L1_WEIGHTS_V_10_load_reg_8983   |  12|   0|   12|          0|
    |L1_WEIGHTS_V_11_load_reg_8988   |  12|   0|   12|          0|
    |L1_WEIGHTS_V_12_load_reg_8993   |  12|   0|   12|          0|
    |L1_WEIGHTS_V_13_load_reg_8998   |  12|   0|   12|          0|
    |L1_WEIGHTS_V_14_load_reg_9003   |  12|   0|   12|          0|
    |L1_WEIGHTS_V_15_load_reg_9008   |  12|   0|   12|          0|
    |L1_WEIGHTS_V_16_load_reg_9068   |  12|   0|   12|          0|
    |L1_WEIGHTS_V_17_load_reg_9078   |  12|   0|   12|          0|
    |L1_WEIGHTS_V_18_load_reg_9083   |  12|   0|   12|          0|
    |L1_WEIGHTS_V_19_load_reg_9088   |  12|   0|   12|          0|
    |L1_WEIGHTS_V_1_load_reg_8878    |  13|   0|   13|          0|
    |L1_WEIGHTS_V_20_load_reg_9093   |  12|   0|   12|          0|
    |L1_WEIGHTS_V_21_load_reg_9098   |  13|   0|   13|          0|
    |L1_WEIGHTS_V_22_load_reg_9103   |  12|   0|   12|          0|
    |L1_WEIGHTS_V_23_load_reg_9108   |  12|   0|   12|          0|
    |L1_WEIGHTS_V_24_load_reg_9168   |  13|   0|   13|          0|
    |L1_WEIGHTS_V_25_load_reg_9178   |  13|   0|   13|          0|
    |L1_WEIGHTS_V_26_load_reg_9183   |  13|   0|   13|          0|
    |L1_WEIGHTS_V_27_load_reg_9188   |  12|   0|   12|          0|
    |L1_WEIGHTS_V_28_load_reg_9193   |  12|   0|   12|          0|
    |L1_WEIGHTS_V_29_load_reg_9198   |  12|   0|   12|          0|
    |L1_WEIGHTS_V_2_load_reg_8883    |  13|   0|   13|          0|
    |L1_WEIGHTS_V_30_load_reg_9203   |  12|   0|   12|          0|
    |L1_WEIGHTS_V_31_load_reg_9208   |  13|   0|   13|          0|
    |L1_WEIGHTS_V_32_load_reg_9268   |  12|   0|   12|          0|
    |L1_WEIGHTS_V_33_load_reg_9278   |  13|   0|   13|          0|
    |L1_WEIGHTS_V_34_load_reg_9283   |  12|   0|   12|          0|
    |L1_WEIGHTS_V_35_load_reg_9288   |  12|   0|   12|          0|
    |L1_WEIGHTS_V_36_load_reg_9293   |  12|   0|   12|          0|
    |L1_WEIGHTS_V_37_load_reg_9298   |  13|   0|   13|          0|
    |L1_WEIGHTS_V_38_load_reg_9303   |  12|   0|   12|          0|
    |L1_WEIGHTS_V_39_load_reg_9308   |  12|   0|   12|          0|
    |L1_WEIGHTS_V_3_load_reg_8888    |  13|   0|   13|          0|
    |L1_WEIGHTS_V_40_load_reg_9368   |  12|   0|   12|          0|
    |L1_WEIGHTS_V_41_load_reg_9378   |  12|   0|   12|          0|
    |L1_WEIGHTS_V_42_load_reg_9383   |  12|   0|   12|          0|
    |L1_WEIGHTS_V_43_load_reg_9388   |  13|   0|   13|          0|
    |L1_WEIGHTS_V_44_load_reg_9393   |  12|   0|   12|          0|
    |L1_WEIGHTS_V_45_load_reg_9398   |  13|   0|   13|          0|
    |L1_WEIGHTS_V_46_load_reg_9403   |  12|   0|   12|          0|
    |L1_WEIGHTS_V_47_load_reg_9408   |  12|   0|   12|          0|
    |L1_WEIGHTS_V_48_load_reg_9468   |  13|   0|   13|          0|
    |L1_WEIGHTS_V_49_load_reg_9478   |  13|   0|   13|          0|
    |L1_WEIGHTS_V_4_load_reg_8893    |  13|   0|   13|          0|
    |L1_WEIGHTS_V_50_load_reg_9483   |  13|   0|   13|          0|
    |L1_WEIGHTS_V_51_load_reg_9488   |  13|   0|   13|          0|
    |L1_WEIGHTS_V_52_load_reg_9493   |  13|   0|   13|          0|
    |L1_WEIGHTS_V_53_load_reg_9498   |  13|   0|   13|          0|
    |L1_WEIGHTS_V_54_load_reg_9503   |  13|   0|   13|          0|
    |L1_WEIGHTS_V_55_load_reg_9508   |  13|   0|   13|          0|
    |L1_WEIGHTS_V_56_load_reg_9568   |  12|   0|   12|          0|
    |L1_WEIGHTS_V_57_load_reg_9578   |  12|   0|   12|          0|
    |L1_WEIGHTS_V_58_load_reg_9583   |  12|   0|   12|          0|
    |L1_WEIGHTS_V_59_load_reg_9588   |  12|   0|   12|          0|
    |L1_WEIGHTS_V_5_load_reg_8898    |  13|   0|   13|          0|
    |L1_WEIGHTS_V_60_load_reg_9593   |  12|   0|   12|          0|
    |L1_WEIGHTS_V_61_load_reg_9598   |  13|   0|   13|          0|
    |L1_WEIGHTS_V_62_load_reg_9603   |  12|   0|   12|          0|
    |L1_WEIGHTS_V_63_load_reg_9608   |  12|   0|   12|          0|
    |L1_WEIGHTS_V_64_load_reg_9668   |  12|   0|   12|          0|
    |L1_WEIGHTS_V_65_load_reg_9678   |  12|   0|   12|          0|
    |L1_WEIGHTS_V_66_load_reg_9683   |  13|   0|   13|          0|
    |L1_WEIGHTS_V_67_load_reg_9688   |  12|   0|   12|          0|
    |L1_WEIGHTS_V_68_load_reg_9693   |  12|   0|   12|          0|
    |L1_WEIGHTS_V_69_load_reg_9698   |  13|   0|   13|          0|
    |L1_WEIGHTS_V_6_load_reg_8903    |  12|   0|   12|          0|
    |L1_WEIGHTS_V_70_load_reg_9703   |  12|   0|   12|          0|
    |L1_WEIGHTS_V_71_load_reg_9708   |  12|   0|   12|          0|
    |L1_WEIGHTS_V_72_load_reg_9768   |  12|   0|   12|          0|
    |L1_WEIGHTS_V_73_load_reg_9778   |  13|   0|   13|          0|
    |L1_WEIGHTS_V_74_load_reg_9783   |  12|   0|   12|          0|
    |L1_WEIGHTS_V_75_load_reg_9788   |  12|   0|   12|          0|
    |L1_WEIGHTS_V_76_load_reg_9793   |  12|   0|   12|          0|
    |L1_WEIGHTS_V_77_load_reg_9798   |  13|   0|   13|          0|
    |L1_WEIGHTS_V_78_load_reg_9803   |  12|   0|   12|          0|
    |L1_WEIGHTS_V_79_load_reg_9808   |  12|   0|   12|          0|
    |L1_WEIGHTS_V_7_load_reg_8908    |  12|   0|   12|          0|
    |L1_WEIGHTS_V_80_load_reg_9868   |  13|   0|   13|          0|
    |L1_WEIGHTS_V_81_load_reg_9878   |  12|   0|   12|          0|
    |L1_WEIGHTS_V_82_load_reg_9883   |  12|   0|   12|          0|
    |L1_WEIGHTS_V_83_load_reg_9888   |  12|   0|   12|          0|
    |L1_WEIGHTS_V_84_load_reg_9893   |  13|   0|   13|          0|
    |L1_WEIGHTS_V_85_load_reg_9898   |  13|   0|   13|          0|
    |L1_WEIGHTS_V_86_load_reg_9903   |  12|   0|   12|          0|
    |L1_WEIGHTS_V_87_load_reg_9908   |  13|   0|   13|          0|
    |L1_WEIGHTS_V_88_load_reg_9968   |  12|   0|   12|          0|
    |L1_WEIGHTS_V_89_load_reg_9978   |  12|   0|   12|          0|
    |L1_WEIGHTS_V_8_load_reg_8968    |  12|   0|   12|          0|
    |L1_WEIGHTS_V_90_load_reg_9983   |  12|   0|   12|          0|
    |L1_WEIGHTS_V_91_load_reg_9988   |  12|   0|   12|          0|
    |L1_WEIGHTS_V_92_load_reg_9993   |  13|   0|   13|          0|
    |L1_WEIGHTS_V_93_load_reg_9998   |  12|   0|   12|          0|
    |L1_WEIGHTS_V_94_load_reg_10003  |  13|   0|   13|          0|
    |L1_WEIGHTS_V_95_load_reg_10008  |  12|   0|   12|          0|
    |L1_WEIGHTS_V_96_load_reg_10068  |  12|   0|   12|          0|
    |L1_WEIGHTS_V_97_load_reg_10078  |  12|   0|   12|          0|
    |L1_WEIGHTS_V_98_load_reg_10083  |  13|   0|   13|          0|
    |L1_WEIGHTS_V_99_load_reg_10088  |  13|   0|   13|          0|
    |L1_WEIGHTS_V_9_load_reg_8978    |  12|   0|   12|          0|
    |and_ln603_reg_10248             |   1|   0|    1|          0|
    |ap_CS_fsm                       |   6|   0|    6|          0|
    |ap_enable_reg_pp0_iter0         |   1|   0|    1|          0|
    |ap_enable_reg_pp0_iter1         |   1|   0|    1|          0|
    |ap_enable_reg_pp0_iter10        |   1|   0|    1|          0|
    |ap_enable_reg_pp0_iter11        |   1|   0|    1|          0|
    |ap_enable_reg_pp0_iter12        |   1|   0|    1|          0|
    |ap_enable_reg_pp0_iter13        |   1|   0|    1|          0|
    |ap_enable_reg_pp0_iter14        |   1|   0|    1|          0|
    |ap_enable_reg_pp0_iter15        |   1|   0|    1|          0|
    |ap_enable_reg_pp0_iter2         |   1|   0|    1|          0|
    |ap_enable_reg_pp0_iter3         |   1|   0|    1|          0|
    |ap_enable_reg_pp0_iter4         |   1|   0|    1|          0|
    |ap_enable_reg_pp0_iter5         |   1|   0|    1|          0|
    |ap_enable_reg_pp0_iter6         |   1|   0|    1|          0|
    |ap_enable_reg_pp0_iter7         |   1|   0|    1|          0|
    |ap_enable_reg_pp0_iter8         |   1|   0|    1|          0|
    |ap_enable_reg_pp0_iter9         |   1|   0|    1|          0|
    |before_relu_V_reg_8868          |  14|   0|   14|          0|
    |i_0_reg_2809                    |   6|   0|    6|          0|
    |i_reg_8658                      |   6|   0|    6|          0|
    |icmp_ln571_reg_10207            |   1|   0|    1|          0|
    |icmp_ln581_reg_10213            |   1|   0|    1|          0|
    |icmp_ln582_reg_10226            |   1|   0|    1|          0|
    |icmp_ln748_reg_8654             |   1|   0|    1|          0|
    |icmp_ln935_reg_10141            |   1|   0|    1|          0|
    |icmp_ln958_reg_10174            |   1|   0|    1|          0|
    |l_reg_10153                     |  32|   0|   32|          0|
    |lshr_ln_reg_8808                |   5|   0|    5|          0|
    |m_s_reg_10179                   |  31|   0|   31|          0|
    |man_V_8_reg_10202               |  54|   0|   54|          0|
    |or_ln_reg_10169                 |   1|   0|   32|         31|
    |p_Result_27_reg_10135           |   1|   0|    1|          0|
    |select_ln110_reg_10196          |  32|   0|   32|          0|
    |select_ln585_1_reg_10243        |  21|   0|   21|          0|
    |select_ln935_reg_10189          |  32|   0|   32|          0|
    |sext_ln1116_47_reg_8169         |  33|   0|   33|          0|
    |sext_ln1116_48_reg_8174         |  33|   0|   33|          0|
    |sext_ln1116_49_reg_8179         |  33|   0|   33|          0|
    |sext_ln1116_50_reg_8184         |  33|   0|   33|          0|
    |sext_ln1116_51_reg_8189         |  33|   0|   33|          0|
    |sext_ln1116_52_reg_8194         |  33|   0|   33|          0|
    |sext_ln1116_53_reg_8199         |  33|   0|   33|          0|
    |sext_ln1116_54_reg_8204         |  33|   0|   33|          0|
    |sext_ln1116_55_reg_8209         |  33|   0|   33|          0|
    |sext_ln1116_56_reg_8214         |  33|   0|   33|          0|
    |sext_ln1116_57_reg_8219         |  33|   0|   33|          0|
    |sext_ln1116_58_reg_8224         |  33|   0|   33|          0|
    |sext_ln1116_59_reg_8229         |  33|   0|   33|          0|
    |sext_ln1116_60_reg_8244         |  33|   0|   33|          0|
    |sext_ln1116_61_reg_8269         |  33|   0|   33|          0|
    |sext_ln1116_62_reg_8274         |  33|   0|   33|          0|
    |sext_ln1116_63_reg_8279         |  33|   0|   33|          0|
    |sext_ln1116_64_reg_8304         |  33|   0|   33|          0|
    |sext_ln1116_65_reg_8309         |  33|   0|   33|          0|
    |sext_ln1116_66_reg_8324         |  33|   0|   33|          0|
    |sext_ln1116_67_reg_8329         |  33|   0|   33|          0|
    |sext_ln1116_68_reg_8334         |  33|   0|   33|          0|
    |sext_ln1116_69_reg_8339         |  33|   0|   33|          0|
    |sext_ln1116_70_reg_8364         |  33|   0|   33|          0|
    |sext_ln1116_71_reg_8414         |  33|   0|   33|          0|
    |sext_ln1116_72_reg_8419         |  33|   0|   33|          0|
    |sext_ln1116_73_reg_8424         |  33|   0|   33|          0|
    |sext_ln1116_74_reg_8429         |  33|   0|   33|          0|
    |sext_ln1116_75_reg_8444         |  33|   0|   33|          0|
    |sext_ln1116_76_reg_8449         |  33|   0|   33|          0|
    |sext_ln1116_77_reg_8454         |  33|   0|   33|          0|
    |sext_ln1116_78_reg_8469         |  33|   0|   33|          0|
    |sext_ln1116_79_reg_8484         |  33|   0|   33|          0|
    |sext_ln1116_80_reg_8489         |  33|   0|   33|          0|
    |sext_ln1116_81_reg_8504         |  33|   0|   33|          0|
    |sext_ln1116_82_reg_8509         |  33|   0|   33|          0|
    |sext_ln1116_83_reg_8524         |  33|   0|   33|          0|
    |sext_ln1116_84_reg_8539         |  33|   0|   33|          0|
    |sext_ln1116_85_reg_8544         |  33|   0|   33|          0|
    |sext_ln1116_86_reg_8574         |  33|   0|   33|          0|
    |sext_ln1116_87_reg_8579         |  33|   0|   33|          0|
    |sext_ln1116_88_reg_8584         |  33|   0|   33|          0|
    |sext_ln1116_89_reg_8609         |  33|   0|   33|          0|
    |sext_ln1116_90_reg_8614         |  33|   0|   33|          0|
    |sext_ln1116_reg_8164            |  33|   0|   33|          0|
    |sext_ln1192_107_reg_8249        |  33|   0|   33|          0|
    |sext_ln1192_108_reg_8284        |  33|   0|   33|          0|
    |sext_ln1192_109_reg_8294        |  33|   0|   33|          0|
    |sext_ln1192_110_reg_8314        |  33|   0|   33|          0|
    |sext_ln1192_111_reg_8344        |  33|   0|   33|          0|
    |sext_ln1192_112_reg_8354        |  33|   0|   33|          0|
    |sext_ln1192_113_reg_8369        |  33|   0|   33|          0|
    |sext_ln1192_114_reg_8434        |  33|   0|   33|          0|
    |sext_ln1192_115_reg_8459        |  33|   0|   33|          0|
    |sext_ln1192_116_reg_8474        |  33|   0|   33|          0|
    |sext_ln1192_117_reg_8494        |  33|   0|   33|          0|
    |sext_ln1192_118_reg_8514        |  33|   0|   33|          0|
    |sext_ln1192_119_reg_8529        |  33|   0|   33|          0|
    |sext_ln1192_120_reg_8549        |  33|   0|   33|          0|
    |sext_ln1192_121_reg_8564        |  33|   0|   33|          0|
    |sext_ln1192_122_reg_8589        |  33|   0|   33|          0|
    |sext_ln1192_123_reg_8599        |  33|   0|   33|          0|
    |sext_ln1192_124_reg_8619        |  33|   0|   33|          0|
    |sext_ln1192_125_reg_8634        |  33|   0|   33|          0|
    |sext_ln1192_30_reg_8139         |  34|   0|   34|          0|
    |sext_ln1192_31_reg_8144         |  34|   0|   34|          0|
    |sext_ln1192_32_reg_8149         |  34|   0|   34|          0|
    |sext_ln1192_33_reg_8159         |  34|   0|   34|          0|
    |sext_ln1192_34_reg_8234         |  33|   0|   33|          0|
    |sext_ln1192_35_reg_8239         |  34|   0|   34|          0|
    |sext_ln1192_36_reg_8254         |  34|   0|   34|          0|
    |sext_ln1192_37_reg_8259         |  34|   0|   34|          0|
    |sext_ln1192_38_reg_8264         |  34|   0|   34|          0|
    |sext_ln1192_39_reg_8289         |  34|   0|   34|          0|
    |sext_ln1192_40_reg_8299         |  34|   0|   34|          0|
    |sext_ln1192_41_reg_8319         |  34|   0|   34|          0|
    |sext_ln1192_42_reg_8349         |  34|   0|   34|          0|
    |sext_ln1192_43_reg_8359         |  34|   0|   34|          0|
    |sext_ln1192_44_reg_8374         |  34|   0|   34|          0|
    |sext_ln1192_45_reg_8379         |  34|   0|   34|          0|
    |sext_ln1192_46_reg_8384         |  34|   0|   34|          0|
    |sext_ln1192_47_reg_8389         |  34|   0|   34|          0|
    |sext_ln1192_48_reg_8394         |  34|   0|   34|          0|
    |sext_ln1192_49_reg_8399         |  34|   0|   34|          0|
    |sext_ln1192_50_reg_8404         |  34|   0|   34|          0|
    |sext_ln1192_51_reg_8409         |  34|   0|   34|          0|
    |sext_ln1192_52_reg_8439         |  34|   0|   34|          0|
    |sext_ln1192_53_reg_8464         |  34|   0|   34|          0|
    |sext_ln1192_54_reg_8479         |  34|   0|   34|          0|
    |sext_ln1192_55_reg_8499         |  34|   0|   34|          0|
    |sext_ln1192_56_reg_8519         |  34|   0|   34|          0|
    |sext_ln1192_57_reg_8534         |  34|   0|   34|          0|
    |sext_ln1192_58_reg_8554         |  34|   0|   34|          0|
    |sext_ln1192_59_reg_8559         |  34|   0|   34|          0|
    |sext_ln1192_60_reg_8569         |  34|   0|   34|          0|
    |sext_ln1192_61_reg_8594         |  34|   0|   34|          0|
    |sext_ln1192_62_reg_8604         |  34|   0|   34|          0|
    |sext_ln1192_63_reg_8624         |  34|   0|   34|          0|
    |sext_ln1192_64_reg_8629         |  34|   0|   34|          0|
    |sext_ln1192_65_reg_8639         |  34|   0|   34|          0|
    |sext_ln1192_66_reg_8644         |  34|   0|   34|          0|
    |sext_ln1192_67_reg_8649         |  34|   0|   34|          0|
    |sext_ln1192_reg_8154            |  34|   0|   34|          0|
    |sext_ln581_reg_10238            |  32|   0|   32|          0|
    |sext_ln728_reg_8134             |  33|   0|   33|          0|
    |sh_amt_reg_10219                |  12|   0|   12|          0|
    |sub_ln944_reg_10163             |  32|   0|   32|          0|
    |tmp_101_reg_9523                |  21|   0|   21|          0|
    |tmp_103_reg_9573                |  21|   0|   21|          0|
    |tmp_105_reg_9613                |  21|   0|   21|          0|
    |tmp_107_reg_9618                |  21|   0|   21|          0|
    |tmp_109_reg_9623                |  21|   0|   21|          0|
    |tmp_111_reg_9673                |  21|   0|   21|          0|
    |tmp_113_reg_9713                |  21|   0|   21|          0|
    |tmp_115_reg_9718                |  21|   0|   21|          0|
    |tmp_117_reg_9723                |  21|   0|   21|          0|
    |tmp_119_reg_9773                |  21|   0|   21|          0|
    |tmp_121_reg_9813                |  21|   0|   21|          0|
    |tmp_123_reg_9818                |  21|   0|   21|          0|
    |tmp_125_reg_9823                |  21|   0|   21|          0|
    |tmp_127_reg_9873                |  21|   0|   21|          0|
    |tmp_129_reg_9913                |  21|   0|   21|          0|
    |tmp_131_reg_9918                |  21|   0|   21|          0|
    |tmp_133_reg_9923                |  21|   0|   21|          0|
    |tmp_135_reg_9973                |  21|   0|   21|          0|
    |tmp_137_reg_10013               |  21|   0|   21|          0|
    |tmp_139_reg_10018               |  21|   0|   21|          0|
    |tmp_141_reg_10023               |  21|   0|   21|          0|
    |tmp_143_reg_10073               |  21|   0|   21|          0|
    |tmp_145_reg_10113               |  21|   0|   21|          0|
    |tmp_147_reg_10118               |  21|   0|   21|          0|
    |tmp_149_reg_10123               |  21|   0|   21|          0|
    |tmp_160_reg_10184               |   1|   0|    1|          0|
    |tmp_51_reg_8918                 |  21|   0|   21|          0|
    |tmp_53_reg_8923                 |  21|   0|   21|          0|
    |tmp_55_reg_8973                 |  21|   0|   21|          0|
    |tmp_57_reg_9013                 |  21|   0|   21|          0|
    |tmp_59_reg_9018                 |  21|   0|   21|          0|
    |tmp_61_reg_9023                 |  21|   0|   21|          0|
    |tmp_63_reg_9073                 |  21|   0|   21|          0|
    |tmp_65_reg_9113                 |  21|   0|   21|          0|
    |tmp_67_reg_9118                 |  21|   0|   21|          0|
    |tmp_69_reg_9123                 |  21|   0|   21|          0|
    |tmp_71_reg_9173                 |  21|   0|   21|          0|
    |tmp_73_reg_9213                 |  21|   0|   21|          0|
    |tmp_75_reg_9218                 |  21|   0|   21|          0|
    |tmp_77_reg_9223                 |  21|   0|   21|          0|
    |tmp_79_reg_9273                 |  21|   0|   21|          0|
    |tmp_81_reg_9313                 |  21|   0|   21|          0|
    |tmp_83_reg_9318                 |  21|   0|   21|          0|
    |tmp_85_reg_9323                 |  21|   0|   21|          0|
    |tmp_87_reg_9373                 |  21|   0|   21|          0|
    |tmp_89_reg_9413                 |  21|   0|   21|          0|
    |tmp_91_reg_9418                 |  21|   0|   21|          0|
    |tmp_93_reg_9423                 |  21|   0|   21|          0|
    |tmp_95_reg_9473                 |  21|   0|   21|          0|
    |tmp_97_reg_9513                 |  21|   0|   21|          0|
    |tmp_99_reg_9518                 |  21|   0|   21|          0|
    |tmp_V_11_reg_10146              |  21|   0|   21|          0|
    |tmp_s_reg_8913                  |  21|   0|   21|          0|
    |trunc_ln203_reg_8812            |   1|   0|    1|          0|
    |trunc_ln583_reg_10232           |  21|   0|   21|          0|
    |trunc_ln708_s_reg_10128         |  21|   0|   21|          0|
    |trunc_ln943_reg_10158           |   8|   0|    8|          0|
    |y_L2_0_0_V_write_a_fu_756       |  21|   0|   21|          0|
    |y_L2_0_1_V_write_a_fu_768       |  21|   0|   21|          0|
    |y_L2_10_0_V_write_s_fu_640      |  21|   0|   21|          0|
    |y_L2_10_1_V_write_s_fu_652      |  21|   0|   21|          0|
    |y_L2_11_0_V_write_s_fu_664      |  21|   0|   21|          0|
    |y_L2_11_1_V_write_s_fu_676      |  21|   0|   21|          0|
    |y_L2_12_0_V_write_s_fu_688      |  21|   0|   21|          0|
    |y_L2_12_1_V_write_s_fu_700      |  21|   0|   21|          0|
    |y_L2_13_0_V_write_s_fu_712      |  21|   0|   21|          0|
    |y_L2_13_1_V_write_s_fu_724      |  21|   0|   21|          0|
    |y_L2_14_0_V_write_s_fu_736      |  21|   0|   21|          0|
    |y_L2_14_1_V_write_s_fu_744      |  21|   0|   21|          0|
    |y_L2_15_0_V_write_s_fu_740      |  21|   0|   21|          0|
    |y_L2_15_1_V_write_s_fu_732      |  21|   0|   21|          0|
    |y_L2_16_0_V_write_s_fu_728      |  21|   0|   21|          0|
    |y_L2_16_1_V_write_s_fu_720      |  21|   0|   21|          0|
    |y_L2_17_0_V_write_s_fu_716      |  21|   0|   21|          0|
    |y_L2_17_1_V_write_s_fu_708      |  21|   0|   21|          0|
    |y_L2_18_0_V_write_s_fu_704      |  21|   0|   21|          0|
    |y_L2_18_1_V_write_s_fu_696      |  21|   0|   21|          0|
    |y_L2_19_0_V_write_s_fu_692      |  21|   0|   21|          0|
    |y_L2_19_1_V_write_s_fu_684      |  21|   0|   21|          0|
    |y_L2_1_0_V_write_a_fu_780       |  21|   0|   21|          0|
    |y_L2_1_1_V_write_a_fu_792       |  21|   0|   21|          0|
    |y_L2_20_0_V_write_s_fu_680      |  21|   0|   21|          0|
    |y_L2_20_1_V_write_s_fu_672      |  21|   0|   21|          0|
    |y_L2_21_0_V_write_s_fu_668      |  21|   0|   21|          0|
    |y_L2_21_1_V_write_s_fu_660      |  21|   0|   21|          0|
    |y_L2_22_0_V_write_s_fu_656      |  21|   0|   21|          0|
    |y_L2_22_1_V_write_s_fu_648      |  21|   0|   21|          0|
    |y_L2_23_0_V_write_s_fu_644      |  21|   0|   21|          0|
    |y_L2_23_1_V_write_s_fu_636      |  21|   0|   21|          0|
    |y_L2_24_0_V_write_s_fu_632      |  21|   0|   21|          0|
    |y_L2_24_1_V_write_s_fu_624      |  21|   0|   21|          0|
    |y_L2_25_0_V_write_s_fu_620      |  21|   0|   21|          0|
    |y_L2_25_1_V_write_s_fu_612      |  21|   0|   21|          0|
    |y_L2_2_0_V_write_a_fu_804       |  21|   0|   21|          0|
    |y_L2_2_1_V_write_a_fu_816       |  21|   0|   21|          0|
    |y_L2_3_0_V_write_a_fu_812       |  21|   0|   21|          0|
    |y_L2_3_1_V_write_a_fu_808       |  21|   0|   21|          0|
    |y_L2_4_0_V_write_a_fu_800       |  21|   0|   21|          0|
    |y_L2_4_1_V_write_a_fu_796       |  21|   0|   21|          0|
    |y_L2_5_0_V_write_a_fu_788       |  21|   0|   21|          0|
    |y_L2_5_1_V_write_a_fu_784       |  21|   0|   21|          0|
    |y_L2_6_0_V_write_a_fu_776       |  21|   0|   21|          0|
    |y_L2_6_1_V_write_a_fu_772       |  21|   0|   21|          0|
    |y_L2_7_0_V_write_a_fu_764       |  21|   0|   21|          0|
    |y_L2_7_1_V_write_a_fu_760       |  21|   0|   21|          0|
    |y_L2_8_0_V_write_a_fu_752       |  21|   0|   21|          0|
    |y_L2_8_1_V_write_a_fu_748       |  21|   0|   21|          0|
    |y_L2_9_0_V_write_a_fu_616       |  21|   0|   21|          0|
    |y_L2_9_1_V_write_a_fu_628       |  21|   0|   21|          0|
    |zext_ln752_reg_8663             |   6|   0|   64|         58|
    |lshr_ln_reg_8808                |  64|  32|    5|          0|
    |trunc_ln203_reg_8812            |  64|  32|    1|          0|
    |zext_ln752_reg_8663             |  64|  32|   64|         58|
    +--------------------------------+----+----+-----+-----------+
    |Total                           |7531|  96| 7498|        147|
    +--------------------------------+----+----+-----+-----------+



================================================================
== Interface
================================================================
* Summary: 
+---------------+-----+-----+------------+---------------+--------------+
|   RTL Ports   | Dir | Bits|  Protocol  | Source Object |    C Type    |
+---------------+-----+-----+------------+---------------+--------------+
|ap_clk         |  in |    1| ap_ctrl_hs |   L2_wlo_218  | return value |
|ap_rst         |  in |    1| ap_ctrl_hs |   L2_wlo_218  | return value |
|ap_start       |  in |    1| ap_ctrl_hs |   L2_wlo_218  | return value |
|ap_done        | out |    1| ap_ctrl_hs |   L2_wlo_218  | return value |
|ap_idle        | out |    1| ap_ctrl_hs |   L2_wlo_218  | return value |
|ap_ready       | out |    1| ap_ctrl_hs |   L2_wlo_218  | return value |
|ap_return_0    | out |   21| ap_ctrl_hs |   L2_wlo_218  | return value |
|ap_return_1    | out |   21| ap_ctrl_hs |   L2_wlo_218  | return value |
|ap_return_2    | out |   21| ap_ctrl_hs |   L2_wlo_218  | return value |
|ap_return_3    | out |   21| ap_ctrl_hs |   L2_wlo_218  | return value |
|ap_return_4    | out |   21| ap_ctrl_hs |   L2_wlo_218  | return value |
|ap_return_5    | out |   21| ap_ctrl_hs |   L2_wlo_218  | return value |
|ap_return_6    | out |   21| ap_ctrl_hs |   L2_wlo_218  | return value |
|ap_return_7    | out |   21| ap_ctrl_hs |   L2_wlo_218  | return value |
|ap_return_8    | out |   21| ap_ctrl_hs |   L2_wlo_218  | return value |
|ap_return_9    | out |   21| ap_ctrl_hs |   L2_wlo_218  | return value |
|ap_return_10   | out |   21| ap_ctrl_hs |   L2_wlo_218  | return value |
|ap_return_11   | out |   21| ap_ctrl_hs |   L2_wlo_218  | return value |
|ap_return_12   | out |   21| ap_ctrl_hs |   L2_wlo_218  | return value |
|ap_return_13   | out |   21| ap_ctrl_hs |   L2_wlo_218  | return value |
|ap_return_14   | out |   21| ap_ctrl_hs |   L2_wlo_218  | return value |
|ap_return_15   | out |   21| ap_ctrl_hs |   L2_wlo_218  | return value |
|ap_return_16   | out |   21| ap_ctrl_hs |   L2_wlo_218  | return value |
|ap_return_17   | out |   21| ap_ctrl_hs |   L2_wlo_218  | return value |
|ap_return_18   | out |   21| ap_ctrl_hs |   L2_wlo_218  | return value |
|ap_return_19   | out |   21| ap_ctrl_hs |   L2_wlo_218  | return value |
|ap_return_20   | out |   21| ap_ctrl_hs |   L2_wlo_218  | return value |
|ap_return_21   | out |   21| ap_ctrl_hs |   L2_wlo_218  | return value |
|ap_return_22   | out |   21| ap_ctrl_hs |   L2_wlo_218  | return value |
|ap_return_23   | out |   21| ap_ctrl_hs |   L2_wlo_218  | return value |
|ap_return_24   | out |   21| ap_ctrl_hs |   L2_wlo_218  | return value |
|ap_return_25   | out |   21| ap_ctrl_hs |   L2_wlo_218  | return value |
|ap_return_26   | out |   21| ap_ctrl_hs |   L2_wlo_218  | return value |
|ap_return_27   | out |   21| ap_ctrl_hs |   L2_wlo_218  | return value |
|ap_return_28   | out |   21| ap_ctrl_hs |   L2_wlo_218  | return value |
|ap_return_29   | out |   21| ap_ctrl_hs |   L2_wlo_218  | return value |
|ap_return_30   | out |   21| ap_ctrl_hs |   L2_wlo_218  | return value |
|ap_return_31   | out |   21| ap_ctrl_hs |   L2_wlo_218  | return value |
|ap_return_32   | out |   21| ap_ctrl_hs |   L2_wlo_218  | return value |
|ap_return_33   | out |   21| ap_ctrl_hs |   L2_wlo_218  | return value |
|ap_return_34   | out |   21| ap_ctrl_hs |   L2_wlo_218  | return value |
|ap_return_35   | out |   21| ap_ctrl_hs |   L2_wlo_218  | return value |
|ap_return_36   | out |   21| ap_ctrl_hs |   L2_wlo_218  | return value |
|ap_return_37   | out |   21| ap_ctrl_hs |   L2_wlo_218  | return value |
|ap_return_38   | out |   21| ap_ctrl_hs |   L2_wlo_218  | return value |
|ap_return_39   | out |   21| ap_ctrl_hs |   L2_wlo_218  | return value |
|ap_return_40   | out |   21| ap_ctrl_hs |   L2_wlo_218  | return value |
|ap_return_41   | out |   21| ap_ctrl_hs |   L2_wlo_218  | return value |
|ap_return_42   | out |   21| ap_ctrl_hs |   L2_wlo_218  | return value |
|ap_return_43   | out |   21| ap_ctrl_hs |   L2_wlo_218  | return value |
|ap_return_44   | out |   21| ap_ctrl_hs |   L2_wlo_218  | return value |
|ap_return_45   | out |   21| ap_ctrl_hs |   L2_wlo_218  | return value |
|ap_return_46   | out |   21| ap_ctrl_hs |   L2_wlo_218  | return value |
|ap_return_47   | out |   21| ap_ctrl_hs |   L2_wlo_218  | return value |
|ap_return_48   | out |   21| ap_ctrl_hs |   L2_wlo_218  | return value |
|ap_return_49   | out |   21| ap_ctrl_hs |   L2_wlo_218  | return value |
|ap_return_50   | out |   21| ap_ctrl_hs |   L2_wlo_218  | return value |
|ap_return_51   | out |   21| ap_ctrl_hs |   L2_wlo_218  | return value |
|x_0_0_V_read   |  in |   21|   ap_none  |  x_0_0_V_read |    scalar    |
|x_0_1_V_read   |  in |   21|   ap_none  |  x_0_1_V_read |    scalar    |
|x_1_0_V_read   |  in |   21|   ap_none  |  x_1_0_V_read |    scalar    |
|x_1_1_V_read   |  in |   21|   ap_none  |  x_1_1_V_read |    scalar    |
|x_2_0_V_read   |  in |   21|   ap_none  |  x_2_0_V_read |    scalar    |
|x_2_1_V_read   |  in |   21|   ap_none  |  x_2_1_V_read |    scalar    |
|x_3_0_V_read   |  in |   21|   ap_none  |  x_3_0_V_read |    scalar    |
|x_3_1_V_read   |  in |   21|   ap_none  |  x_3_1_V_read |    scalar    |
|x_4_0_V_read   |  in |   21|   ap_none  |  x_4_0_V_read |    scalar    |
|x_4_1_V_read   |  in |   21|   ap_none  |  x_4_1_V_read |    scalar    |
|x_5_0_V_read   |  in |   21|   ap_none  |  x_5_0_V_read |    scalar    |
|x_5_1_V_read   |  in |   21|   ap_none  |  x_5_1_V_read |    scalar    |
|x_6_0_V_read   |  in |   21|   ap_none  |  x_6_0_V_read |    scalar    |
|x_6_1_V_read   |  in |   21|   ap_none  |  x_6_1_V_read |    scalar    |
|x_7_0_V_read   |  in |   21|   ap_none  |  x_7_0_V_read |    scalar    |
|x_7_1_V_read   |  in |   21|   ap_none  |  x_7_1_V_read |    scalar    |
|x_8_0_V_read   |  in |   21|   ap_none  |  x_8_0_V_read |    scalar    |
|x_8_1_V_read   |  in |   21|   ap_none  |  x_8_1_V_read |    scalar    |
|x_9_0_V_read   |  in |   21|   ap_none  |  x_9_0_V_read |    scalar    |
|x_9_1_V_read   |  in |   21|   ap_none  |  x_9_1_V_read |    scalar    |
|x_10_0_V_read  |  in |   21|   ap_none  | x_10_0_V_read |    scalar    |
|x_10_1_V_read  |  in |   21|   ap_none  | x_10_1_V_read |    scalar    |
|x_11_0_V_read  |  in |   21|   ap_none  | x_11_0_V_read |    scalar    |
|x_11_1_V_read  |  in |   21|   ap_none  | x_11_1_V_read |    scalar    |
|x_12_0_V_read  |  in |   21|   ap_none  | x_12_0_V_read |    scalar    |
|x_12_1_V_read  |  in |   21|   ap_none  | x_12_1_V_read |    scalar    |
|x_13_0_V_read  |  in |   21|   ap_none  | x_13_0_V_read |    scalar    |
|x_13_1_V_read  |  in |   21|   ap_none  | x_13_1_V_read |    scalar    |
|x_14_0_V_read  |  in |   21|   ap_none  | x_14_0_V_read |    scalar    |
|x_14_1_V_read  |  in |   21|   ap_none  | x_14_1_V_read |    scalar    |
|x_15_0_V_read  |  in |   21|   ap_none  | x_15_0_V_read |    scalar    |
|x_15_1_V_read  |  in |   21|   ap_none  | x_15_1_V_read |    scalar    |
|x_16_0_V_read  |  in |   21|   ap_none  | x_16_0_V_read |    scalar    |
|x_16_1_V_read  |  in |   21|   ap_none  | x_16_1_V_read |    scalar    |
|x_17_0_V_read  |  in |   21|   ap_none  | x_17_0_V_read |    scalar    |
|x_17_1_V_read  |  in |   21|   ap_none  | x_17_1_V_read |    scalar    |
|x_18_0_V_read  |  in |   21|   ap_none  | x_18_0_V_read |    scalar    |
|x_18_1_V_read  |  in |   21|   ap_none  | x_18_1_V_read |    scalar    |
|x_19_0_V_read  |  in |   21|   ap_none  | x_19_0_V_read |    scalar    |
|x_19_1_V_read  |  in |   21|   ap_none  | x_19_1_V_read |    scalar    |
|x_20_0_V_read  |  in |   21|   ap_none  | x_20_0_V_read |    scalar    |
|x_20_1_V_read  |  in |   21|   ap_none  | x_20_1_V_read |    scalar    |
|x_21_0_V_read  |  in |   21|   ap_none  | x_21_0_V_read |    scalar    |
|x_21_1_V_read  |  in |   21|   ap_none  | x_21_1_V_read |    scalar    |
|x_22_0_V_read  |  in |   21|   ap_none  | x_22_0_V_read |    scalar    |
|x_22_1_V_read  |  in |   21|   ap_none  | x_22_1_V_read |    scalar    |
|x_23_0_V_read  |  in |   21|   ap_none  | x_23_0_V_read |    scalar    |
|x_23_1_V_read  |  in |   21|   ap_none  | x_23_1_V_read |    scalar    |
|x_24_0_V_read  |  in |   21|   ap_none  | x_24_0_V_read |    scalar    |
|x_24_1_V_read  |  in |   21|   ap_none  | x_24_1_V_read |    scalar    |
|x_25_0_V_read  |  in |   21|   ap_none  | x_25_0_V_read |    scalar    |
|x_25_1_V_read  |  in |   21|   ap_none  | x_25_1_V_read |    scalar    |
|x_26_0_V_read  |  in |   21|   ap_none  | x_26_0_V_read |    scalar    |
|x_26_1_V_read  |  in |   21|   ap_none  | x_26_1_V_read |    scalar    |
|x_27_0_V_read  |  in |   21|   ap_none  | x_27_0_V_read |    scalar    |
|x_27_1_V_read  |  in |   21|   ap_none  | x_27_1_V_read |    scalar    |
|x_28_0_V_read  |  in |   21|   ap_none  | x_28_0_V_read |    scalar    |
|x_28_1_V_read  |  in |   21|   ap_none  | x_28_1_V_read |    scalar    |
|x_29_0_V_read  |  in |   21|   ap_none  | x_29_0_V_read |    scalar    |
|x_29_1_V_read  |  in |   21|   ap_none  | x_29_1_V_read |    scalar    |
|x_30_0_V_read  |  in |   21|   ap_none  | x_30_0_V_read |    scalar    |
|x_30_1_V_read  |  in |   21|   ap_none  | x_30_1_V_read |    scalar    |
|x_31_0_V_read  |  in |   21|   ap_none  | x_31_0_V_read |    scalar    |
|x_31_1_V_read  |  in |   21|   ap_none  | x_31_1_V_read |    scalar    |
|x_32_0_V_read  |  in |   21|   ap_none  | x_32_0_V_read |    scalar    |
|x_32_1_V_read  |  in |   21|   ap_none  | x_32_1_V_read |    scalar    |
|x_33_0_V_read  |  in |   21|   ap_none  | x_33_0_V_read |    scalar    |
|x_33_1_V_read  |  in |   21|   ap_none  | x_33_1_V_read |    scalar    |
|x_34_0_V_read  |  in |   21|   ap_none  | x_34_0_V_read |    scalar    |
|x_34_1_V_read  |  in |   21|   ap_none  | x_34_1_V_read |    scalar    |
|x_35_0_V_read  |  in |   21|   ap_none  | x_35_0_V_read |    scalar    |
|x_35_1_V_read  |  in |   21|   ap_none  | x_35_1_V_read |    scalar    |
|x_36_0_V_read  |  in |   21|   ap_none  | x_36_0_V_read |    scalar    |
|x_36_1_V_read  |  in |   21|   ap_none  | x_36_1_V_read |    scalar    |
|x_37_0_V_read  |  in |   21|   ap_none  | x_37_0_V_read |    scalar    |
|x_37_1_V_read  |  in |   21|   ap_none  | x_37_1_V_read |    scalar    |
|x_38_0_V_read  |  in |   21|   ap_none  | x_38_0_V_read |    scalar    |
|x_38_1_V_read  |  in |   21|   ap_none  | x_38_1_V_read |    scalar    |
|x_39_0_V_read  |  in |   21|   ap_none  | x_39_0_V_read |    scalar    |
|x_39_1_V_read  |  in |   21|   ap_none  | x_39_1_V_read |    scalar    |
|x_40_0_V_read  |  in |   21|   ap_none  | x_40_0_V_read |    scalar    |
|x_40_1_V_read  |  in |   21|   ap_none  | x_40_1_V_read |    scalar    |
|x_41_0_V_read  |  in |   21|   ap_none  | x_41_0_V_read |    scalar    |
|x_41_1_V_read  |  in |   21|   ap_none  | x_41_1_V_read |    scalar    |
|x_42_0_V_read  |  in |   21|   ap_none  | x_42_0_V_read |    scalar    |
|x_42_1_V_read  |  in |   21|   ap_none  | x_42_1_V_read |    scalar    |
|x_43_0_V_read  |  in |   21|   ap_none  | x_43_0_V_read |    scalar    |
|x_43_1_V_read  |  in |   21|   ap_none  | x_43_1_V_read |    scalar    |
|x_44_0_V_read  |  in |   21|   ap_none  | x_44_0_V_read |    scalar    |
|x_44_1_V_read  |  in |   21|   ap_none  | x_44_1_V_read |    scalar    |
|x_45_0_V_read  |  in |   21|   ap_none  | x_45_0_V_read |    scalar    |
|x_45_1_V_read  |  in |   21|   ap_none  | x_45_1_V_read |    scalar    |
|x_46_0_V_read  |  in |   21|   ap_none  | x_46_0_V_read |    scalar    |
|x_46_1_V_read  |  in |   21|   ap_none  | x_46_1_V_read |    scalar    |
|x_47_0_V_read  |  in |   21|   ap_none  | x_47_0_V_read |    scalar    |
|x_47_1_V_read  |  in |   21|   ap_none  | x_47_1_V_read |    scalar    |
|x_48_0_V_read  |  in |   21|   ap_none  | x_48_0_V_read |    scalar    |
|x_48_1_V_read  |  in |   21|   ap_none  | x_48_1_V_read |    scalar    |
|x_49_0_V_read  |  in |   21|   ap_none  | x_49_0_V_read |    scalar    |
|x_49_1_V_read  |  in |   21|   ap_none  | x_49_1_V_read |    scalar    |
|x_50_0_V_read  |  in |   21|   ap_none  | x_50_0_V_read |    scalar    |
|x_50_1_V_read  |  in |   21|   ap_none  | x_50_1_V_read |    scalar    |
|x_51_0_V_read  |  in |   21|   ap_none  | x_51_0_V_read |    scalar    |
|x_51_1_V_read  |  in |   21|   ap_none  | x_51_1_V_read |    scalar    |
+---------------+-----+-----+------------+---------------+--------------+

