xilinx rtfpga
INFO: [Synth 8-3936] Found unconnected internal register 'ADDSUB_OP.ADDSUB/DSP.OP/DSP48E1_BODY.EXP/EXP_OFF.LRG_EXP_DELAY/i_pipe/opt_has_pipe.first_q_reg' and it is trimmed from '9' to '8' bits. [d:/IIIT-D/Independent_Project/design_impl/LSDNN_3__UP/LSDNN_3__UP.srcs/sources_1/bd/design_LSDNN/ipshared/7468/hdl/xbip_pipe_v3_0_vh_rfs.vhd:368]
INFO: [Synth 8-3886] merging instance 'L1_WEIGHTS_2_load_reg_5613_reg[27]' (FDE) to 'L1_WEIGHTS_2_load_reg_5613_reg[29]'
INFO: [Synth 8-3886] merging instance 'L1_WEIGHTS_23_load_reg_5718_reg[27]' (FDE) to 'L1_WEIGHTS_23_load_reg_5718_reg[28]'
INFO: [Synth 8-3886] merging instance 'L1_WEIGHTS_44_load_reg_5823_reg[27]' (FDE) to 'L1_WEIGHTS_44_load_reg_5823_reg[29]'
INFO: [Synth 8-3886] merging instance 'L1_WEIGHTS_65_load_reg_5928_reg[27]' (FDE) to 'L1_WEIGHTS_65_load_reg_5928_reg[28]'
INFO: [Synth 8-3886] merging instance 'L1_WEIGHTS_86_load_reg_6033_reg[27]' (FDE) to 'L1_WEIGHTS_86_load_reg_6033_reg[29]'
INFO: [Synth 8-3886] merging instance 'L1_WEIGHTS_2_load_reg_5613_reg[28]' (FDE) to 'L1_WEIGHTS_2_load_reg_5613_reg[29]'
INFO: [Synth 8-3886] merging instance 'L1_WEIGHTS_23_load_reg_5718_reg[28]' (FDE) to 'L1_WEIGHTS_23_load_reg_5718_reg[29]'
INFO: [Synth 8-3886] merging instance 'L1_WEIGHTS_44_load_reg_5823_reg[28]' (FDE) to 'L1_WEIGHTS_44_load_reg_5823_reg[29]'
INFO: [Synth 8-3886] merging instance 'L1_WEIGHTS_65_load_reg_5928_reg[28]' (FDE) to 'L1_WEIGHTS_65_load_reg_5928_reg[29]'
INFO: [Synth 8-3886] merging instance 'L1_WEIGHTS_86_load_reg_6033_reg[28]' (FDE) to 'L1_WEIGHTS_86_load_reg_6033_reg[29]'
INFO: [Synth 8-3333] propagating constant 1 across sequential element (DNN_up_fmul_32ns_ibs_U34/ce_r_reg)
INFO: [Synth 8-3886] merging instance 'L1_WEIGHTS_0_load_reg_5603_reg[26]' (FDE) to 'L1_WEIGHTS_0_load_reg_5603_reg[29]'
INFO: [Synth 8-3886] merging instance 'L1_WEIGHTS_0_load_reg_5603_reg[27]' (FDE) to 'L1_WEIGHTS_0_load_reg_5603_reg[29]'
INFO: [Synth 8-3886] merging instance 'L1_WEIGHTS_21_load_reg_5708_reg[27]' (FDE) to 'L1_WEIGHTS_21_load_reg_5708_reg[28]'
INFO: [Synth 8-3886] merging instance 'L1_WEIGHTS_42_load_reg_5813_reg[27]' (FDE) to 'L1_WEIGHTS_42_load_reg_5813_reg[29]'
INFO: [Synth 8-3886] merging instance 'L1_WEIGHTS_63_load_reg_5918_reg[27]' (FDE) to 'L1_WEIGHTS_63_load_reg_5918_reg[28]'
INFO: [Synth 8-3886] merging instance 'L1_WEIGHTS_84_load_reg_6023_reg[27]' (FDE) to 'L1_WEIGHTS_84_load_reg_6023_reg[29]'
INFO: [Synth 8-3886] merging instance 'L1_WEIGHTS_0_load_reg_5603_reg[28]' (FDE) to 'L1_WEIGHTS_0_load_reg_5603_reg[29]'
INFO: [Synth 8-3886] merging instance 'L1_WEIGHTS_21_load_reg_5708_reg[28]' (FDE) to 'L1_WEIGHTS_21_load_reg_5708_reg[29]'
INFO: [Synth 8-3886] merging instance 'L1_WEIGHTS_42_load_reg_5813_reg[28]' (FDE) to 'L1_WEIGHTS_42_load_reg_5813_reg[29]'
INFO: [Synth 8-3886] merging instance 'L1_WEIGHTS_63_load_reg_5918_reg[28]' (FDE) to 'L1_WEIGHTS_63_load_reg_5918_reg[29]'
INFO: [Synth 8-3886] merging instance 'L1_WEIGHTS_84_load_reg_6023_reg[28]' (FDE) to 'L1_WEIGHTS_84_load_reg_6023_reg[29]'
INFO: [Synth 8-3886] merging instance 'L1_WEIGHTS_17_load_reg_5688_reg[27]' (FDE) to 'L1_WEIGHTS_17_load_reg_5688_reg[28]'
INFO: [Synth 8-3886] merging instance 'L1_WEIGHTS_38_load_reg_5793_reg[27]' (FDE) to 'L1_WEIGHTS_38_load_reg_5793_reg[29]'
INFO: [Synth 8-3886] merging instance 'L1_WEIGHTS_59_load_reg_5898_reg[27]' (FDE) to 'L1_WEIGHTS_59_load_reg_5898_reg[28]'
INFO: [Synth 8-3886] merging instance 'L1_WEIGHTS_80_load_reg_6003_reg[27]' (FDE) to 'L1_WEIGHTS_80_load_reg_6003_reg[29]'
INFO: [Synth 8-3886] merging instance 'L1_WEIGHTS_103_load_reg_6108_reg[27]' (FDE) to 'L1_WEIGHTS_103_load_reg_6108_reg[28]'
INFO: [Synth 8-3886] merging instance 'L1_WEIGHTS_17_load_reg_5688_reg[28]' (FDE) to 'L1_WEIGHTS_17_load_reg_5688_reg[29]'
INFO: [Synth 8-3886] merging instance 'L1_WEIGHTS_38_load_reg_5793_reg[28]' (FDE) to 'L1_WEIGHTS_38_load_reg_5793_reg[29]'
INFO: [Synth 8-3886] merging instance 'L1_WEIGHTS_59_load_reg_5898_reg[28]' (FDE) to 'L1_WEIGHTS_59_load_reg_5898_reg[29]'
INFO: [Synth 8-3886] merging instance 'L1_WEIGHTS_80_load_reg_6003_reg[28]' (FDE) to 'L1_WEIGHTS_80_load_reg_6003_reg[29]'
INFO: [Synth 8-3886] merging instance 'L1_WEIGHTS_103_load_reg_6108_reg[28]' (FDE) to 'L1_WEIGHTS_103_load_reg_6108_reg[29]'
INFO: [Synth 8-3886] merging instance 'L1_WEIGHTS_19_load_reg_5698_reg[27]' (FDE) to 'L1_WEIGHTS_19_load_reg_5698_reg[29]'
INFO: [Synth 8-3886] merging instance 'L1_WEIGHTS_40_load_reg_5803_reg[27]' (FDE) to 'L1_WEIGHTS_40_load_reg_5803_reg[28]'
INFO: [Synth 8-3886] merging instance 'L1_WEIGHTS_61_load_reg_5908_reg[27]' (FDE) to 'L1_WEIGHTS_61_load_reg_5908_reg[29]'
INFO: [Synth 8-3886] merging instance 'L1_WEIGHTS_82_load_reg_6013_reg[27]' (FDE) to 'L1_WEIGHTS_82_load_reg_6013_reg[28]'
INFO: [Synth 8-3886] merging instance 'L1_WEIGHTS_load_reg_6118_reg[27]' (FDE) to 'L1_WEIGHTS_load_reg_6118_reg[29]'
INFO: [Synth 8-3886] merging instance 'L1_WEIGHTS_19_load_reg_5698_reg[28]' (FDE) to 'L1_WEIGHTS_19_load_reg_5698_reg[29]'
INFO: [Synth 8-3886] merging instance 'L1_WEIGHTS_40_load_reg_5803_reg[28]' (FDE) to 'L1_WEIGHTS_40_load_reg_5803_reg[29]'
INFO: [Synth 8-3886] merging instance 'L1_WEIGHTS_61_load_reg_5908_reg[28]' (FDE) to 'L1_WEIGHTS_61_load_reg_5908_reg[29]'
INFO: [Synth 8-3886] merging instance 'L1_WEIGHTS_82_load_reg_6013_reg[28]' (FDE) to 'L1_WEIGHTS_82_load_reg_6013_reg[29]'
INFO: [Synth 8-3886] merging instance 'L1_WEIGHTS_load_reg_6118_reg[28]' (FDE) to 'L1_WEIGHTS_load_reg_6118_reg[29]'
INFO: [Common 17-14] Message 'Synth 8-3886' appears 100 times and further instances of the messages will be disabled. Use the Tcl command set_msg_config to change the current settings.
INFO: [Synth 8-3333] propagating constant 1 across sequential element (DNN_up_fadd_32ns_hbi_U13/ce_r_reg)
INFO: [Synth 8-3333] propagating constant 1 across sequential element (DNN_up_fmul_32ns_ibs_U32/ce_r_reg)
INFO: [Synth 8-3333] propagating constant 1 across sequential element (DNN_up_fmul_32ns_ibs_U49/ce_r_reg)
INFO: [Synth 8-3333] propagating constant 1 across sequential element (DNN_up_fmul_32ns_ibs_U51/ce_r_reg)
INFO: [Synth 8-3332] Sequential element (ADDSUB_OP.ADDSUB/DSP.OP/DSP48E1_BODY.NORM_RND/FULL_USAGE_DSP.LOD/dist_norm_reg[1]) is unused and will be removed from module floating_point_v7_1_8_viv__8.
INFO: [Synth 8-3332] Sequential element (ADDSUB_OP.ADDSUB/DSP.OP/DSP48E1_BODY.NORM_RND/FULL_USAGE_DSP.LOD/dist_norm_reg[0]) is unused and will be removed from module floating_point_v7_1_8_viv__8.
