xilinx rtfpga
INFO: [Synth 8-3936] Found unconnected internal register 'ADDSUB_OP.ADDSUB/DSP.OP/DSP48E1_BODY.EXP/EXP_OFF.LRG_EXP_DELAY/i_pipe/opt_has_pipe.first_q_reg' and it is trimmed from '9' to '8' bits. [d:/IIIT-D/Independent_Project/design_impl/LSDNN_3__UP/LSDNN_3__UP.srcs/sources_1/bd/design_LSDNN/ipshared/7468/hdl/xbip_pipe_v3_0_vh_rfs.vhd:368]
INFO: [Synth 8-3936] Found unconnected internal register 'ADDSUB_OP.ADDSUB/DSP.OP/DSP48E1_BODY.EXP/EXP_OFF.LRG_EXP_DELAY/i_pipe/opt_has_pipe.first_q_reg' and it is trimmed from '9' to '8' bits. [d:/IIIT-D/Independent_Project/design_impl/LSDNN_3__UP/LSDNN_3__UP.srcs/sources_1/bd/design_LSDNN/ipshared/7468/hdl/xbip_pipe_v3_0_vh_rfs.vhd:368]
INFO: [Synth 8-3936] Found unconnected internal register 'ADDSUB_OP.ADDSUB/DSP.OP/DSP48E1_BODY.EXP/EXP_OFF.LRG_EXP_DELAY/i_pipe/opt_has_pipe.first_q_reg' and it is trimmed from '9' to '8' bits. [d:/IIIT-D/Independent_Project/design_impl/LSDNN_3__UP/LSDNN_3__UP.srcs/sources_1/bd/design_LSDNN/ipshared/7468/hdl/xbip_pipe_v3_0_vh_rfs.vhd:368]
INFO: [Synth 8-3936] Found unconnected internal register 'ADDSUB_OP.ADDSUB/DSP.OP/DSP48E1_BODY.EXP/EXP_OFF.LRG_EXP_DELAY/i_pipe/opt_has_pipe.first_q_reg' and it is trimmed from '9' to '8' bits. [d:/IIIT-D/Independent_Project/design_impl/LSDNN_3__UP/LSDNN_3__UP.srcs/sources_1/bd/design_LSDNN/ipshared/7468/hdl/xbip_pipe_v3_0_vh_rfs.vhd:368]
INFO: [Synth 8-3936] Found unconnected internal register 'ADDSUB_OP.ADDSUB/DSP.OP/DSP48E1_BODY.EXP/EXP_OFF.LRG_EXP_DELAY/i_pipe/opt_has_pipe.first_q_reg' and it is trimmed from '9' to '8' bits. [d:/IIIT-D/Independent_Project/design_impl/LSDNN_3__UP/LSDNN_3__UP.srcs/sources_1/bd/design_LSDNN/ipshared/7468/hdl/xbip_pipe_v3_0_vh_rfs.vhd:368]
INFO: [Synth 8-3333] propagating constant 1 across sequential element (DNN_up_fmul_32ns_ibs_U36/ce_r_reg)
INFO: [Synth 8-3333] propagating constant 1 across sequential element (DNN_up_fadd_32ns_hbi_U29/ce_r_reg)
INFO: [Synth 8-3333] propagating constant 1 across sequential element (DNN_up_fadd_32ns_hbi_U30/ce_r_reg)
INFO: [Synth 8-3333] propagating constant 0 across sequential element (\DNN_up_fcmp_32ns_jbC_U53/din1_buf1_reg[31] )
INFO: [Synth 8-3333] propagating constant 0 across sequential element (\DNN_up_fcmp_32ns_jbC_U53/din1_buf1_reg[5] )
INFO: [Synth 8-3333] propagating constant 0 across sequential element (\DNN_up_fcmp_32ns_jbC_U53/din1_buf1_reg[0] )
INFO: [Synth 8-3333] propagating constant 0 across sequential element (\DNN_up_fcmp_32ns_jbC_U53/din1_buf1_reg[1] )
INFO: [Synth 8-3333] propagating constant 0 across sequential element (\DNN_up_fcmp_32ns_jbC_U53/din1_buf1_reg[2] )
INFO: [Synth 8-3333] propagating constant 0 across sequential element (\DNN_up_fcmp_32ns_jbC_U53/din1_buf1_reg[3] )
INFO: [Synth 8-3333] propagating constant 0 across sequential element (\DNN_up_fcmp_32ns_jbC_U53/din1_buf1_reg[4] )
INFO: [Synth 8-3333] propagating constant 0 across sequential element (\DNN_up_fcmp_32ns_jbC_U53/din1_buf1_reg[11] )
INFO: [Synth 8-3333] propagating constant 0 across sequential element (\DNN_up_fcmp_32ns_jbC_U53/din1_buf1_reg[6] )
INFO: [Synth 8-3333] propagating constant 0 across sequential element (\DNN_up_fcmp_32ns_jbC_U53/din1_buf1_reg[7] )
INFO: [Synth 8-3333] propagating constant 0 across sequential element (\DNN_up_fcmp_32ns_jbC_U53/din1_buf1_reg[8] )
INFO: [Synth 8-3333] propagating constant 0 across sequential element (\DNN_up_fcmp_32ns_jbC_U53/din1_buf1_reg[9] )
INFO: [Synth 8-3333] propagating constant 0 across sequential element (\DNN_up_fcmp_32ns_jbC_U53/din1_buf1_reg[10] )
INFO: [Synth 8-3333] propagating constant 0 across sequential element (\DNN_up_fcmp_32ns_jbC_U53/din1_buf1_reg[17] )
INFO: [Synth 8-3333] propagating constant 0 across sequential element (\DNN_up_fcmp_32ns_jbC_U53/din1_buf1_reg[12] )
INFO: [Synth 8-3333] propagating constant 0 across sequential element (\DNN_up_fcmp_32ns_jbC_U53/din1_buf1_reg[13] )
INFO: [Synth 8-3333] propagating constant 0 across sequential element (\DNN_up_fcmp_32ns_jbC_U53/din1_buf1_reg[14] )
INFO: [Synth 8-3333] propagating constant 0 across sequential element (\DNN_up_fcmp_32ns_jbC_U53/din1_buf1_reg[15] )
INFO: [Synth 8-3333] propagating constant 0 across sequential element (\DNN_up_fcmp_32ns_jbC_U53/din1_buf1_reg[16] )
INFO: [Synth 8-3333] propagating constant 0 across sequential element (\DNN_up_fcmp_32ns_jbC_U53/din1_buf1_reg[18] )
INFO: [Synth 8-3333] propagating constant 0 across sequential element (\DNN_up_fcmp_32ns_jbC_U53/din1_buf1_reg[19] )
INFO: [Synth 8-3333] propagating constant 0 across sequential element (\DNN_up_fcmp_32ns_jbC_U53/din1_buf1_reg[20] )
INFO: [Synth 8-3333] propagating constant 0 across sequential element (\DNN_up_fcmp_32ns_jbC_U53/din1_buf1_reg[21] )
INFO: [Synth 8-3333] propagating constant 0 across sequential element (\DNN_up_fcmp_32ns_jbC_U53/din1_buf1_reg[22] )
INFO: [Synth 8-3333] propagating constant 0 across sequential element (\DNN_up_fcmp_32ns_jbC_U53/din1_buf1_reg[28] )
INFO: [Synth 8-3333] propagating constant 0 across sequential element (\DNN_up_fcmp_32ns_jbC_U53/din1_buf1_reg[23] )
INFO: [Synth 8-3333] propagating constant 0 across sequential element (\DNN_up_fcmp_32ns_jbC_U53/din1_buf1_reg[24] )
INFO: [Synth 8-3333] propagating constant 0 across sequential element (\DNN_up_fcmp_32ns_jbC_U53/din1_buf1_reg[25] )
INFO: [Synth 8-3333] propagating constant 0 across sequential element (\DNN_up_fcmp_32ns_jbC_U53/din1_buf1_reg[26] )
INFO: [Synth 8-3333] propagating constant 0 across sequential element (\DNN_up_fcmp_32ns_jbC_U53/din1_buf1_reg[27] )
INFO: [Synth 8-3333] propagating constant 0 across sequential element (\DNN_up_fcmp_32ns_jbC_U53/din1_buf1_reg[29] )
INFO: [Synth 8-3333] propagating constant 0 across sequential element (\DNN_up_fcmp_32ns_jbC_U53/din1_buf1_reg[30] )
INFO: [Synth 8-3333] propagating constant 0 across sequential element (\DNN_up_fcmp_32ns_jbC_U53/opcode_buf1_reg[3] )
INFO: [Synth 8-3333] propagating constant 0 across sequential element (\DNN_up_fcmp_32ns_jbC_U53/opcode_buf1_reg[1] )
INFO: [Synth 8-3333] propagating constant 0 across sequential element (\DNN_up_fcmp_32ns_jbC_U53/opcode_buf1_reg[0] )
INFO: [Synth 8-3333] propagating constant 1 across sequential element (\DNN_up_fcmp_32ns_jbC_U53/opcode_buf1_reg[2] )
INFO: [Synth 8-3333] propagating constant 0 across sequential element (\DNN_up_fcmp_32ns_jbC_U53/opcode_buf1_reg[4] )
INFO: [Synth 8-3333] propagating constant 1 across sequential element (\DNN_up_fcmp_32ns_jbC_U53/ce_r_reg )
INFO: [Synth 8-3333] propagating constant 1 across sequential element (DNN_up_fadd_32ns_hbi_U18/ce_r_reg)
INFO: [Synth 8-3333] propagating constant 1 across sequential element (DNN_up_fadd_32ns_hbi_U12/ce_r_reg)
INFO: [Synth 8-3333] propagating constant 1 across sequential element (DNN_up_fadd_32ns_hbi_U15/ce_r_reg)
INFO: [Synth 8-3332] Sequential element (ADDSUB_OP.ADDSUB/DSP.OP/DSP48E1_BODY.NORM_RND/FULL_USAGE_DSP.LOD/dist_norm_reg[1]) is unused and will be removed from module floating_point_v7_1_8_viv__3.
INFO: [Synth 8-3332] Sequential element (ADDSUB_OP.ADDSUB/DSP.OP/DSP48E1_BODY.NORM_RND/FULL_USAGE_DSP.LOD/dist_norm_reg[0]) is unused and will be removed from module floating_point_v7_1_8_viv__3.
INFO: [Synth 8-3332] Sequential element (ADDSUB_OP.ADDSUB/DSP.OP/DSP48E1_BODY.NORM_RND/FULL_USAGE_DSP.LOD/dist_norm_reg[1]) is unused and will be removed from module floating_point_v7_1_8_viv__4.
INFO: [Synth 8-3332] Sequential element (ADDSUB_OP.ADDSUB/DSP.OP/DSP48E1_BODY.NORM_RND/FULL_USAGE_DSP.LOD/dist_norm_reg[0]) is unused and will be removed from module floating_point_v7_1_8_viv__4.
INFO: [Synth 8-3332] Sequential element (ADDSUB_OP.ADDSUB/DSP.OP/DSP48E1_BODY.NORM_RND/FULL_USAGE_DSP.LOD/dist_norm_reg[1]) is unused and will be removed from module floating_point_v7_1_8_viv__5.
INFO: [Synth 8-3332] Sequential element (ADDSUB_OP.ADDSUB/DSP.OP/DSP48E1_BODY.NORM_RND/FULL_USAGE_DSP.LOD/dist_norm_reg[0]) is unused and will be removed from module floating_point_v7_1_8_viv__5.
INFO: [Synth 8-3332] Sequential element (ADDSUB_OP.ADDSUB/DSP.OP/DSP48E1_BODY.NORM_RND/FULL_USAGE_DSP.LOD/dist_norm_reg[1]) is unused and will be removed from module floating_point_v7_1_8_viv__6.
INFO: [Synth 8-3332] Sequential element (ADDSUB_OP.ADDSUB/DSP.OP/DSP48E1_BODY.NORM_RND/FULL_USAGE_DSP.LOD/dist_norm_reg[0]) is unused and will be removed from module floating_point_v7_1_8_viv__6.
INFO: [Synth 8-3332] Sequential element (ADDSUB_OP.ADDSUB/DSP.OP/DSP48E1_BODY.NORM_RND/FULL_USAGE_DSP.LOD/dist_norm_reg[1]) is unused and will be removed from module floating_point_v7_1_8_viv__7.
INFO: [Synth 8-3332] Sequential element (ADDSUB_OP.ADDSUB/DSP.OP/DSP48E1_BODY.NORM_RND/FULL_USAGE_DSP.LOD/dist_norm_reg[0]) is unused and will be removed from module floating_point_v7_1_8_viv__7.
